#
# There is insufficient memory for the Java Runtime Environment to continue.
# Native memory allocation (malloc) failed to allocate 388496 bytes for Chunk::new
# Possible reasons:
#   The system is out of physical RAM or swap space
#   The process is running with CompressedOops enabled, and the Java Heap may be blocking the growth of the native heap
# Possible solutions:
#   Reduce memory load on the system
#   Increase physical memory or swap space
#   Check if swap backing store is full
#   Decrease Java heap size (-Xmx/-Xms)
#   Decrease number of Java threads
#   Decrease Java thread stack sizes (-Xss)
#   Set larger code cache with -XX:ReservedCodeCacheSize=
#   JVM is running with Unscaled Compressed Oops mode in which the Java heap is
#     placed in the first 4GB address space. The Java Heap base address is the
#     maximum limit for the native heap growth. Please use -XX:HeapBaseMinAddress
#     to set the Java Heap base and to place the Java Heap above 4GB virtual address.
# This output file may be truncated or incomplete.
#
#  Out of Memory Error (./open/src/hotspot/share/memory/arena.cpp:197), pid=31620, tid=19332
#
# JRE version: Java(TM) SE Runtime Environment 18.9 (11.0.20+9) (build 11.0.20+9-LTS-256)
# Java VM: Java HotSpot(TM) 64-Bit Server VM 18.9 (11.0.20+9-LTS-256, mixed mode, tiered, compressed oops, g1 gc, windows-amd64)
# No core dump will be written. Minidumps are not enabled by default on client versions of Windows
#

---------------  S U M M A R Y ------------

Command Line: --module-path=C:\Users\willo\.m2\repository\org\openjfx\javafx-base\19.0.2.1\javafx-base-19.0.2.1-win.jar;C:\Users\willo\.m2\repository\org\openjfx\javafx-base\19.0.2.1\javafx-base-19.0.2.1.jar;C:\Users\willo\.m2\repository\org\openjfx\javafx-controls\19.0.2.1\javafx-controls-19.0.2.1-win.jar;C:\Users\willo\.m2\repository\org\openjfx\javafx-controls\19.0.2.1\javafx-controls-19.0.2.1.jar;C:\Users\willo\.m2\repository\org\openjfx\javafx-fxml\19.0.2.1\javafx-fxml-19.0.2.1-win.jar;C:\Users\willo\.m2\repository\org\openjfx\javafx-fxml\19.0.2.1\javafx-fxml-19.0.2.1.jar;C:\Users\willo\.m2\repository\org\openjfx\javafx-graphics\19.0.2.1\javafx-graphics-19.0.2.1-win.jar;C:\Users\willo\.m2\repository\org\openjfx\javafx-graphics\19.0.2.1\javafx-graphics-19.0.2.1.jar --add-modules=javafx.base,javafx.controls,javafx.fxml,javafx.graphics Main

Host: AMD Ryzen 5 5500U with Radeon Graphics         , 12 cores, 5G,  Windows 11 , 64 bit Build 22621 (10.0.22621.3672)
Time: Sun Jun 23 21:41:08 2024 Sri Lanka Standard Time elapsed time: 22.372647 seconds (0d 0h 0m 22s)

---------------  T H R E A D  ---------------

Current thread (0x00000250e6f6f800):  JavaThread "C2 CompilerThread1" daemon [_thread_in_native, id=19332, stack(0x0000005768e00000,0x0000005768f00000)]


Current CompileTask:
C2:  22372 7153       4       javafx.scene.Node::doProcessCSS (55 bytes)

Stack: [0x0000005768e00000,0x0000005768f00000]
Native frames: (J=compiled Java code, j=interpreted, Vv=VM code, C=native code)
V  [jvm.dll+0x6602ba]
V  [jvm.dll+0x7a32af]
V  [jvm.dll+0x7a4979]
V  [jvm.dll+0x7a5013]
V  [jvm.dll+0x258ef5]
V  [jvm.dll+0xb2a0c]
V  [jvm.dll+0xb2fcc]
V  [jvm.dll+0x367691]
V  [jvm.dll+0x330365]
V  [jvm.dll+0x32f74a]
V  [jvm.dll+0x211bfd]
V  [jvm.dll+0x210bc8]
V  [jvm.dll+0x18cdb1]
V  [jvm.dll+0x220e59]
V  [jvm.dll+0x21f17c]
V  [jvm.dll+0x767061]
V  [jvm.dll+0x75f8e4]
V  [jvm.dll+0x65f165]
C  [ucrtbase.dll+0x29333]
C  [KERNEL32.DLL+0x1257d]
C  [ntdll.dll+0x5af28]


---------------  P R O C E S S  ---------------

Threads class SMR info:
_java_thread_list=0x00000250e1f989d0, length=20, elements={
0x00000250b4655000, 0x00000250d166f800, 0x00000250d1692000, 0x00000250d16ac800,
0x00000250d16ae800, 0x00000250d16af800, 0x00000250d16b2800, 0x00000250d16b5000,
0x00000250d16b6800, 0x00000250d1629800, 0x00000250d25ae000, 0x00000250d3719800,
0x00000250d34f2800, 0x00000250d24cf000, 0x00000250d296f000, 0x00000250d39bb000,
0x00000250d3cf9000, 0x00000250d3c0d800, 0x00000250e045a800, 0x00000250e6f6f800
}

Java Threads: ( => current thread )
  0x00000250b4655000 JavaThread "main" [_thread_blocked, id=29208, stack(0x0000005765f00000,0x0000005766000000)]
  0x00000250d166f800 JavaThread "Reference Handler" daemon [_thread_blocked, id=11208, stack(0x0000005766600000,0x0000005766700000)]
  0x00000250d1692000 JavaThread "Finalizer" daemon [_thread_blocked, id=17080, stack(0x0000005766700000,0x0000005766800000)]
  0x00000250d16ac800 JavaThread "Signal Dispatcher" daemon [_thread_blocked, id=2008, stack(0x0000005766800000,0x0000005766900000)]
  0x00000250d16ae800 JavaThread "Attach Listener" daemon [_thread_blocked, id=23724, stack(0x0000005766900000,0x0000005766a00000)]
  0x00000250d16af800 JavaThread "Service Thread" daemon [_thread_blocked, id=22320, stack(0x0000005766a00000,0x0000005766b00000)]
  0x00000250d16b2800 JavaThread "C2 CompilerThread0" daemon [_thread_in_native, id=15780, stack(0x0000005766b00000,0x0000005766c00000)]
  0x00000250d16b5000 JavaThread "C1 CompilerThread0" daemon [_thread_blocked, id=19824, stack(0x0000005766c00000,0x0000005766d00000)]
  0x00000250d16b6800 JavaThread "Sweeper thread" daemon [_thread_blocked, id=7372, stack(0x0000005766d00000,0x0000005766e00000)]
  0x00000250d1629800 JavaThread "Common-Cleaner" daemon [_thread_blocked, id=1436, stack(0x0000005766e00000,0x0000005766f00000)]
  0x00000250d25ae000 JavaThread "QuantumRenderer-0" daemon [_thread_in_native, id=26944, stack(0x0000005767000000,0x0000005767100000)]
  0x00000250d3719800 JavaThread "InvokeLaterDispatcher" daemon [_thread_blocked, id=24224, stack(0x0000005767300000,0x0000005767400000)]
  0x00000250d34f2800 JavaThread "JavaFX Application Thread" [_thread_in_native, id=19832, stack(0x0000005767400000,0x0000005767500000)]
  0x00000250d24cf000 JavaThread "JavaFX-Launcher" [_thread_blocked, id=17384, stack(0x0000005767e00000,0x0000005767f00000)]
  0x00000250d296f000 JavaThread "Thread-2" daemon [_thread_in_native, id=2484, stack(0x0000005767d00000,0x0000005767e00000)]
  0x00000250d39bb000 JavaThread "Prism Font Disposer" daemon [_thread_blocked, id=10172, stack(0x0000005768500000,0x0000005768600000)]
  0x00000250d3cf9000 JavaThread "Cleaner-0" daemon [_thread_blocked, id=28808, stack(0x0000005768900000,0x0000005768a00000)]
  0x00000250d3c0d800 JavaThread "mysql-cj-abandoned-connection-cleanup" daemon [_thread_blocked, id=31852, stack(0x0000005768c00000,0x0000005768d00000)]
  0x00000250e045a800 JavaThread "Hibernate Connection Pool Validation Thread" daemon [_thread_blocked, id=26092, stack(0x0000005768d00000,0x0000005768e00000)]
=>0x00000250e6f6f800 JavaThread "C2 CompilerThread1" daemon [_thread_in_native, id=19332, stack(0x0000005768e00000,0x0000005768f00000)]

Other Threads:
  0x00000250d166e000 VMThread "VM Thread" [stack: 0x0000005766500000,0x0000005766600000] [id=24620]
  0x00000250d239e800 WatcherThread [stack: 0x0000005766f00000,0x0000005767000000] [id=29392]
  0x00000250b466a000 GCTaskThread "GC Thread#0" [stack: 0x0000005766000000,0x0000005766100000] [id=1652]
  0x00000250d2980800 GCTaskThread "GC Thread#1" [stack: 0x0000005767f00000,0x0000005768000000] [id=25572]
  0x00000250d2984000 GCTaskThread "GC Thread#2" [stack: 0x0000005768000000,0x0000005768100000] [id=11600]
  0x00000250d2985000 GCTaskThread "GC Thread#3" [stack: 0x0000005768100000,0x0000005768200000] [id=29240]
  0x00000250d2985800 GCTaskThread "GC Thread#4" [stack: 0x0000005768200000,0x0000005768300000] [id=29068]
  0x00000250d2986000 GCTaskThread "GC Thread#5" [stack: 0x0000005768300000,0x0000005768400000] [id=29036]
  0x00000250b4690800 ConcurrentGCThread "G1 Main Marker" [stack: 0x0000005766100000,0x0000005766200000] [id=28320]
  0x00000250b4692000 ConcurrentGCThread "G1 Conc#0" [stack: 0x0000005766200000,0x0000005766300000] [id=17536]
  0x00000250d2b3c800 ConcurrentGCThread "G1 Conc#1" [stack: 0x0000005768700000,0x0000005768800000] [id=11364]
  0x00000250d3f68800 ConcurrentGCThread "G1 Conc#2" [stack: 0x0000005768800000,0x0000005768900000] [id=17340]
  0x00000250d14e0800 ConcurrentGCThread "G1 Refine#0" [stack: 0x0000005766300000,0x0000005766400000] [id=13920]
  0x00000250d2b3d000 ConcurrentGCThread "G1 Refine#1" [stack: 0x0000005768600000,0x0000005768700000] [id=8872]
  0x00000250d14e1800 ConcurrentGCThread "G1 Young RemSet Sampling" [stack: 0x0000005766400000,0x0000005766500000] [id=32764]

Threads with active compile tasks:
C2 CompilerThread0    22416 7140   !   4       javafx.scene.CssStyleHelper::transitionToState (1033 bytes)
C2 CompilerThread1    22416 7153       4       javafx.scene.Node::doProcessCSS (55 bytes)

VM state:not at safepoint (normal execution)

VM Mutex/Monitor currently owned by a thread: None

Heap address: 0x00000000a2600000, size: 1498 MB, Compressed Oops mode: 32-bit
Narrow klass base: 0x0000000000000000, Narrow klass shift: 3
Compressed class space size: 1073741824 Address: 0x0000000100000000

Heap:
 garbage-first heap   total 96256K, used 61807K [0x00000000a2600000, 0x0000000100000000)
  region size 1024K, 32 young (32768K), 5 survivors (5120K)
 Metaspace       used 73683K, capacity 75955K, committed 76112K, reserved 1114112K
  class space    used 9891K, capacity 10872K, committed 10912K, reserved 1048576K
Heap Regions: E=young(eden), S=young(survivor), O=old, HS=humongous(starts), HC=humongous(continues), CS=collection set, F=free, A=archive, TAMS=top-at-mark-start (previous, next)
|   0|0x00000000a2600000, 0x00000000a2700000, 0x00000000a2700000|100%| O|  |TAMS 0x00000000a2700000, 0x00000000a2600000| Untracked 
|   1|0x00000000a2700000, 0x00000000a2800000, 0x00000000a2800000|100%|HS|  |TAMS 0x00000000a2800000, 0x00000000a2700000| Complete 
|   2|0x00000000a2800000, 0x00000000a2900000, 0x00000000a2900000|100%| O|  |TAMS 0x00000000a2900000, 0x00000000a2800000| Untracked 
|   3|0x00000000a2900000, 0x00000000a2a00000, 0x00000000a2a00000|100%| O|  |TAMS 0x00000000a2a00000, 0x00000000a2900000| Untracked 
|   4|0x00000000a2a00000, 0x00000000a2b00000, 0x00000000a2b00000|100%| O|  |TAMS 0x00000000a2b00000, 0x00000000a2a00000| Untracked 
|   5|0x00000000a2b00000, 0x00000000a2c00000, 0x00000000a2c00000|100%| O|  |TAMS 0x00000000a2c00000, 0x00000000a2b00000| Untracked 
|   6|0x00000000a2c00000, 0x00000000a2d00000, 0x00000000a2d00000|100%| O|  |TAMS 0x00000000a2d00000, 0x00000000a2c00000| Untracked 
|   7|0x00000000a2d00000, 0x00000000a2e00000, 0x00000000a2e00000|100%| O|  |TAMS 0x00000000a2e00000, 0x00000000a2d00000| Untracked 
|   8|0x00000000a2e00000, 0x00000000a2f00000, 0x00000000a2f00000|100%| O|  |TAMS 0x00000000a2f00000, 0x00000000a2e00000| Untracked 
|   9|0x00000000a2f00000, 0x00000000a3000000, 0x00000000a3000000|100%| O|  |TAMS 0x00000000a3000000, 0x00000000a2f00000| Untracked 
|  10|0x00000000a3000000, 0x00000000a3100000, 0x00000000a3100000|100%| O|  |TAMS 0x00000000a3100000, 0x00000000a3000000| Untracked 
|  11|0x00000000a3100000, 0x00000000a3200000, 0x00000000a3200000|100%|HS|  |TAMS 0x00000000a3200000, 0x00000000a3100000| Complete 
|  12|0x00000000a3200000, 0x00000000a3300000, 0x00000000a3300000|100%|HC|  |TAMS 0x00000000a3300000, 0x00000000a3200000| Complete 
|  13|0x00000000a3300000, 0x00000000a3400000, 0x00000000a3400000|100%| O|  |TAMS 0x00000000a3400000, 0x00000000a3300000| Untracked 
|  14|0x00000000a3400000, 0x00000000a3500000, 0x00000000a3500000|100%| O|  |TAMS 0x00000000a3500000, 0x00000000a3400000| Untracked 
|  15|0x00000000a3500000, 0x00000000a3600000, 0x00000000a3600000|100%| O|  |TAMS 0x00000000a3600000, 0x00000000a3500000| Untracked 
|  16|0x00000000a3600000, 0x00000000a3700000, 0x00000000a3700000|100%| O|  |TAMS 0x00000000a3700000, 0x00000000a3600000| Untracked 
|  17|0x00000000a3700000, 0x00000000a3800000, 0x00000000a3800000|100%| O|  |TAMS 0x00000000a3800000, 0x00000000a3700000| Untracked 
|  18|0x00000000a3800000, 0x00000000a3900000, 0x00000000a3900000|100%| O|  |TAMS 0x00000000a3900000, 0x00000000a3800000| Untracked 
|  19|0x00000000a3900000, 0x00000000a3a00000, 0x00000000a3a00000|100%| O|  |TAMS 0x00000000a3a00000, 0x00000000a3900000| Untracked 
|  20|0x00000000a3a00000, 0x00000000a3b00000, 0x00000000a3b00000|100%| O|  |TAMS 0x00000000a3b00000, 0x00000000a3a00000| Untracked 
|  21|0x00000000a3b00000, 0x00000000a3c00000, 0x00000000a3c00000|100%| O|  |TAMS 0x00000000a3c00000, 0x00000000a3b00000| Untracked 
|  22|0x00000000a3c00000, 0x00000000a3d00000, 0x00000000a3d00000|100%| O|  |TAMS 0x00000000a3ca6600, 0x00000000a3c00000| Untracked 
|  23|0x00000000a3d00000, 0x00000000a3e00000, 0x00000000a3e00000|100%| O|  |TAMS 0x00000000a3d00000, 0x00000000a3d00000| Untracked 
|  24|0x00000000a3e00000, 0x00000000a3f00000, 0x00000000a3f00000|100%| O|  |TAMS 0x00000000a3e00000, 0x00000000a3e00000| Untracked 
|  25|0x00000000a3f00000, 0x00000000a4000000, 0x00000000a4000000|100%| O|  |TAMS 0x00000000a3f00000, 0x00000000a3f00000| Untracked 
|  26|0x00000000a4000000, 0x00000000a4100000, 0x00000000a4100000|100%| O|  |TAMS 0x00000000a4000000, 0x00000000a4000000| Untracked 
|  27|0x00000000a4100000, 0x00000000a4200000, 0x00000000a4200000|100%| O|  |TAMS 0x00000000a4100000, 0x00000000a4100000| Untracked 
|  28|0x00000000a4200000, 0x00000000a4300000, 0x00000000a4300000|100%| O|  |TAMS 0x00000000a4200000, 0x00000000a4200000| Untracked 
|  29|0x00000000a4300000, 0x00000000a435bc00, 0x00000000a4400000| 35%| O|  |TAMS 0x00000000a4300000, 0x00000000a4300000| Untracked 
|  30|0x00000000a4400000, 0x00000000a4400000, 0x00000000a4500000|  0%| F|  |TAMS 0x00000000a4400000, 0x00000000a4400000| Untracked 
|  31|0x00000000a4500000, 0x00000000a4500000, 0x00000000a4600000|  0%| F|  |TAMS 0x00000000a4500000, 0x00000000a4500000| Untracked 
|  32|0x00000000a4600000, 0x00000000a4600000, 0x00000000a4700000|  0%| F|  |TAMS 0x00000000a4600000, 0x00000000a4600000| Untracked 
|  33|0x00000000a4700000, 0x00000000a4700000, 0x00000000a4800000|  0%| F|  |TAMS 0x00000000a4700000, 0x00000000a4700000| Untracked 
|  34|0x00000000a4800000, 0x00000000a4800000, 0x00000000a4900000|  0%| F|  |TAMS 0x00000000a4800000, 0x00000000a4800000| Untracked 
|  35|0x00000000a4900000, 0x00000000a4900000, 0x00000000a4a00000|  0%| F|  |TAMS 0x00000000a4900000, 0x00000000a4900000| Untracked 
|  36|0x00000000a4a00000, 0x00000000a4a00000, 0x00000000a4b00000|  0%| F|  |TAMS 0x00000000a4a00000, 0x00000000a4a00000| Untracked 
|  37|0x00000000a4b00000, 0x00000000a4b00000, 0x00000000a4c00000|  0%| F|  |TAMS 0x00000000a4b00000, 0x00000000a4b00000| Untracked 
|  38|0x00000000a4c00000, 0x00000000a4c00000, 0x00000000a4d00000|  0%| F|  |TAMS 0x00000000a4c00000, 0x00000000a4c00000| Untracked 
|  39|0x00000000a4d00000, 0x00000000a4d00000, 0x00000000a4e00000|  0%| F|  |TAMS 0x00000000a4d00000, 0x00000000a4d00000| Untracked 
|  40|0x00000000a4e00000, 0x00000000a4e00000, 0x00000000a4f00000|  0%| F|  |TAMS 0x00000000a4e00000, 0x00000000a4e00000| Untracked 
|  41|0x00000000a4f00000, 0x00000000a4f00000, 0x00000000a5000000|  0%| F|  |TAMS 0x00000000a4f00000, 0x00000000a4f00000| Untracked 
|  42|0x00000000a5000000, 0x00000000a5000000, 0x00000000a5100000|  0%| F|  |TAMS 0x00000000a5000000, 0x00000000a5000000| Untracked 
|  43|0x00000000a5100000, 0x00000000a5100000, 0x00000000a5200000|  0%| F|  |TAMS 0x00000000a5100000, 0x00000000a5100000| Untracked 
|  44|0x00000000a5200000, 0x00000000a5200000, 0x00000000a5300000|  0%| F|  |TAMS 0x00000000a5200000, 0x00000000a5200000| Untracked 
|  45|0x00000000a5300000, 0x00000000a5300000, 0x00000000a5400000|  0%| F|  |TAMS 0x00000000a5300000, 0x00000000a5300000| Untracked 
|  46|0x00000000a5400000, 0x00000000a5400000, 0x00000000a5500000|  0%| F|  |TAMS 0x00000000a5400000, 0x00000000a5400000| Untracked 
|  47|0x00000000a5500000, 0x00000000a5500000, 0x00000000a5600000|  0%| F|  |TAMS 0x00000000a5500000, 0x00000000a5500000| Untracked 
|  48|0x00000000a5600000, 0x00000000a5600000, 0x00000000a5700000|  0%| F|  |TAMS 0x00000000a5600000, 0x00000000a5600000| Untracked 
|  49|0x00000000a5700000, 0x00000000a5800000, 0x00000000a5800000|100%| S|CS|TAMS 0x00000000a5700000, 0x00000000a5700000| Complete 
|  50|0x00000000a5800000, 0x00000000a5900000, 0x00000000a5900000|100%| S|CS|TAMS 0x00000000a5800000, 0x00000000a5800000| Complete 
|  51|0x00000000a5900000, 0x00000000a5a00000, 0x00000000a5a00000|100%| S|CS|TAMS 0x00000000a5900000, 0x00000000a5900000| Complete 
|  52|0x00000000a5a00000, 0x00000000a5a00000, 0x00000000a5b00000|  0%| F|  |TAMS 0x00000000a5a00000, 0x00000000a5a00000| Untracked 
|  53|0x00000000a5b00000, 0x00000000a5c00000, 0x00000000a5c00000|100%| S|CS|TAMS 0x00000000a5b00000, 0x00000000a5b00000| Complete 
|  54|0x00000000a5c00000, 0x00000000a5c00000, 0x00000000a5d00000|  0%| F|  |TAMS 0x00000000a5c00000, 0x00000000a5c00000| Untracked 
|  55|0x00000000a5d00000, 0x00000000a5d00000, 0x00000000a5e00000|  0%| F|  |TAMS 0x00000000a5d00000, 0x00000000a5d00000| Untracked 
|  56|0x00000000a5e00000, 0x00000000a5e00000, 0x00000000a5f00000|  0%| F|  |TAMS 0x00000000a5e00000, 0x00000000a5e00000| Untracked 
|  57|0x00000000a5f00000, 0x00000000a6000000, 0x00000000a6000000|100%| S|CS|TAMS 0x00000000a5f00000, 0x00000000a5f00000| Complete 
|  58|0x00000000a6000000, 0x00000000a6000000, 0x00000000a6100000|  0%| F|  |TAMS 0x00000000a6000000, 0x00000000a6000000| Untracked 
|  59|0x00000000a6100000, 0x00000000a6100000, 0x00000000a6200000|  0%| F|  |TAMS 0x00000000a6100000, 0x00000000a6100000| Untracked 
|  60|0x00000000a6200000, 0x00000000a6200000, 0x00000000a6300000|  0%| F|  |TAMS 0x00000000a6200000, 0x00000000a6200000| Untracked 
|  61|0x00000000a6300000, 0x00000000a6300000, 0x00000000a6400000|  0%| F|  |TAMS 0x00000000a6300000, 0x00000000a6300000| Untracked 
|  62|0x00000000a6400000, 0x00000000a6400000, 0x00000000a6500000|  0%| F|  |TAMS 0x00000000a6400000, 0x00000000a6400000| Untracked 
|  63|0x00000000a6500000, 0x00000000a6500000, 0x00000000a6600000|  0%| F|  |TAMS 0x00000000a6500000, 0x00000000a6500000| Untracked 
|  64|0x00000000a6600000, 0x00000000a6600000, 0x00000000a6700000|  0%| F|  |TAMS 0x00000000a6600000, 0x00000000a6600000| Untracked 
|  65|0x00000000a6700000, 0x00000000a6700000, 0x00000000a6800000|  0%| F|  |TAMS 0x00000000a6700000, 0x00000000a6700000| Untracked 
|  66|0x00000000a6800000, 0x00000000a6800000, 0x00000000a6900000|  0%| F|  |TAMS 0x00000000a6800000, 0x00000000a6800000| Untracked 
|  67|0x00000000a6900000, 0x00000000a6943480, 0x00000000a6a00000| 26%| E|  |TAMS 0x00000000a6900000, 0x00000000a6900000| Complete 
|  68|0x00000000a6a00000, 0x00000000a6b00000, 0x00000000a6b00000|100%| E|CS|TAMS 0x00000000a6a00000, 0x00000000a6a00000| Complete 
|  69|0x00000000a6b00000, 0x00000000a6c00000, 0x00000000a6c00000|100%| E|CS|TAMS 0x00000000a6b00000, 0x00000000a6b00000| Complete 
|  70|0x00000000a6c00000, 0x00000000a6d00000, 0x00000000a6d00000|100%| E|CS|TAMS 0x00000000a6c00000, 0x00000000a6c00000| Complete 
|  71|0x00000000a6d00000, 0x00000000a6e00000, 0x00000000a6e00000|100%| E|CS|TAMS 0x00000000a6d00000, 0x00000000a6d00000| Complete 
|  72|0x00000000a6e00000, 0x00000000a6f00000, 0x00000000a6f00000|100%| E|CS|TAMS 0x00000000a6e00000, 0x00000000a6e00000| Complete 
|  73|0x00000000a6f00000, 0x00000000a7000000, 0x00000000a7000000|100%| E|CS|TAMS 0x00000000a6f00000, 0x00000000a6f00000| Complete 
|  74|0x00000000a7000000, 0x00000000a7100000, 0x00000000a7100000|100%| E|CS|TAMS 0x00000000a7000000, 0x00000000a7000000| Complete 
|  75|0x00000000a7100000, 0x00000000a7200000, 0x00000000a7200000|100%| E|CS|TAMS 0x00000000a7100000, 0x00000000a7100000| Complete 
|  76|0x00000000a7200000, 0x00000000a7300000, 0x00000000a7300000|100%| E|CS|TAMS 0x00000000a7200000, 0x00000000a7200000| Complete 
|  77|0x00000000a7300000, 0x00000000a7400000, 0x00000000a7400000|100%| E|CS|TAMS 0x00000000a7300000, 0x00000000a7300000| Complete 
|  78|0x00000000a7400000, 0x00000000a7500000, 0x00000000a7500000|100%| E|CS|TAMS 0x00000000a7400000, 0x00000000a7400000| Complete 
|  79|0x00000000a7500000, 0x00000000a7600000, 0x00000000a7600000|100%| E|CS|TAMS 0x00000000a7500000, 0x00000000a7500000| Complete 
|  80|0x00000000a7600000, 0x00000000a7700000, 0x00000000a7700000|100%| E|CS|TAMS 0x00000000a7600000, 0x00000000a7600000| Complete 
|  81|0x00000000a7700000, 0x00000000a7800000, 0x00000000a7800000|100%| E|CS|TAMS 0x00000000a7700000, 0x00000000a7700000| Complete 
|  82|0x00000000a7800000, 0x00000000a7900000, 0x00000000a7900000|100%| E|CS|TAMS 0x00000000a7800000, 0x00000000a7800000| Complete 
|  83|0x00000000a7900000, 0x00000000a7a00000, 0x00000000a7a00000|100%| E|CS|TAMS 0x00000000a7900000, 0x00000000a7900000| Complete 
|  84|0x00000000a7a00000, 0x00000000a7b00000, 0x00000000a7b00000|100%| E|CS|TAMS 0x00000000a7a00000, 0x00000000a7a00000| Complete 
|  85|0x00000000a7b00000, 0x00000000a7c00000, 0x00000000a7c00000|100%| E|CS|TAMS 0x00000000a7b00000, 0x00000000a7b00000| Complete 
|  86|0x00000000a7c00000, 0x00000000a7d00000, 0x00000000a7d00000|100%| E|CS|TAMS 0x00000000a7c00000, 0x00000000a7c00000| Complete 
|  87|0x00000000a7d00000, 0x00000000a7e00000, 0x00000000a7e00000|100%| E|CS|TAMS 0x00000000a7d00000, 0x00000000a7d00000| Complete 
|  88|0x00000000a7e00000, 0x00000000a7f00000, 0x00000000a7f00000|100%| E|CS|TAMS 0x00000000a7e00000, 0x00000000a7e00000| Complete 
|  89|0x00000000a7f00000, 0x00000000a8000000, 0x00000000a8000000|100%| E|CS|TAMS 0x00000000a7f00000, 0x00000000a7f00000| Complete 
|  90|0x00000000a8000000, 0x00000000a8100000, 0x00000000a8100000|100%| E|CS|TAMS 0x00000000a8000000, 0x00000000a8000000| Complete 
|  91|0x00000000a8100000, 0x00000000a8200000, 0x00000000a8200000|100%| E|CS|TAMS 0x00000000a8100000, 0x00000000a8100000| Complete 
|  92|0x00000000a8200000, 0x00000000a8300000, 0x00000000a8300000|100%| E|CS|TAMS 0x00000000a8200000, 0x00000000a8200000| Complete 
|  93|0x00000000a8300000, 0x00000000a8400000, 0x00000000a8400000|100%| E|CS|TAMS 0x00000000a8300000, 0x00000000a8300000| Complete 

Card table byte_map: [0x00000250cb570000,0x00000250cb860000] _byte_map_base: 0x00000250cb05d000

Marking Bits (Prev, Next): (CMBitMap*) 0x00000250b4689d28, (CMBitMap*) 0x00000250b4689d60
 Prev Bits: [0x00000250cbb50000, 0x00000250cd2b8000)
 Next Bits: [0x00000250cd2c0000, 0x00000250cea28000)

Polling page: 0x00000250b3e20000

Metaspace:

Usage:
  Non-class:     63.56 MB capacity,    62.30 MB ( 98%) used,  1012.62 KB (  2%) free+waste,   278.12 KB ( <1%) overhead. 
      Class:     10.62 MB capacity,     9.66 MB ( 91%) used,   841.00 KB (  8%) free+waste,   139.31 KB (  1%) overhead. 
       Both:     74.17 MB capacity,    71.96 MB ( 97%) used,     1.81 MB (  2%) free+waste,   417.44 KB ( <1%) overhead. 

Virtual space:
  Non-class space:       64.00 MB reserved,      63.67 MB (>99%) committed 
      Class space:        1.00 GB reserved,      10.66 MB (  1%) committed 
             Both:        1.06 GB reserved,      74.33 MB (  7%) committed 

Chunk freelists:
   Non-Class:  6.62 KB
       Class:  1.00 KB
        Both:  7.62 KB

CodeHeap 'non-profiled nmethods': size=120000Kb used=3503Kb max_used=3503Kb free=116497Kb
 bounds [0x00000250c3800000, 0x00000250c3b70000, 0x00000250cad30000]
CodeHeap 'profiled nmethods': size=120000Kb used=14916Kb max_used=14916Kb free=105083Kb
 bounds [0x00000250bc2d0000, 0x00000250bd170000, 0x00000250c3800000]
CodeHeap 'non-nmethods': size=5760Kb used=1522Kb max_used=1580Kb free=4237Kb
 bounds [0x00000250bbd30000, 0x00000250bbfa0000, 0x00000250bc2d0000]
 total_blobs=8165 nmethods=7134 adapters=940
 compilation: enabled
              stopped_count=0, restarted_count=0
 full_count=0

Compilation events (10 events):
Event: 22.351 Thread 0x00000250e6f6f800 7149       4       javafx.scene.CssStyleHelper::getStyleMap (22 bytes)
Event: 22.351 Thread 0x00000250e6f6f800 nmethod 7149 0x00000250c3b61f90 code [0x00000250c3b62120, 0x00000250c3b621c8]
Event: 22.354 Thread 0x00000250e6f6f800 7152  s    4       javafx.scene.text.Font::getDefault (26 bytes)
Event: 22.355 Thread 0x00000250e6f6f800 nmethod 7152 0x00000250c3b62290 code [0x00000250c3b62420, 0x00000250c3b62658]
Event: 22.357 Thread 0x00000250e6f6f800 7153       4       javafx.scene.Node::doProcessCSS (55 bytes)
Event: 22.363 Thread 0x00000250d16b5000 7155       3       java.util.ArrayList::equalsRange (85 bytes)
Event: 22.363 Thread 0x00000250d16b5000 nmethod 7155 0x00000250bd14dc90 code [0x00000250bd14dec0, 0x00000250bd14e798]
Event: 22.367 Thread 0x00000250d16b5000 7159   !   3       com.sun.javafx.sg.prism.NGNode::accumulateGroupDirtyRegion (652 bytes)
Event: 22.370 Thread 0x00000250d16b5000 nmethod 7159 0x00000250bd14ea10 code [0x00000250bd14ef60, 0x00000250bd1521d8]
Event: 22.370 Thread 0x00000250d16b5000 7160       3       javafx.scene.Node::updateLocalToParentTransform (442 bytes)

GC Heap History (10 events):
Event: 13.619 GC heap before
{Heap before GC invocations=10 (full 0):
 garbage-first heap   total 96256K, used 54068K [0x00000000a2600000, 0x0000000100000000)
  region size 1024K, 34 young (34816K), 3 survivors (3072K)
 Metaspace       used 52456K, capacity 53824K, committed 53936K, reserved 1095680K
  class space    used 6749K, capacity 7325K, committed 7424K, reserved 1048576K
}
Event: 13.623 GC heap after
{Heap after GC invocations=11 (full 0):
 garbage-first heap   total 96256K, used 23273K [0x00000000a2600000, 0x0000000100000000)
  region size 1024K, 3 young (3072K), 3 survivors (3072K)
 Metaspace       used 52456K, capacity 53824K, committed 53936K, reserved 1095680K
  class space    used 6749K, capacity 7325K, committed 7424K, reserved 1048576K
}
Event: 14.202 GC heap before
{Heap before GC invocations=11 (full 0):
 garbage-first heap   total 96256K, used 58089K [0x00000000a2600000, 0x0000000100000000)
  region size 1024K, 37 young (37888K), 3 survivors (3072K)
 Metaspace       used 57509K, capacity 58994K, committed 59056K, reserved 1099776K
  class space    used 7500K, capacity 8132K, committed 8192K, reserved 1048576K
}
Event: 14.206 GC heap after
{Heap after GC invocations=12 (full 0):
 garbage-first heap   total 96256K, used 24276K [0x00000000a2600000, 0x0000000100000000)
  region size 1024K, 3 young (3072K), 3 survivors (3072K)
 Metaspace       used 57509K, capacity 58994K, committed 59056K, reserved 1099776K
  class space    used 7500K, capacity 8132K, committed 8192K, reserved 1048576K
}
Event: 14.838 GC heap before
{Heap before GC invocations=12 (full 0):
 garbage-first heap   total 96256K, used 59092K [0x00000000a2600000, 0x0000000100000000)
  region size 1024K, 38 young (38912K), 3 survivors (3072K)
 Metaspace       used 63619K, capacity 65062K, committed 65200K, reserved 1105920K
  class space    used 8475K, capacity 9104K, committed 9216K, reserved 1048576K
}
Event: 14.842 GC heap after
{Heap after GC invocations=13 (full 0):
 garbage-first heap   total 96256K, used 25168K [0x00000000a2600000, 0x0000000100000000)
  region size 1024K, 3 young (3072K), 3 survivors (3072K)
 Metaspace       used 63619K, capacity 65062K, committed 65200K, reserved 1105920K
  class space    used 8475K, capacity 9104K, committed 9216K, reserved 1048576K
}
Event: 15.520 GC heap before
{Heap before GC invocations=13 (full 0):
 garbage-first heap   total 96256K, used 59984K [0x00000000a2600000, 0x0000000100000000)
  region size 1024K, 38 young (38912K), 3 survivors (3072K)
 Metaspace       used 69353K, capacity 71071K, committed 71120K, reserved 1110016K
  class space    used 9228K, capacity 9988K, committed 10016K, reserved 1048576K
}
Event: 15.526 GC heap after
{Heap after GC invocations=14 (full 0):
 garbage-first heap   total 96256K, used 26357K [0x00000000a2600000, 0x0000000100000000)
  region size 1024K, 4 young (4096K), 4 survivors (4096K)
 Metaspace       used 69353K, capacity 71071K, committed 71120K, reserved 1110016K
  class space    used 9228K, capacity 9988K, committed 10016K, reserved 1048576K
}
Event: 16.185 GC heap before
{Heap before GC invocations=15 (full 0):
 garbage-first heap   total 96256K, used 63221K [0x00000000a2600000, 0x0000000100000000)
  region size 1024K, 40 young (40960K), 4 survivors (4096K)
 Metaspace       used 72420K, capacity 74647K, committed 74704K, reserved 1114112K
  class space    used 9811K, capacity 10784K, committed 10784K, reserved 1048576K
}
Event: 16.198 GC heap after
{Heap after GC invocations=16 (full 0):
 garbage-first heap   total 96256K, used 35183K [0x00000000a2600000, 0x0000000100000000)
  region size 1024K, 5 young (5120K), 5 survivors (5120K)
 Metaspace       used 72420K, capacity 74647K, committed 74704K, reserved 1114112K
  class space    used 9811K, capacity 10784K, committed 10784K, reserved 1048576K
}

Deoptimization events (10 events):
Event: 20.919 Thread 0x00000250d34f2800 Uncommon trap: reason=speculate_null_assert action=make_not_entrant pc=0x00000250c3b14b14 method=javafx.scene.CssStyleHelper.transitionToState(Ljavafx/scene/Node;)V @ 498 c2
Event: 22.337 Thread 0x00000250d34f2800 Uncommon trap: reason=profile_predicate action=maybe_recompile pc=0x00000250c3b53bcc method=javafx.scene.CssStyleHelper.transitionToState(Ljavafx/scene/Node;)V @ 287 c2
Event: 22.338 Thread 0x00000250d34f2800 Uncommon trap: reason=profile_predicate action=maybe_recompile pc=0x00000250c3b53bcc method=javafx.scene.CssStyleHelper.transitionToState(Ljavafx/scene/Node;)V @ 287 c2
Event: 22.363 Thread 0x00000250d34f2800 Uncommon trap: reason=class_check action=maybe_recompile pc=0x00000250c3b46e30 method=javafx.scene.Node$MiscProperties.getClip()Ljavafx/scene/Node; @ 20 c2
Event: 22.363 Thread 0x00000250d34f2800 Uncommon trap: reason=class_check action=maybe_recompile pc=0x00000250c3b5ba7c method=javafx.scene.Node$MiscProperties.getClip()Ljavafx/scene/Node; @ 20 c2
Event: 22.363 Thread 0x00000250d34f2800 Uncommon trap: reason=class_check action=maybe_recompile pc=0x00000250c3a868d4 method=javafx.scene.Node$MiscProperties.getClip()Ljavafx/scene/Node; @ 20 c2
Event: 22.363 Thread 0x00000250d34f2800 Uncommon trap: reason=class_check action=maybe_recompile pc=0x00000250c3a868d4 method=javafx.scene.Node$MiscProperties.getClip()Ljavafx/scene/Node; @ 20 c2
Event: 22.364 Thread 0x00000250d34f2800 Uncommon trap: reason=unstable_if action=reinterpret pc=0x00000250c3b3a590 method=javafx.scene.Node.updateLocalToParentTransform()V @ 125 c2
Event: 22.364 Thread 0x00000250d34f2800 Uncommon trap: reason=class_check action=maybe_recompile pc=0x00000250c3b46e30 method=javafx.scene.Node$MiscProperties.getClip()Ljavafx/scene/Node; @ 20 c2
Event: 22.364 Thread 0x00000250d34f2800 Uncommon trap: reason=class_check action=maybe_recompile pc=0x00000250c3b5ba7c method=javafx.scene.Node$MiscProperties.getClip()Ljavafx/scene/Node; @ 20 c2

Classes redefined (0 events):
No events

Internal exceptions (10 events):
Event: 15.085 Thread 0x00000250d34f2800 Exception <a 'java/lang/NoSuchMethodError'{0x00000000a749e220}: java.lang.invoke.Invokers$Holder.linkToTargetMethod(Ljava/lang/Object;Ljava/lang/Object;Ljava/lang/Object;Ljava/lang/Object;Ljava/lang/Object;Ljava/lang/Object;ILjava/lang/Object;)Ljava/lang/
Event: 15.118 Thread 0x00000250d34f2800 Exception <a 'java/lang/NoSuchMethodError'{0x00000000a724c790}: java.lang.invoke.DirectMethodHandle$Holder.invokeStatic(Ljava/lang/Object;Ljava/lang/Object;ILjava/lang/Object;ILjava/lang/Object;Ljava/lang/Object;)Ljava/lang/Object;> (0x00000000a724c790) t
Event: 15.143 Thread 0x00000250d34f2800 Exception <a 'java/lang/NoSuchMethodError'{0x00000000a711c568}: java.lang.invoke.DirectMethodHandle$Holder.invokeInterface(Ljava/lang/Object;Ljava/lang/Object;)V> (0x00000000a711c568) thrown at [./open/src/hotspot/share/interpreter/linkResolver.cpp, line 
Event: 15.170 Thread 0x00000250d34f2800 Exception <a 'java/lang/NoSuchMethodError'{0x00000000a708c4f0}: java.lang.invoke.DirectMethodHandle$Holder.invokeStaticInit(Ljava/lang/Object;Ljava/lang/Object;Ljava/lang/Object;)Ljava/lang/Object;> (0x00000000a708c4f0) thrown at [./open/src/hotspot/share
Event: 15.335 Thread 0x00000250d34f2800 Exception <a 'java/lang/NoSuchMethodError'{0x00000000a6989f88}: java.lang.invoke.DelegatingMethodHandle$Holder.reinvoke_L(Ljava/lang/Object;ILjava/lang/Object;I)Ljava/lang/Object;> (0x00000000a6989f88) thrown at [./open/src/hotspot/share/interpreter/linkR
Event: 15.561 Thread 0x00000250d34f2800 Exception <a 'java/lang/NoSuchMethodError'{0x00000000a8226e80}: java.lang.invoke.DirectMethodHandle$Holder.invokeInterface(Ljava/lang/Object;Ljava/lang/Object;Ljava/lang/Object;Ljava/lang/Object;)Ljava/lang/Object;> (0x00000000a8226e80) thrown at [./open/
Event: 15.568 Thread 0x00000250d34f2800 Exception <a 'java/lang/NoSuchMethodError'{0x00000000a8282958}: java.lang.invoke.DirectMethodHandle$Holder.invokeInterface(Ljava/lang/Object;Ljava/lang/Object;I)Ljava/lang/Object;> (0x00000000a8282958) thrown at [./open/src/hotspot/share/interpreter/linkR
Event: 15.631 Thread 0x00000250d34f2800 Exception <a 'java/io/FileNotFoundException'{0x00000000a7fbe568}> (0x00000000a7fbe568) thrown at [./open/src/hotspot/share/prims/jni.cpp, line 611]
Event: 15.941 Thread 0x00000250d34f2800 Exception <a 'java/lang/NoSuchMethodError'{0x00000000a71884e0}: java.lang.invoke.DirectMethodHandle$Holder.invokeSpecialIFC(Ljava/lang/Object;Ljava/lang/Object;Ljava/lang/Object;Ljava/lang/Object;)V> (0x00000000a71884e0) thrown at [./open/src/hotspot/shar
Event: 16.330 Thread 0x00000250d34f2800 Exception <a 'java/lang/NoSuchMethodError'{0x00000000a7981ca0}: java.lang.invoke.Invokers$Holder.linkToTargetMethod(Ljava/lang/Object;IILjava/lang/Object;)Ljava/lang/Object;> (0x00000000a7981ca0) thrown at [./open/src/hotspot/share/interpreter/linkResolve

Events (10 events):
Event: 22.364 Thread 0x00000250d34f2800 DEOPT PACKING pc=0x00000250c3b46e30 sp=0x00000057674fcc10
Event: 22.364 Thread 0x00000250d34f2800 DEOPT UNPACKING pc=0x00000250bbd565af sp=0x00000057674fcb70 mode 2
Event: 22.364 Thread 0x00000250d34f2800 Uncommon trap: trap_request=0xffffffde fr.pc=0x00000250c3b5ba7c relative=0x0000000000000abc
Event: 22.364 Thread 0x00000250d34f2800 DEOPT PACKING pc=0x00000250c3b5ba7c sp=0x00000057674fc9f0
Event: 22.364 Thread 0x00000250d34f2800 DEOPT UNPACKING pc=0x00000250bbd565af sp=0x00000057674fc8d8 mode 2
Event: 22.366 Executing VM operation: RevokeBias
Event: 22.366 Executing VM operation: RevokeBias done
Event: 22.366 Executing VM operation: RevokeBias
Event: 22.366 Executing VM operation: RevokeBias done
Event: 22.370 Executing VM operation: Deoptimize


Dynamic libraries:
0x00007ff62de60000 - 0x00007ff62de70000 	C:\Program Files\Java\jdk-11\bin\java.exe
0x00007ffb14dd0000 - 0x00007ffb14fe7000 	C:\WINDOWS\SYSTEM32\ntdll.dll
0x00007ffb135a0000 - 0x00007ffb13664000 	C:\WINDOWS\System32\KERNEL32.DLL
0x00007ffb12130000 - 0x00007ffb124dc000 	C:\WINDOWS\System32\KERNELBASE.dll
0x00007ffb12970000 - 0x00007ffb12a81000 	C:\WINDOWS\System32\ucrtbase.dll
0x00007ffb0e660000 - 0x00007ffb0e67b000 	C:\Program Files\Java\jdk-11\bin\VCRUNTIME140.dll
0x00007ffb0c8c0000 - 0x00007ffb0c8d9000 	C:\Program Files\Java\jdk-11\bin\jli.dll
0x00007ffb133a0000 - 0x00007ffb13452000 	C:\WINDOWS\System32\ADVAPI32.dll
0x00007ffb13470000 - 0x00007ffb13517000 	C:\WINDOWS\System32\msvcrt.dll
0x00007ffb13950000 - 0x00007ffb139fa000 	C:\WINDOWS\System32\sechost.dll
0x00007ffb12100000 - 0x00007ffb12128000 	C:\WINDOWS\System32\bcrypt.dll
0x00007ffb13670000 - 0x00007ffb13785000 	C:\WINDOWS\System32\RPCRT4.dll
0x00007ffb13a60000 - 0x00007ffb13c0e000 	C:\WINDOWS\System32\USER32.dll
0x00007ffb00530000 - 0x00007ffb007c3000 	C:\WINDOWS\WinSxS\amd64_microsoft.windows.common-controls_6595b64144ccf1df_6.0.22621.3672_none_2713b9d173822955\COMCTL32.dll
0x00007ffb125a0000 - 0x00007ffb125c6000 	C:\WINDOWS\System32\win32u.dll
0x00007ffb13190000 - 0x00007ffb131b9000 	C:\WINDOWS\System32\GDI32.dll
0x00007ffb127e0000 - 0x00007ffb128f9000 	C:\WINDOWS\System32\gdi32full.dll
0x00007ffb125d0000 - 0x00007ffb1266a000 	C:\WINDOWS\System32\msvcp_win.dll
0x00007ffb098d0000 - 0x00007ffb098da000 	C:\WINDOWS\SYSTEM32\VERSION.dll
0x00007ffb13260000 - 0x00007ffb13291000 	C:\WINDOWS\System32\IMM32.DLL
0x00007ffb0e650000 - 0x00007ffb0e65c000 	C:\Program Files\Java\jdk-11\bin\vcruntime140_1.dll
0x00007ffb05bd0000 - 0x00007ffb05c5e000 	C:\Program Files\Java\jdk-11\bin\msvcp140.dll
0x00007ffad1460000 - 0x00007ffad1fcd000 	C:\Program Files\Java\jdk-11\bin\server\jvm.dll
0x00007ffb14b50000 - 0x00007ffb14b58000 	C:\WINDOWS\System32\PSAPI.DLL
0x00007ffb0d710000 - 0x00007ffb0d744000 	C:\WINDOWS\SYSTEM32\WINMM.dll
0x00007ffb01550000 - 0x00007ffb01559000 	C:\WINDOWS\SYSTEM32\WSOCK32.dll
0x00007ffb13520000 - 0x00007ffb13591000 	C:\WINDOWS\System32\WS2_32.dll
0x00007ffb11100000 - 0x00007ffb11118000 	C:\WINDOWS\SYSTEM32\kernel.appcore.dll
0x00007ffb0d750000 - 0x00007ffb0d760000 	C:\Program Files\Java\jdk-11\bin\verify.dll
0x00007ffb0f8d0000 - 0x00007ffb0fb02000 	C:\WINDOWS\SYSTEM32\DBGHELP.DLL
0x00007ffb12b10000 - 0x00007ffb12e98000 	C:\WINDOWS\System32\combase.dll
0x00007ffb14b60000 - 0x00007ffb14c37000 	C:\WINDOWS\System32\OLEAUT32.dll
0x00007ffb007d0000 - 0x00007ffb00802000 	C:\WINDOWS\SYSTEM32\dbgcore.DLL
0x00007ffb12a90000 - 0x00007ffb12b0b000 	C:\WINDOWS\System32\bcryptPrimitives.dll
0x00007ffb0bdc0000 - 0x00007ffb0bde8000 	C:\Program Files\Java\jdk-11\bin\java.dll
0x00007ffb0c8b0000 - 0x00007ffb0c8ba000 	C:\Program Files\Java\jdk-11\bin\jimage.dll
0x00007ffb06c70000 - 0x00007ffb06c87000 	C:\Program Files\Java\jdk-11\bin\zip.dll
0x00007ffb13c10000 - 0x00007ffb1446c000 	C:\WINDOWS\System32\SHELL32.dll
0x00007ffb10000000 - 0x00007ffb108f7000 	C:\WINDOWS\SYSTEM32\windows.storage.dll
0x00007ffb0fec0000 - 0x00007ffb0ffff000 	C:\WINDOWS\SYSTEM32\wintypes.dll
0x00007ffb132a0000 - 0x00007ffb13394000 	C:\WINDOWS\System32\SHCORE.dll
0x00007ffb13a00000 - 0x00007ffb13a5e000 	C:\WINDOWS\System32\shlwapi.dll
0x00007ffb12030000 - 0x00007ffb12051000 	C:\WINDOWS\SYSTEM32\profapi.dll
0x00007ffb06420000 - 0x00007ffb06439000 	C:\Program Files\Java\jdk-11\bin\net.dll
0x00007ffb0e320000 - 0x00007ffb0e456000 	C:\WINDOWS\SYSTEM32\WINHTTP.dll
0x00007ffb11580000 - 0x00007ffb115e9000 	C:\WINDOWS\system32\mswsock.dll
0x00007ffafaee0000 - 0x00007ffafaef2000 	C:\Program Files\Java\jdk-11\bin\nio.dll
0x00000250b4600000 - 0x00000250b4603000 	C:\Users\willo\.openjfx\cache\19.0.2.1+1\amd64\api-ms-win-core-console-l1-1-0.dll
0x00000250b4610000 - 0x00000250b4613000 	C:\Users\willo\.openjfx\cache\19.0.2.1+1\amd64\api-ms-win-core-console-l1-2-0.dll
0x00000250d2bd0000 - 0x00000250d2bd3000 	C:\Users\willo\.openjfx\cache\19.0.2.1+1\amd64\api-ms-win-core-datetime-l1-1-0.dll
0x00000250d2be0000 - 0x00000250d2be3000 	C:\Users\willo\.openjfx\cache\19.0.2.1+1\amd64\api-ms-win-core-debug-l1-1-0.dll
0x00000250d2bf0000 - 0x00000250d2bf3000 	C:\Users\willo\.openjfx\cache\19.0.2.1+1\amd64\api-ms-win-core-errorhandling-l1-1-0.dll
0x00000250d2c00000 - 0x00000250d2c04000 	C:\Users\willo\.openjfx\cache\19.0.2.1+1\amd64\api-ms-win-core-file-l1-1-0.dll
0x00000250d2c10000 - 0x00000250d2c13000 	C:\Users\willo\.openjfx\cache\19.0.2.1+1\amd64\api-ms-win-core-file-l1-2-0.dll
0x00000250d2c20000 - 0x00000250d2c23000 	C:\Users\willo\.openjfx\cache\19.0.2.1+1\amd64\api-ms-win-core-file-l2-1-0.dll
0x00000250d2c30000 - 0x00000250d2c33000 	C:\Users\willo\.openjfx\cache\19.0.2.1+1\amd64\api-ms-win-core-handle-l1-1-0.dll
0x00000250d2c40000 - 0x00000250d2c43000 	C:\Users\willo\.openjfx\cache\19.0.2.1+1\amd64\api-ms-win-core-heap-l1-1-0.dll
0x00000250d2c50000 - 0x00000250d2c53000 	C:\Users\willo\.openjfx\cache\19.0.2.1+1\amd64\api-ms-win-core-interlocked-l1-1-0.dll
0x00000250d2c60000 - 0x00000250d2c63000 	C:\Users\willo\.openjfx\cache\19.0.2.1+1\amd64\api-ms-win-core-libraryloader-l1-1-0.dll
0x00000250d2c70000 - 0x00000250d2c73000 	C:\Users\willo\.openjfx\cache\19.0.2.1+1\amd64\api-ms-win-core-localization-l1-2-0.dll
0x00000250d2c80000 - 0x00000250d2c83000 	C:\Users\willo\.openjfx\cache\19.0.2.1+1\amd64\api-ms-win-core-memory-l1-1-0.dll
0x00000250d2c90000 - 0x00000250d2c93000 	C:\Users\willo\.openjfx\cache\19.0.2.1+1\amd64\api-ms-win-core-namedpipe-l1-1-0.dll
0x00000250d2ca0000 - 0x00000250d2ca3000 	C:\Users\willo\.openjfx\cache\19.0.2.1+1\amd64\api-ms-win-core-processenvironment-l1-1-0.dll
0x00000250d2cb0000 - 0x00000250d2cb3000 	C:\Users\willo\.openjfx\cache\19.0.2.1+1\amd64\api-ms-win-core-processthreads-l1-1-0.dll
0x00000250d2cc0000 - 0x00000250d2cc3000 	C:\Users\willo\.openjfx\cache\19.0.2.1+1\amd64\api-ms-win-core-processthreads-l1-1-1.dll
0x00000250d2cd0000 - 0x00000250d2cd3000 	C:\Users\willo\.openjfx\cache\19.0.2.1+1\amd64\api-ms-win-core-profile-l1-1-0.dll
0x00000250d2ce0000 - 0x00000250d2ce3000 	C:\Users\willo\.openjfx\cache\19.0.2.1+1\amd64\api-ms-win-core-rtlsupport-l1-1-0.dll
0x00000250d2cf0000 - 0x00000250d2cf3000 	C:\Users\willo\.openjfx\cache\19.0.2.1+1\amd64\api-ms-win-core-string-l1-1-0.dll
0x00000250d2d00000 - 0x00000250d2d03000 	C:\Users\willo\.openjfx\cache\19.0.2.1+1\amd64\api-ms-win-core-synch-l1-1-0.dll
0x00000250d2d10000 - 0x00000250d2d13000 	C:\Users\willo\.openjfx\cache\19.0.2.1+1\amd64\api-ms-win-core-synch-l1-2-0.dll
0x00000250d2d20000 - 0x00000250d2d23000 	C:\Users\willo\.openjfx\cache\19.0.2.1+1\amd64\api-ms-win-core-sysinfo-l1-1-0.dll
0x00000250d2d30000 - 0x00000250d2d33000 	C:\Users\willo\.openjfx\cache\19.0.2.1+1\amd64\api-ms-win-core-timezone-l1-1-0.dll
0x00000250d2d40000 - 0x00000250d2d43000 	C:\Users\willo\.openjfx\cache\19.0.2.1+1\amd64\api-ms-win-core-util-l1-1-0.dll
0x00000250d2d50000 - 0x00000250d2d53000 	C:\Users\willo\.openjfx\cache\19.0.2.1+1\amd64\api-ms-win-crt-conio-l1-1-0.dll
0x00000250d2d60000 - 0x00000250d2d64000 	C:\Users\willo\.openjfx\cache\19.0.2.1+1\amd64\api-ms-win-crt-convert-l1-1-0.dll
0x00000250d2d70000 - 0x00000250d2d73000 	C:\Users\willo\.openjfx\cache\19.0.2.1+1\amd64\api-ms-win-crt-environment-l1-1-0.dll
0x00000250d2d80000 - 0x00000250d2d83000 	C:\Users\willo\.openjfx\cache\19.0.2.1+1\amd64\api-ms-win-crt-filesystem-l1-1-0.dll
0x00000250d2d90000 - 0x00000250d2d93000 	C:\Users\willo\.openjfx\cache\19.0.2.1+1\amd64\api-ms-win-crt-heap-l1-1-0.dll
0x00000250d2da0000 - 0x00000250d2da3000 	C:\Users\willo\.openjfx\cache\19.0.2.1+1\amd64\api-ms-win-crt-locale-l1-1-0.dll
0x00000250d2db0000 - 0x00000250d2db5000 	C:\Users\willo\.openjfx\cache\19.0.2.1+1\amd64\api-ms-win-crt-math-l1-1-0.dll
0x00000250d2dc0000 - 0x00000250d2dc5000 	C:\Users\willo\.openjfx\cache\19.0.2.1+1\amd64\api-ms-win-crt-multibyte-l1-1-0.dll
0x00000250d2dd0000 - 0x00000250d2de0000 	C:\Users\willo\.openjfx\cache\19.0.2.1+1\amd64\api-ms-win-crt-private-l1-1-0.dll
0x00000250d2de0000 - 0x00000250d2de3000 	C:\Users\willo\.openjfx\cache\19.0.2.1+1\amd64\api-ms-win-crt-process-l1-1-0.dll
0x00000250d2df0000 - 0x00000250d2df4000 	C:\Users\willo\.openjfx\cache\19.0.2.1+1\amd64\api-ms-win-crt-runtime-l1-1-0.dll
0x00000250d2e00000 - 0x00000250d2e04000 	C:\Users\willo\.openjfx\cache\19.0.2.1+1\amd64\api-ms-win-crt-stdio-l1-1-0.dll
0x00000250d2e10000 - 0x00000250d2e14000 	C:\Users\willo\.openjfx\cache\19.0.2.1+1\amd64\api-ms-win-crt-string-l1-1-0.dll
0x00000250d2e20000 - 0x00000250d2e23000 	C:\Users\willo\.openjfx\cache\19.0.2.1+1\amd64\api-ms-win-crt-time-l1-1-0.dll
0x00000250d2e30000 - 0x00000250d2e33000 	C:\Users\willo\.openjfx\cache\19.0.2.1+1\amd64\api-ms-win-crt-utility-l1-1-0.dll
0x00007ffad78b0000 - 0x00007ffad79ac000 	C:\Users\willo\.openjfx\cache\19.0.2.1+1\amd64\ucrtbase.dll
0x00007ffafaea0000 - 0x00007ffafaebb000 	C:\Users\willo\.openjfx\cache\19.0.2.1+1\amd64\vcruntime140.dll
0x00007ffb0bdb0000 - 0x00007ffb0bdbc000 	C:\Users\willo\.openjfx\cache\19.0.2.1+1\amd64\vcruntime140_1.dll
0x00007ffaf3430000 - 0x00007ffaf34be000 	C:\Users\willo\.openjfx\cache\19.0.2.1+1\amd64\msvcp140.dll
0x00007ffb0bc90000 - 0x00007ffb0bc99000 	C:\Users\willo\.openjfx\cache\19.0.2.1+1\amd64\msvcp140_1.dll
0x00007ffaf3400000 - 0x00007ffaf3430000 	C:\Users\willo\.openjfx\cache\19.0.2.1+1\amd64\msvcp140_2.dll
0x00007ffaf33d0000 - 0x00007ffaf33fc000 	C:\Users\willo\.openjfx\cache\19.0.2.1+1\amd64\prism_d3d.dll
0x00007ffac9290000 - 0x00007ffac9438000 	C:\WINDOWS\system32\d3d9.dll
0x00007ffb0f320000 - 0x00007ffb0f34b000 	C:\WINDOWS\SYSTEM32\dwmapi.dll
0x00007ffb0f1d0000 - 0x00007ffb0f209000 	C:\WINDOWS\SYSTEM32\dxcore.dll
0x00007ffb0f0d0000 - 0x00007ffb0f17a000 	C:\WINDOWS\system32\uxtheme.dll
0x00007ffb08870000 - 0x00007ffb08a2b000 	C:\WINDOWS\System32\DriverStore\FileRepository\u0390835.inf_amd64_66888840aa4163cc\B390488\aticfx64.dll
0x00007ffaef3d0000 - 0x00007ffaef404000 	C:\WINDOWS\System32\DriverStore\FileRepository\u0390835.inf_amd64_66888840aa4163cc\B390488\atiu9p64.dll
0x00007ffaa05f0000 - 0x00007ffaa1345000 	C:\WINDOWS\System32\DriverStore\FileRepository\u0390835.inf_amd64_66888840aa4163cc\B390488\atiumd64.dll
0x00007ffb12fe0000 - 0x00007ffb13185000 	C:\WINDOWS\System32\ole32.dll
0x000000006ef80000 - 0x000000006fea8000 	C:\WINDOWS\System32\DriverStore\FileRepository\u0390835.inf_amd64_66888840aa4163cc\B390488\atiumd6a.dll
0x00007ffb14470000 - 0x00007ffb148e4000 	C:\WINDOWS\System32\SETUPAPI.dll
0x00007ffb11d60000 - 0x00007ffb11dad000 	C:\WINDOWS\SYSTEM32\POWRPROF.dll
0x00007ffb11b60000 - 0x00007ffb11b73000 	C:\WINDOWS\SYSTEM32\UMPDC.dll
0x00007ffb0ab50000 - 0x00007ffb0ab85000 	C:\WINDOWS\SYSTEM32\amdihk64.dll
0x00007ffb09aa0000 - 0x00007ffb09ae9000 	C:\WINDOWS\SYSTEM32\directxdatabasehelper.dll
0x00007ffae8060000 - 0x00007ffae80a2000 	C:\Users\willo\.openjfx\cache\19.0.2.1+1\amd64\glass.dll
0x00007ffb14c40000 - 0x00007ffb14d36000 	C:\WINDOWS\System32\COMDLG32.dll
0x00007ffb137f0000 - 0x00007ffb13943000 	C:\WINDOWS\System32\MSCTF.dll
0x00007ffaf3150000 - 0x00007ffaf3164000 	C:\Users\willo\.openjfx\cache\19.0.2.1+1\amd64\javafx_font.dll
0x00007ffb0b2e0000 - 0x00007ffb0b553000 	C:\WINDOWS\SYSTEM32\dwrite.dll
0x00007ffb12f10000 - 0x00007ffb12fc0000 	C:\WINDOWS\System32\clbcatq.dll
0x00007ffb0eed0000 - 0x00007ffb0f080000 	C:\WINDOWS\SYSTEM32\WindowsCodecs.dll
0x00007ffaf5400000 - 0x00007ffaf545e000 	C:\WINDOWS\system32\dataexchange.dll
0x00007ffb07670000 - 0x00007ffb078fa000 	C:\WINDOWS\system32\twinapi.appcore.dll
0x00007fface740000 - 0x00007fface772000 	C:\Program Files\Common Files\Microsoft Shared\Ink\rtscom.dll
0x00007ffafb430000 - 0x00007ffafb57d000 	C:\WINDOWS\SYSTEM32\textinputframework.dll
0x00007ffb0c6a0000 - 0x00007ffb0c7d3000 	C:\WINDOWS\SYSTEM32\CoreMessaging.dll
0x00007ffb09190000 - 0x00007ffb094fd000 	C:\WINDOWS\SYSTEM32\CoreUIComponents.dll
0x00007ffb11820000 - 0x00007ffb1182c000 	C:\WINDOWS\SYSTEM32\CRYPTBASE.DLL
0x00007ffb10bd0000 - 0x00007ffb10cc8000 	C:\WINDOWS\SYSTEM32\DNSAPI.dll
0x00007ffb10b60000 - 0x00007ffb10b8d000 	C:\WINDOWS\SYSTEM32\IPHLPAPI.DLL
0x00007ffb12ea0000 - 0x00007ffb12ea9000 	C:\WINDOWS\System32\NSI.dll
0x00007ffb03090000 - 0x00007ffb0309a000 	C:\Windows\System32\rasadhlp.dll
0x00007ffb0d940000 - 0x00007ffb0d9c3000 	C:\WINDOWS\System32\fwpuclnt.dll

dbghelp: loaded successfully - version: 4.0.5 - missing functions: none
symbol engine: initialized successfully - sym options: 0x614 - pdb path: .;C:\Program Files\Java\jdk-11\bin;C:\WINDOWS\SYSTEM32;C:\WINDOWS\WinSxS\amd64_microsoft.windows.common-controls_6595b64144ccf1df_6.0.22621.3672_none_2713b9d173822955;C:\Program Files\Java\jdk-11\bin\server;C:\Users\willo\.openjfx\cache\19.0.2.1+1\amd64;C:\WINDOWS\System32\DriverStore\FileRepository\u0390835.inf_amd64_66888840aa4163cc\B390488;C:\Program Files\Common Files\Microsoft Shared\Ink

VM Arguments:
jvm_args: --module-path=C:\Users\willo\.m2\repository\org\openjfx\javafx-base\19.0.2.1\javafx-base-19.0.2.1-win.jar;C:\Users\willo\.m2\repository\org\openjfx\javafx-base\19.0.2.1\javafx-base-19.0.2.1.jar;C:\Users\willo\.m2\repository\org\openjfx\javafx-controls\19.0.2.1\javafx-controls-19.0.2.1-win.jar;C:\Users\willo\.m2\repository\org\openjfx\javafx-controls\19.0.2.1\javafx-controls-19.0.2.1.jar;C:\Users\willo\.m2\repository\org\openjfx\javafx-fxml\19.0.2.1\javafx-fxml-19.0.2.1-win.jar;C:\Users\willo\.m2\repository\org\openjfx\javafx-fxml\19.0.2.1\javafx-fxml-19.0.2.1.jar;C:\Users\willo\.m2\repository\org\openjfx\javafx-graphics\19.0.2.1\javafx-graphics-19.0.2.1-win.jar;C:\Users\willo\.m2\repository\org\openjfx\javafx-graphics\19.0.2.1\javafx-graphics-19.0.2.1.jar --add-modules=javafx.base,javafx.controls,javafx.fxml,javafx.graphics 
java_command: Main
java_class_path (initial): D:\Edu\iCD\Standalone App Development\Final_Coursework\clothify_store_pos\target\classes;C:\Users\willo\.m2\repository\com\fasterxml\classmate\1.5.1\classmate-1.5.1.jar;C:\Users\willo\.m2\repository\com\fasterxml\jackson\core\jackson-annotations\2.15.3\jackson-annotations-2.15.3.jar;C:\Users\willo\.m2\repository\com\fasterxml\jackson\core\jackson-core\2.15.3\jackson-core-2.15.3.jar;C:\Users\willo\.m2\repository\com\fasterxml\jackson\core\jackson-databind\2.15.3\jackson-databind-2.15.3.jar;C:\Users\willo\.m2\repository\com\fasterxml\jackson\dataformat\jackson-dataformat-xml\2.15.3\jackson-dataformat-xml-2.15.3.jar;C:\Users\willo\.m2\repository\com\fasterxml\woodstox\woodstox-core\6.5.1\woodstox-core-6.5.1.jar;C:\Users\willo\.m2\repository\com\github\librepdf\openpdf\1.3.30.jaspersoft.3\openpdf-1.3.30.jaspersoft.3.jar;C:\Users\willo\.m2\repository\com\google\protobuf\protobuf-java\3.25.1\protobuf-java-3.25.1.jar;C:\Users\willo\.m2\repository\com\jfoenix\jfoenix\9.0.1\jfoenix-9.0.1.jar;C:\Users\willo\.m2\repository\com\mysql\mysql-connector-j\8.4.0\mysql-connector-j-8.4.0.jar;C:\Users\willo\.m2\repository\com\sun\istack\istack-commons-runtime\4.1.1\istack-commons-runtime-4.1.1.jar;C:\Users\willo\.m2\repository\commons-beanutils\commons-beanutils\1.9.4\commons-beanutils-1.9.4.jar;C:\Users\willo\.m2\repository\commons-collections\commons-collections\3.2.2\commons-collections-3.2.2.jar;C:\Users\willo\.m2\repository\commons-digester\commons-digester\2.1\commons-digester-2.1.jar;C:\Users\willo\.m2\repository\commons-logging\commons-logging\1.3.2\commons-logging-1.3.2.jar;C:\Users\willo\.m2\repository\commons-validator\commons-validator\1.9.0\commons-validator-1.9.0.jar;C:\Users\willo\.m2\repository\io\smallrye\jandex\3.1.2\jandex-3.1.2.jar;C:\Users\willo\.m2\repository\jakarta\activation\jakarta.activation-api\2.1.0\jakarta.activation-api-2.1.0.jar;C:\Users\willo\.m2\repository\jakarta\inject\jakarta.inject-api\2.0.1\jakarta.inject-api-2.0.1.jar
Launcher Type: SUN_STANDARD

[Global flags]
     intx CICompilerCount                          = 4                                         {product} {ergonomic}
     uint ConcGCThreads                            = 3                                         {product} {ergonomic}
     uint G1ConcRefinementThreads                  = 10                                        {product} {ergonomic}
   size_t G1HeapRegionSize                         = 1048576                                   {product} {ergonomic}
    uintx GCDrainStackTargetSize                   = 64                                        {product} {ergonomic}
   size_t InitialHeapSize                          = 98566144                                  {product} {ergonomic}
   size_t MarkStackSize                            = 4194304                                   {product} {ergonomic}
   size_t MaxHeapSize                              = 1570766848                                {product} {ergonomic}
   size_t MaxNewSize                               = 941621248                                 {product} {ergonomic}
   size_t MinHeapDeltaBytes                        = 1048576                                   {product} {ergonomic}
    uintx NonNMethodCodeHeapSize                   = 5836300                                {pd product} {ergonomic}
    uintx NonProfiledCodeHeapSize                  = 122910970                              {pd product} {ergonomic}
    uintx ProfiledCodeHeapSize                     = 122910970                              {pd product} {ergonomic}
    uintx ReservedCodeCacheSize                    = 251658240                              {pd product} {ergonomic}
     bool SegmentedCodeCache                       = true                                      {product} {ergonomic}
     bool UseCompressedClassPointers               = true                                 {lp64_product} {ergonomic}
     bool UseCompressedOops                        = true                                 {lp64_product} {ergonomic}
     bool UseG1GC                                  = true                                      {product} {ergonomic}
     bool UseLargePagesIndividualAllocation        = false                                  {pd product} {ergonomic}

Logging:
Log output configuration:
 #0: stdout all=warning uptime,level,tags
 #1: stderr all=off uptime,level,tags

Environment Variables:
PATH=C:\Program Files\Java\jdk-11\bin;C:\Program Files\Java\jdk1.8.0_202\bin;C:\WINDOWS\system32;C:\WINDOWS;C:\WINDOWS\System32\Wbem;C:\WINDOWS\System32\WindowsPowerShell\v1.0\;C:\WINDOWS\System32\OpenSSH\;C:\Program Files\dotnet\;C:\Program Files\nodejs\;C:\Program Files\Git\cmd;C:\Program Files\Java\jdk1.8.0_202\bin;C:\Program Files\Java\jdk-11\bin;C:\Users\willo\AppData\Local\Microsoft\WindowsApps;C:\Users\willo\AppData\Local\Programs\Microsoft VS Code\bin;C:\Program Files\MySQL\MySQL Server 8.0\bin;D:\Apps\MiKTeX\miktex\bin\x64\;C:\Users\willo\AppData\Roaming\npm
USERNAME=willo
OS=Windows_NT
PROCESSOR_IDENTIFIER=AMD64 Family 23 Model 104 Stepping 1, AuthenticAMD



---------------  S Y S T E M  ---------------

OS: Windows 11 , 64 bit Build 22621 (10.0.22621.3672)
Hyper-V role detected

CPU:total 12 (initial active 12) (12 cores per cpu, 2 threads per core) family 23 model 104 stepping 1 microcode 0x0, cmov, cx8, fxsr, mmx, sse, sse2, sse3, ssse3, sse4.1, sse4.2, popcnt, avx, avx2, aes, clmul, mmxext, 3dnowpref, lzcnt, sse4a, ht, tsc, tscinvbit, tscinv, bmi1, bmi2, adx,

Memory: 4k page, system-wide physical 5989M (419M free)
TotalPageFile size 17154M (AvailPageFile size 47M)
current process WorkingSet (physical memory assigned to process): 267M, peak: 320M
current process commit charge ("private bytes"): 360M, peak: 418M

vm_info: Java HotSpot(TM) 64-Bit Server VM (11.0.20+9-LTS-256) for windows-amd64 JRE (11.0.20+9-LTS-256), built on Jun 14 2023 10:34:22 by "mach5one" with MS VC++ 17.1 (VS2022)

END.
