#
# There is insufficient memory for the Java Runtime Environment to continue.
# Native memory allocation (malloc) failed to allocate 266256 bytes for Chunk::new
# Possible reasons:
#   The system is out of physical RAM or swap space
#   The process is running with CompressedOops enabled, and the Java Heap may be blocking the growth of the native heap
# Possible solutions:
#   Reduce memory load on the system
#   Increase physical memory or swap space
#   Check if swap backing store is full
#   Decrease Java heap size (-Xmx/-Xms)
#   Decrease number of Java threads
#   Decrease Java thread stack sizes (-Xss)
#   Set larger code cache with -XX:ReservedCodeCacheSize=
#   JVM is running with Unscaled Compressed Oops mode in which the Java heap is
#     placed in the first 4GB address space. The Java Heap base address is the
#     maximum limit for the native heap growth. Please use -XX:HeapBaseMinAddress
#     to set the Java Heap base and to place the Java Heap above 4GB virtual address.
# This output file may be truncated or incomplete.
#
#  Out of Memory Error (./open/src/hotspot/share/memory/arena.cpp:197), pid=25136, tid=18964
#
# JRE version: Java(TM) SE Runtime Environment 18.9 (11.0.20+9) (build 11.0.20+9-LTS-256)
# Java VM: Java HotSpot(TM) 64-Bit Server VM 18.9 (11.0.20+9-LTS-256, mixed mode, tiered, compressed oops, g1 gc, windows-amd64)
# No core dump will be written. Minidumps are not enabled by default on client versions of Windows
#

---------------  S U M M A R Y ------------

Command Line: --module-path=C:\Users\willo\.m2\repository\org\openjfx\javafx-base\19.0.2.1\javafx-base-19.0.2.1-win.jar;C:\Users\willo\.m2\repository\org\openjfx\javafx-base\19.0.2.1\javafx-base-19.0.2.1.jar;C:\Users\willo\.m2\repository\org\openjfx\javafx-controls\19.0.2.1\javafx-controls-19.0.2.1-win.jar;C:\Users\willo\.m2\repository\org\openjfx\javafx-controls\19.0.2.1\javafx-controls-19.0.2.1.jar;C:\Users\willo\.m2\repository\org\openjfx\javafx-fxml\19.0.2.1\javafx-fxml-19.0.2.1-win.jar;C:\Users\willo\.m2\repository\org\openjfx\javafx-fxml\19.0.2.1\javafx-fxml-19.0.2.1.jar;C:\Users\willo\.m2\repository\org\openjfx\javafx-graphics\19.0.2.1\javafx-graphics-19.0.2.1-win.jar;C:\Users\willo\.m2\repository\org\openjfx\javafx-graphics\19.0.2.1\javafx-graphics-19.0.2.1.jar --add-modules=javafx.base,javafx.controls,javafx.fxml,javafx.graphics Main

Host: AMD Ryzen 5 5500U with Radeon Graphics         , 12 cores, 5G,  Windows 11 , 64 bit Build 22621 (10.0.22621.3672)
Time: Sun Jun 23 21:42:18 2024 Sri Lanka Standard Time elapsed time: 29.949382 seconds (0d 0h 0m 29s)

---------------  T H R E A D  ---------------

Current thread (0x000002d55ed3b000):  JavaThread "C2 CompilerThread0" daemon [_thread_in_native, id=18964, stack(0x000000d71e600000,0x000000d71e700000)]


Current CompileTask:
C2:  29949 9616       4       javafx.scene.Node::getTransformedBounds (248 bytes)

Stack: [0x000000d71e600000,0x000000d71e700000]
Native frames: (J=compiled Java code, j=interpreted, Vv=VM code, C=native code)
V  [jvm.dll+0x6602ba]
V  [jvm.dll+0x7a32af]
V  [jvm.dll+0x7a4979]
V  [jvm.dll+0x7a5013]
V  [jvm.dll+0x258ef5]
V  [jvm.dll+0xb2a0c]
V  [jvm.dll+0xb2fcc]
V  [jvm.dll+0x367691]
V  [jvm.dll+0x1a2b74]
V  [jvm.dll+0x211d4d]
V  [jvm.dll+0x210bc8]
V  [jvm.dll+0x18cdb1]
V  [jvm.dll+0x220e59]
V  [jvm.dll+0x21f17c]
V  [jvm.dll+0x767061]
V  [jvm.dll+0x75f8e4]
V  [jvm.dll+0x65f165]
C  [ucrtbase.dll+0x29333]
C  [KERNEL32.DLL+0x1257d]
C  [ntdll.dll+0x5af28]


---------------  P R O C E S S  ---------------

Threads class SMR info:
_java_thread_list=0x000002d56dfa3fd0, length=25, elements={
0x000002d541cbe000, 0x000002d55ecf6000, 0x000002d55ed17000, 0x000002d55ed36000,
0x000002d55ed37000, 0x000002d55ed38000, 0x000002d55ed3b000, 0x000002d55ed3c000,
0x000002d55ed3d800, 0x000002d55f803000, 0x000002d55fad4000, 0x000002d560541000,
0x000002d56057c000, 0x000002d5607a8800, 0x000002d56082d000, 0x000002d560cf9800,
0x000002d560f07000, 0x000002d55f8bb800, 0x000002d56d0f2000, 0x000002d56d0ed800,
0x000002d56d0ee800, 0x000002d56d0f1000, 0x000002d56d0f2800, 0x000002d56d0ed000,
0x000002d56d0f3800
}

Java Threads: ( => current thread )
  0x000002d541cbe000 JavaThread "main" [_thread_blocked, id=2428, stack(0x000000d71da00000,0x000000d71db00000)]
  0x000002d55ecf6000 JavaThread "Reference Handler" daemon [_thread_blocked, id=21392, stack(0x000000d71e100000,0x000000d71e200000)]
  0x000002d55ed17000 JavaThread "Finalizer" daemon [_thread_blocked, id=3544, stack(0x000000d71e200000,0x000000d71e300000)]
  0x000002d55ed36000 JavaThread "Signal Dispatcher" daemon [_thread_blocked, id=20952, stack(0x000000d71e300000,0x000000d71e400000)]
  0x000002d55ed37000 JavaThread "Attach Listener" daemon [_thread_blocked, id=25540, stack(0x000000d71e400000,0x000000d71e500000)]
  0x000002d55ed38000 JavaThread "Service Thread" daemon [_thread_blocked, id=19864, stack(0x000000d71e500000,0x000000d71e600000)]
=>0x000002d55ed3b000 JavaThread "C2 CompilerThread0" daemon [_thread_in_native, id=18964, stack(0x000000d71e600000,0x000000d71e700000)]
  0x000002d55ed3c000 JavaThread "C1 CompilerThread0" daemon [_thread_blocked, id=4992, stack(0x000000d71e700000,0x000000d71e800000)]
  0x000002d55ed3d800 JavaThread "Sweeper thread" daemon [_thread_blocked, id=18108, stack(0x000000d71e800000,0x000000d71e900000)]
  0x000002d55f803000 JavaThread "Common-Cleaner" daemon [_thread_blocked, id=8004, stack(0x000000d71e900000,0x000000d71ea00000)]
  0x000002d55fad4000 JavaThread "QuantumRenderer-0" daemon [_thread_in_native, id=23352, stack(0x000000d71ec00000,0x000000d71ed00000)]
  0x000002d560541000 JavaThread "InvokeLaterDispatcher" daemon [_thread_blocked, id=8824, stack(0x000000d71ef00000,0x000000d71f000000)]
  0x000002d56057c000 JavaThread "JavaFX Application Thread" [_thread_blocked, id=26340, stack(0x000000d71f000000,0x000000d71f100000)]
  0x000002d5607a8800 JavaThread "JavaFX-Launcher" [_thread_blocked, id=5240, stack(0x000000d71fa00000,0x000000d71fb00000)]
  0x000002d56082d000 JavaThread "Thread-2" daemon [_thread_in_native, id=10116, stack(0x000000d71f900000,0x000000d71fa00000)]
  0x000002d560cf9800 JavaThread "Prism Font Disposer" daemon [_thread_blocked, id=2316, stack(0x000000d720100000,0x000000d720200000)]
  0x000002d560f07000 JavaThread "Cleaner-0" daemon [_thread_blocked, id=8372, stack(0x000000d720500000,0x000000d720600000)]
  0x000002d55f8bb800 JavaThread "mysql-cj-abandoned-connection-cleanup" daemon [_thread_blocked, id=7792, stack(0x000000d720700000,0x000000d720800000)]
  0x000002d56d0f2000 JavaThread "Hibernate Connection Pool Validation Thread" daemon [_thread_blocked, id=4892, stack(0x000000d720800000,0x000000d720900000)]
  0x000002d56d0ed800 JavaThread "Java2D Disposer" daemon [_thread_blocked, id=24652, stack(0x000000d720900000,0x000000d720a00000)]
  0x000002d56d0ee800 JavaThread "AWT-Windows" daemon [_thread_in_native, id=700, stack(0x000000d720b00000,0x000000d720c00000)]
  0x000002d56d0f1000 JavaThread "Keep-Alive-Timer" daemon [_thread_blocked, id=15540, stack(0x000000d721a00000,0x000000d721b00000)]
  0x000002d56d0f2800 JavaThread "Image Fetcher 0" daemon [_thread_blocked, id=28436, stack(0x000000d720a00000,0x000000d720b00000)]
  0x000002d56d0ed000 JavaThread "AWT-Shutdown" [_thread_blocked, id=11772, stack(0x000000d721b00000,0x000000d721c00000)]
  0x000002d56d0f3800 JavaThread "AWT-EventQueue-0" [_thread_blocked, id=9244, stack(0x000000d721c00000,0x000000d721d00000)]

Other Threads:
  0x000002d55ecf5800 VMThread "VM Thread" [stack: 0x000000d71e000000,0x000000d71e100000] [id=11224]
  0x000002d55fd13800 WatcherThread [stack: 0x000000d71eb00000,0x000000d71ec00000] [id=8384]
  0x000002d541cd2800 GCTaskThread "GC Thread#0" [stack: 0x000000d71db00000,0x000000d71dc00000] [id=29452]
  0x000002d5607d9000 GCTaskThread "GC Thread#1" [stack: 0x000000d71fb00000,0x000000d71fc00000] [id=20536]
  0x000002d56084e000 GCTaskThread "GC Thread#2" [stack: 0x000000d71fc00000,0x000000d71fd00000] [id=25632]
  0x000002d560829000 GCTaskThread "GC Thread#3" [stack: 0x000000d71fd00000,0x000000d71fe00000] [id=12944]
  0x000002d56082a000 GCTaskThread "GC Thread#4" [stack: 0x000000d71fe00000,0x000000d71ff00000] [id=25396]
  0x000002d56082a800 GCTaskThread "GC Thread#5" [stack: 0x000000d71ff00000,0x000000d720000000] [id=31076]
  0x000002d561292000 GCTaskThread "GC Thread#6" [stack: 0x000000d721d00000,0x000000d721e00000] [id=26512]
  0x000002d571820800 GCTaskThread "GC Thread#7" [stack: 0x000000d721e00000,0x000000d721f00000] [id=23468]
  0x000002d56d46a000 GCTaskThread "GC Thread#8" [stack: 0x000000d721f00000,0x000000d722000000] [id=12048]
  0x000002d560019800 GCTaskThread "GC Thread#9" [stack: 0x000000d722000000,0x000000d722100000] [id=14524]
  0x000002d541cf8800 ConcurrentGCThread "G1 Main Marker" [stack: 0x000000d71dc00000,0x000000d71dd00000] [id=20828]
  0x000002d541cf9800 ConcurrentGCThread "G1 Conc#0" [stack: 0x000000d71dd00000,0x000000d71de00000] [id=1708]
  0x000002d56083d000 ConcurrentGCThread "G1 Conc#1" [stack: 0x000000d720300000,0x000000d720400000] [id=26968]
  0x000002d560eaf000 ConcurrentGCThread "G1 Conc#2" [stack: 0x000000d720400000,0x000000d720500000] [id=17448]
  0x000002d55eb60800 ConcurrentGCThread "G1 Refine#0" [stack: 0x000000d71de00000,0x000000d71df00000] [id=15296]
  0x000002d56083e800 ConcurrentGCThread "G1 Refine#1" [stack: 0x000000d720200000,0x000000d720300000] [id=24984]
  0x000002d55eb61800 ConcurrentGCThread "G1 Young RemSet Sampling" [stack: 0x000000d71df00000,0x000000d71e000000] [id=18684]

Threads with active compile tasks:
C2 CompilerThread0    29979 9616       4       javafx.scene.Node::getTransformedBounds (248 bytes)

VM state:not at safepoint (normal execution)

VM Mutex/Monitor currently owned by a thread: None

Heap address: 0x00000000a2600000, size: 1498 MB, Compressed Oops mode: 32-bit
Narrow klass base: 0x0000000000000000, Narrow klass shift: 3
Compressed class space size: 1073741824 Address: 0x0000000100000000

Heap:
 garbage-first heap   total 96256K, used 68117K [0x00000000a2600000, 0x0000000100000000)
  region size 1024K, 6 young (6144K), 1 survivors (1024K)
 Metaspace       used 93392K, capacity 95993K, committed 96256K, reserved 1132544K
  class space    used 12334K, capacity 13471K, committed 13568K, reserved 1048576K
Heap Regions: E=young(eden), S=young(survivor), O=old, HS=humongous(starts), HC=humongous(continues), CS=collection set, F=free, A=archive, TAMS=top-at-mark-start (previous, next)
|   0|0x00000000a2600000, 0x00000000a2700000, 0x00000000a2700000|100%|HS|  |TAMS 0x00000000a2700000, 0x00000000a2600000| Complete 
|   1|0x00000000a2700000, 0x00000000a2800000, 0x00000000a2800000|100%| O|  |TAMS 0x00000000a2800000, 0x00000000a2700000| Untracked 
|   2|0x00000000a2800000, 0x00000000a2900000, 0x00000000a2900000|100%| O|  |TAMS 0x00000000a2900000, 0x00000000a2800000| Untracked 
|   3|0x00000000a2900000, 0x00000000a2a00000, 0x00000000a2a00000|100%| O|  |TAMS 0x00000000a2a00000, 0x00000000a2900000| Untracked 
|   4|0x00000000a2a00000, 0x00000000a2b00000, 0x00000000a2b00000|100%| O|  |TAMS 0x00000000a2b00000, 0x00000000a2a00000| Untracked 
|   5|0x00000000a2b00000, 0x00000000a2c00000, 0x00000000a2c00000|100%| O|  |TAMS 0x00000000a2c00000, 0x00000000a2b00000| Untracked 
|   6|0x00000000a2c00000, 0x00000000a2d00000, 0x00000000a2d00000|100%| O|  |TAMS 0x00000000a2d00000, 0x00000000a2c00000| Untracked 
|   7|0x00000000a2d00000, 0x00000000a2e00000, 0x00000000a2e00000|100%| O|  |TAMS 0x00000000a2e00000, 0x00000000a2d00000| Untracked 
|   8|0x00000000a2e00000, 0x00000000a2f00000, 0x00000000a2f00000|100%| O|  |TAMS 0x00000000a2f00000, 0x00000000a2e00000| Untracked 
|   9|0x00000000a2f00000, 0x00000000a3000000, 0x00000000a3000000|100%| O|  |TAMS 0x00000000a3000000, 0x00000000a2f00000| Untracked 
|  10|0x00000000a3000000, 0x00000000a3100000, 0x00000000a3100000|100%| O|  |TAMS 0x00000000a3100000, 0x00000000a3000000| Untracked 
|  11|0x00000000a3100000, 0x00000000a3200000, 0x00000000a3200000|100%| O|  |TAMS 0x00000000a3200000, 0x00000000a3100000| Untracked 
|  12|0x00000000a3200000, 0x00000000a3300000, 0x00000000a3300000|100%|HS|  |TAMS 0x00000000a3300000, 0x00000000a3200000| Complete 
|  13|0x00000000a3300000, 0x00000000a3400000, 0x00000000a3400000|100%|HC|  |TAMS 0x00000000a3400000, 0x00000000a3300000| Complete 
|  14|0x00000000a3400000, 0x00000000a3500000, 0x00000000a3500000|100%| O|  |TAMS 0x00000000a3500000, 0x00000000a3400000| Untracked 
|  15|0x00000000a3500000, 0x00000000a3600000, 0x00000000a3600000|100%| O|  |TAMS 0x00000000a3600000, 0x00000000a3500000| Untracked 
|  16|0x00000000a3600000, 0x00000000a3700000, 0x00000000a3700000|100%| O|  |TAMS 0x00000000a3700000, 0x00000000a3600000| Untracked 
|  17|0x00000000a3700000, 0x00000000a3800000, 0x00000000a3800000|100%| O|  |TAMS 0x00000000a3800000, 0x00000000a3700000| Untracked 
|  18|0x00000000a3800000, 0x00000000a3900000, 0x00000000a3900000|100%| O|  |TAMS 0x00000000a3900000, 0x00000000a3800000| Untracked 
|  19|0x00000000a3900000, 0x00000000a3a00000, 0x00000000a3a00000|100%| O|  |TAMS 0x00000000a3a00000, 0x00000000a3900000| Untracked 
|  20|0x00000000a3a00000, 0x00000000a3b00000, 0x00000000a3b00000|100%| O|  |TAMS 0x00000000a3b00000, 0x00000000a3a00000| Untracked 
|  21|0x00000000a3b00000, 0x00000000a3c00000, 0x00000000a3c00000|100%| O|  |TAMS 0x00000000a3c00000, 0x00000000a3b00000| Untracked 
|  22|0x00000000a3c00000, 0x00000000a3d00000, 0x00000000a3d00000|100%| O|  |TAMS 0x00000000a3d00000, 0x00000000a3c00000| Untracked 
|  23|0x00000000a3d00000, 0x00000000a3e00000, 0x00000000a3e00000|100%| O|  |TAMS 0x00000000a3e00000, 0x00000000a3d00000| Untracked 
|  24|0x00000000a3e00000, 0x00000000a3f00000, 0x00000000a3f00000|100%| O|  |TAMS 0x00000000a3f00000, 0x00000000a3e00000| Untracked 
|  25|0x00000000a3f00000, 0x00000000a4000000, 0x00000000a4000000|100%| O|  |TAMS 0x00000000a4000000, 0x00000000a3f00000| Untracked 
|  26|0x00000000a4000000, 0x00000000a4100000, 0x00000000a4100000|100%| O|  |TAMS 0x00000000a4100000, 0x00000000a4000000| Untracked 
|  27|0x00000000a4100000, 0x00000000a4200000, 0x00000000a4200000|100%| O|  |TAMS 0x00000000a4200000, 0x00000000a4100000| Untracked 
|  28|0x00000000a4200000, 0x00000000a4300000, 0x00000000a4300000|100%| O|  |TAMS 0x00000000a4300000, 0x00000000a4200000| Untracked 
|  29|0x00000000a4300000, 0x00000000a4400000, 0x00000000a4400000|100%| O|  |TAMS 0x00000000a4400000, 0x00000000a4300000| Untracked 
|  30|0x00000000a4400000, 0x00000000a4500000, 0x00000000a4500000|100%| O|  |TAMS 0x00000000a4500000, 0x00000000a4400000| Untracked 
|  31|0x00000000a4500000, 0x00000000a4600000, 0x00000000a4600000|100%| O|  |TAMS 0x00000000a4600000, 0x00000000a4500000| Untracked 
|  32|0x00000000a4600000, 0x00000000a4700000, 0x00000000a4700000|100%| O|  |TAMS 0x00000000a4700000, 0x00000000a4600000| Untracked 
|  33|0x00000000a4700000, 0x00000000a4800000, 0x00000000a4800000|100%| O|  |TAMS 0x00000000a4800000, 0x00000000a4700000| Untracked 
|  34|0x00000000a4800000, 0x00000000a4900000, 0x00000000a4900000|100%| O|  |TAMS 0x00000000a4900000, 0x00000000a4800000| Untracked 
|  35|0x00000000a4900000, 0x00000000a4a00000, 0x00000000a4a00000|100%| O|  |TAMS 0x00000000a4a00000, 0x00000000a4900000| Untracked 
|  36|0x00000000a4a00000, 0x00000000a4b00000, 0x00000000a4b00000|100%| O|  |TAMS 0x00000000a4b00000, 0x00000000a4a00000| Untracked 
|  37|0x00000000a4b00000, 0x00000000a4c00000, 0x00000000a4c00000|100%| O|  |TAMS 0x00000000a4c00000, 0x00000000a4b00000| Untracked 
|  38|0x00000000a4c00000, 0x00000000a4d00000, 0x00000000a4d00000|100%| O|  |TAMS 0x00000000a4d00000, 0x00000000a4c00000| Untracked 
|  39|0x00000000a4d00000, 0x00000000a4e00000, 0x00000000a4e00000|100%| O|  |TAMS 0x00000000a4e00000, 0x00000000a4d00000| Untracked 
|  40|0x00000000a4e00000, 0x00000000a4f00000, 0x00000000a4f00000|100%| O|  |TAMS 0x00000000a4f00000, 0x00000000a4e00000| Untracked 
|  41|0x00000000a4f00000, 0x00000000a5000000, 0x00000000a5000000|100%| O|  |TAMS 0x00000000a5000000, 0x00000000a4f00000| Untracked 
|  42|0x00000000a5000000, 0x00000000a5100000, 0x00000000a5100000|100%| O|  |TAMS 0x00000000a5100000, 0x00000000a5000000| Untracked 
|  43|0x00000000a5100000, 0x00000000a5200000, 0x00000000a5200000|100%| O|  |TAMS 0x00000000a5200000, 0x00000000a5100000| Untracked 
|  44|0x00000000a5200000, 0x00000000a5300000, 0x00000000a5300000|100%| O|  |TAMS 0x00000000a5300000, 0x00000000a5200000| Untracked 
|  45|0x00000000a5300000, 0x00000000a5400000, 0x00000000a5400000|100%| O|  |TAMS 0x00000000a5400000, 0x00000000a5300000| Untracked 
|  46|0x00000000a5400000, 0x00000000a5500000, 0x00000000a5500000|100%| O|  |TAMS 0x00000000a5500000, 0x00000000a5400000| Untracked 
|  47|0x00000000a5500000, 0x00000000a5600000, 0x00000000a5600000|100%| O|  |TAMS 0x00000000a5600000, 0x00000000a5500000| Untracked 
|  48|0x00000000a5600000, 0x00000000a5700000, 0x00000000a5700000|100%| O|  |TAMS 0x00000000a5700000, 0x00000000a5600000| Untracked 
|  49|0x00000000a5700000, 0x00000000a5800000, 0x00000000a5800000|100%| O|  |TAMS 0x00000000a5800000, 0x00000000a5700000| Untracked 
|  50|0x00000000a5800000, 0x00000000a5900000, 0x00000000a5900000|100%| O|  |TAMS 0x00000000a5900000, 0x00000000a5800000| Untracked 
|  51|0x00000000a5900000, 0x00000000a5a00000, 0x00000000a5a00000|100%| O|  |TAMS 0x00000000a5a00000, 0x00000000a5900000| Untracked 
|  52|0x00000000a5a00000, 0x00000000a5b00000, 0x00000000a5b00000|100%|HS|  |TAMS 0x00000000a5b00000, 0x00000000a5a00000| Complete 
|  53|0x00000000a5b00000, 0x00000000a5c00000, 0x00000000a5c00000|100%|HC|  |TAMS 0x00000000a5c00000, 0x00000000a5b00000| Complete 
|  54|0x00000000a5c00000, 0x00000000a5d00000, 0x00000000a5d00000|100%|HC|  |TAMS 0x00000000a5d00000, 0x00000000a5c00000| Complete 
|  55|0x00000000a5d00000, 0x00000000a5e00000, 0x00000000a5e00000|100%|HC|  |TAMS 0x00000000a5e00000, 0x00000000a5d00000| Complete 
|  56|0x00000000a5e00000, 0x00000000a5f00000, 0x00000000a5f00000|100%|HC|  |TAMS 0x00000000a5f00000, 0x00000000a5e00000| Complete 
|  57|0x00000000a5f00000, 0x00000000a6000000, 0x00000000a6000000|100%|HC|  |TAMS 0x00000000a6000000, 0x00000000a5f00000| Complete 
|  58|0x00000000a6000000, 0x00000000a6100000, 0x00000000a6100000|100%|HC|  |TAMS 0x00000000a6100000, 0x00000000a6000000| Complete 
|  59|0x00000000a6100000, 0x00000000a6200000, 0x00000000a6200000|100%| O|  |TAMS 0x00000000a6200000, 0x00000000a6100000| Untracked 
|  60|0x00000000a6200000, 0x00000000a6246200, 0x00000000a6300000| 27%| O|  |TAMS 0x00000000a6246200, 0x00000000a6200000| Untracked 
|  61|0x00000000a6300000, 0x00000000a6400000, 0x00000000a6400000|100%|HS|  |TAMS 0x00000000a6300000, 0x00000000a6300000| Complete 
|  62|0x00000000a6400000, 0x00000000a6500000, 0x00000000a6500000|100%|HC|  |TAMS 0x00000000a6400000, 0x00000000a6400000| Complete 
|  63|0x00000000a6500000, 0x00000000a6500000, 0x00000000a6600000|  0%| F|  |TAMS 0x00000000a6500000, 0x00000000a6500000| Untracked 
|  64|0x00000000a6600000, 0x00000000a6600000, 0x00000000a6700000|  0%| F|  |TAMS 0x00000000a6600000, 0x00000000a6600000| Untracked 
|  65|0x00000000a6700000, 0x00000000a6700000, 0x00000000a6800000|  0%| F|  |TAMS 0x00000000a6700000, 0x00000000a6700000| Untracked 
|  66|0x00000000a6800000, 0x00000000a6800000, 0x00000000a6900000|  0%| F|  |TAMS 0x00000000a6800000, 0x00000000a6800000| Untracked 
|  67|0x00000000a6900000, 0x00000000a6900000, 0x00000000a6a00000|  0%| F|  |TAMS 0x00000000a6900000, 0x00000000a6900000| Untracked 
|  68|0x00000000a6a00000, 0x00000000a6a00000, 0x00000000a6b00000|  0%| F|  |TAMS 0x00000000a6a00000, 0x00000000a6a00000| Untracked 
|  69|0x00000000a6b00000, 0x00000000a6b00000, 0x00000000a6c00000|  0%| F|  |TAMS 0x00000000a6b00000, 0x00000000a6b00000| Untracked 
|  70|0x00000000a6c00000, 0x00000000a6c00000, 0x00000000a6d00000|  0%| F|  |TAMS 0x00000000a6c00000, 0x00000000a6c00000| Untracked 
|  71|0x00000000a6d00000, 0x00000000a6d00000, 0x00000000a6e00000|  0%| F|  |TAMS 0x00000000a6d00000, 0x00000000a6d00000| Untracked 
|  72|0x00000000a6e00000, 0x00000000a6e00000, 0x00000000a6f00000|  0%| F|  |TAMS 0x00000000a6e00000, 0x00000000a6e00000| Untracked 
|  73|0x00000000a6f00000, 0x00000000a6f00000, 0x00000000a7000000|  0%| F|  |TAMS 0x00000000a6f00000, 0x00000000a6f00000| Untracked 
|  74|0x00000000a7000000, 0x00000000a7000000, 0x00000000a7100000|  0%| F|  |TAMS 0x00000000a7000000, 0x00000000a7000000| Untracked 
|  75|0x00000000a7100000, 0x00000000a7100000, 0x00000000a7200000|  0%| F|  |TAMS 0x00000000a7100000, 0x00000000a7100000| Untracked 
|  76|0x00000000a7200000, 0x00000000a7200000, 0x00000000a7300000|  0%| F|  |TAMS 0x00000000a7200000, 0x00000000a7200000| Untracked 
|  77|0x00000000a7300000, 0x00000000a7300000, 0x00000000a7400000|  0%| F|  |TAMS 0x00000000a7300000, 0x00000000a7300000| Untracked 
|  78|0x00000000a7400000, 0x00000000a7400000, 0x00000000a7500000|  0%| F|  |TAMS 0x00000000a7400000, 0x00000000a7400000| Untracked 
|  79|0x00000000a7500000, 0x00000000a7500000, 0x00000000a7600000|  0%| F|  |TAMS 0x00000000a7500000, 0x00000000a7500000| Untracked 
|  80|0x00000000a7600000, 0x00000000a7600000, 0x00000000a7700000|  0%| F|  |TAMS 0x00000000a7600000, 0x00000000a7600000| Untracked 
|  81|0x00000000a7700000, 0x00000000a7700000, 0x00000000a7800000|  0%| F|  |TAMS 0x00000000a7700000, 0x00000000a7700000| Untracked 
|  82|0x00000000a7800000, 0x00000000a7800000, 0x00000000a7900000|  0%| F|  |TAMS 0x00000000a7800000, 0x00000000a7800000| Untracked 
|  83|0x00000000a7900000, 0x00000000a7900000, 0x00000000a7a00000|  0%| F|  |TAMS 0x00000000a7900000, 0x00000000a7900000| Untracked 
|  84|0x00000000a7a00000, 0x00000000a7a00000, 0x00000000a7b00000|  0%| F|  |TAMS 0x00000000a7a00000, 0x00000000a7a00000| Untracked 
|  85|0x00000000a7b00000, 0x00000000a7b00000, 0x00000000a7c00000|  0%| F|  |TAMS 0x00000000a7b00000, 0x00000000a7b00000| Untracked 
|  86|0x00000000a7c00000, 0x00000000a7c00000, 0x00000000a7d00000|  0%| F|  |TAMS 0x00000000a7c00000, 0x00000000a7c00000| Untracked 
|  87|0x00000000a7d00000, 0x00000000a7d00000, 0x00000000a7e00000|  0%| F|  |TAMS 0x00000000a7d00000, 0x00000000a7d00000| Untracked 
|  88|0x00000000a7e00000, 0x00000000a7e81be8, 0x00000000a7f00000| 50%| E|  |TAMS 0x00000000a7e00000, 0x00000000a7e00000| Complete 
|  89|0x00000000a7f00000, 0x00000000a7f3f5c0, 0x00000000a8000000| 24%| S|CS|TAMS 0x00000000a7f00000, 0x00000000a7f00000| Complete 
|  90|0x00000000a8000000, 0x00000000a8100000, 0x00000000a8100000|100%| E|CS|TAMS 0x00000000a8000000, 0x00000000a8000000| Complete 
|  91|0x00000000a8100000, 0x00000000a8200000, 0x00000000a8200000|100%| E|CS|TAMS 0x00000000a8100000, 0x00000000a8100000| Complete 
|  92|0x00000000a8200000, 0x00000000a8300000, 0x00000000a8300000|100%| E|CS|TAMS 0x00000000a8200000, 0x00000000a8200000| Complete 
|  93|0x00000000a8300000, 0x00000000a8400000, 0x00000000a8400000|100%| E|CS|TAMS 0x00000000a8300000, 0x00000000a8300000| Complete 

Card table byte_map: [0x000002d558bf0000,0x000002d558ee0000] _byte_map_base: 0x000002d5586dd000

Marking Bits (Prev, Next): (CMBitMap*) 0x000002d541cf1958, (CMBitMap*) 0x000002d541cf1990
 Prev Bits: [0x000002d5591d0000, 0x000002d55a938000)
 Next Bits: [0x000002d55a940000, 0x000002d55c0a8000)

Polling page: 0x000002d541480000

Metaspace:

Usage:
  Non-class:     80.59 MB capacity,    79.16 MB ( 98%) used,     1.11 MB (  1%) free+waste,   328.38 KB ( <1%) overhead. 
      Class:     13.16 MB capacity,    12.05 MB ( 92%) used,   972.36 KB (  7%) free+waste,   164.19 KB (  1%) overhead. 
       Both:     93.74 MB capacity,    91.20 MB ( 97%) used,     2.06 MB (  2%) free+waste,   492.56 KB ( <1%) overhead. 

Virtual space:
  Non-class space:       82.00 MB reserved,      80.75 MB ( 98%) committed 
      Class space:        1.00 GB reserved,      13.25 MB (  1%) committed 
             Both:        1.08 GB reserved,      94.00 MB (  8%) committed 

Chunk freelists:
   Non-Class:  4.75 KB
       Class:  128 bytes
        Both:  4.88 KB

CodeHeap 'non-profiled nmethods': size=120000Kb used=4598Kb max_used=4598Kb free=115401Kb
 bounds [0x000002d550e60000, 0x000002d5512e0000, 0x000002d558390000]
CodeHeap 'profiled nmethods': size=120000Kb used=19778Kb max_used=19778Kb free=100221Kb
 bounds [0x000002d549930000, 0x000002d54ac90000, 0x000002d550e60000]
CodeHeap 'non-nmethods': size=5760Kb used=1646Kb max_used=1662Kb free=4113Kb
 bounds [0x000002d549390000, 0x000002d549600000, 0x000002d549930000]
 total_blobs=10754 nmethods=9540 adapters=1124
 compilation: enabled
              stopped_count=0, restarted_count=0
 full_count=0

Compilation events (10 events):
Event: 29.935 Thread 0x000002d55ed3c000 9619       1       com.sun.prism.impl.ps.BaseShaderGraphics::setLights (6 bytes)
Event: 29.935 Thread 0x000002d55ed3c000 nmethod 9619 0x000002d5512dc990 code [0x000002d5512dcb20, 0x000002d5512dcc18]
Event: 29.935 Thread 0x000002d55ed3c000 9620       1       com.sun.prism.impl.BaseGraphics::setDepthBuffer (6 bytes)
Event: 29.935 Thread 0x000002d55ed3c000 nmethod 9620 0x000002d5512dcc90 code [0x000002d5512dce20, 0x000002d5512dced8]
Event: 29.935 Thread 0x000002d55ed3c000 9621       1       com.sun.javafx.tk.quantum.SceneState::getClearColor (5 bytes)
Event: 29.935 Thread 0x000002d55ed3c000 nmethod 9621 0x000002d5512dcf90 code [0x000002d5512dd120, 0x000002d5512dd1d8]
Event: 29.935 Thread 0x000002d55ed3c000 9622       1       com.sun.javafx.tk.quantum.SceneState::getCurrentPaint (5 bytes)
Event: 29.935 Thread 0x000002d55ed3c000 nmethod 9622 0x000002d5512dd290 code [0x000002d5512dd420, 0x000002d5512dd4d8]
Event: 29.935 Thread 0x000002d55ed3c000 9623       1       com.sun.prism.impl.BaseGraphics::setCamera (6 bytes)
Event: 29.935 Thread 0x000002d55ed3c000 nmethod 9623 0x000002d5512dd590 code [0x000002d5512dd720, 0x000002d5512dd818]

GC Heap History (10 events):
Event: 25.511 GC heap before
{Heap before GC invocations=20 (full 0):
 garbage-first heap   total 96256K, used 72076K [0x00000000a2600000, 0x0000000100000000)
  region size 1024K, 26 young (26624K), 3 survivors (3072K)
 Metaspace       used 82423K, capacity 84864K, committed 85120K, reserved 1122304K
  class space    used 11032K, capacity 12073K, committed 12160K, reserved 1048576K
}
Event: 25.516 GC heap after
{Heap after GC invocations=21 (full 0):
 garbage-first heap   total 96256K, used 49564K [0x00000000a2600000, 0x0000000100000000)
  region size 1024K, 4 young (4096K), 4 survivors (4096K)
 Metaspace       used 82423K, capacity 84864K, committed 85120K, reserved 1122304K
  class space    used 11032K, capacity 12073K, committed 12160K, reserved 1048576K
}
Event: 27.884 GC heap before
{Heap before GC invocations=21 (full 0):
 garbage-first heap   total 96256K, used 72092K [0x00000000a2600000, 0x0000000100000000)
  region size 1024K, 27 young (27648K), 4 survivors (4096K)
 Metaspace       used 86062K, capacity 88524K, committed 88832K, reserved 1126400K
  class space    used 11372K, capacity 12449K, committed 12544K, reserved 1048576K
}
Event: 27.890 GC heap after
{Heap after GC invocations=22 (full 0):
 garbage-first heap   total 96256K, used 52526K [0x00000000a2600000, 0x0000000100000000)
  region size 1024K, 4 young (4096K), 4 survivors (4096K)
 Metaspace       used 86062K, capacity 88524K, committed 88832K, reserved 1126400K
  class space    used 11372K, capacity 12449K, committed 12544K, reserved 1048576K
}
Event: 28.490 GC heap before
{Heap before GC invocations=23 (full 0):
 garbage-first heap   total 96256K, used 54574K [0x00000000a2600000, 0x0000000100000000)
  region size 1024K, 7 young (7168K), 4 survivors (4096K)
 Metaspace       used 86144K, capacity 88592K, committed 88832K, reserved 1126400K
  class space    used 11372K, capacity 12449K, committed 12544K, reserved 1048576K
}
Event: 28.496 GC heap after
{Heap after GC invocations=24 (full 0):
 garbage-first heap   total 96256K, used 53376K [0x00000000a2600000, 0x0000000100000000)
  region size 1024K, 1 young (1024K), 1 survivors (1024K)
 Metaspace       used 86144K, capacity 88592K, committed 88832K, reserved 1126400K
  class space    used 11372K, capacity 12449K, committed 12544K, reserved 1048576K
}
Event: 29.236 GC heap before
{Heap before GC invocations=25 (full 0):
 garbage-first heap   total 96256K, used 62592K [0x00000000a2600000, 0x0000000100000000)
  region size 1024K, 11 young (11264K), 1 survivors (1024K)
 Metaspace       used 92075K, capacity 94604K, committed 94720K, reserved 1130496K
  class space    used 12202K, capacity 13310K, committed 13312K, reserved 1048576K
}
Event: 29.241 GC heap after
{Heap after GC invocations=26 (full 0):
 garbage-first heap   total 96256K, used 54683K [0x00000000a2600000, 0x0000000100000000)
  region size 1024K, 2 young (2048K), 2 survivors (2048K)
 Metaspace       used 92075K, capacity 94604K, committed 94720K, reserved 1130496K
  class space    used 12202K, capacity 13310K, committed 13312K, reserved 1048576K
}
Event: 29.417 GC heap before
{Heap before GC invocations=27 (full 0):
 garbage-first heap   total 96256K, used 64923K [0x00000000a2600000, 0x0000000100000000)
  region size 1024K, 6 young (6144K), 2 survivors (2048K)
 Metaspace       used 92996K, capacity 95577K, committed 95616K, reserved 1132544K
  class space    used 12312K, capacity 13439K, committed 13440K, reserved 1048576K
}
Event: 29.421 GC heap after
{Heap after GC invocations=28 (full 0):
 garbage-first heap   total 96256K, used 61973K [0x00000000a2600000, 0x0000000100000000)
  region size 1024K, 1 young (1024K), 1 survivors (1024K)
 Metaspace       used 92996K, capacity 95577K, committed 95616K, reserved 1132544K
  class space    used 12312K, capacity 13439K, committed 13440K, reserved 1048576K
}

Deoptimization events (10 events):
Event: 27.403 Thread 0x000002d56057c000 Uncommon trap: reason=unstable_if action=reinterpret pc=0x000002d550ef5f08 method=java.lang.String.startsWith(Ljava/lang/String;I)Z @ 46 c2
Event: 27.403 Thread 0x000002d56057c000 Uncommon trap: reason=unstable_if action=reinterpret pc=0x000002d550ec4ab0 method=java.lang.String.startsWith(Ljava/lang/String;I)Z @ 46 c2
Event: 27.403 Thread 0x000002d56057c000 Uncommon trap: reason=unstable_if action=reinterpret pc=0x000002d550ece424 method=java.lang.String.indexOf(II)I @ 4 c2
Event: 28.748 Thread 0x000002d56057c000 Uncommon trap: reason=bimorphic_or_optimized_type_check action=maybe_recompile pc=0x000002d55126e6c4 method=net.sf.jasperreports.engine.fill.JREvaluator.evaluate(Lnet/sf/jasperreports/engine/JRExpression;)Ljava/lang/Object; @ 17 c2
Event: 28.823 Thread 0x000002d56057c000 Uncommon trap: reason=predicate action=maybe_recompile pc=0x000002d55125b050 method=java.util.Vector.indexOf(Ljava/lang/Object;I)I @ 41 c2
Event: 29.225 Thread 0x000002d56057c000 Uncommon trap: reason=class_check action=maybe_recompile pc=0x000002d5511a67c0 method=javafx.scene.CssStyleHelper.transitionToState(Ljavafx/scene/Node;)V @ 504 c2
Event: 29.293 Thread 0x000002d55fad4000 Uncommon trap: reason=profile_predicate action=maybe_recompile pc=0x000002d5512a68c0 method=com.sun.javafx.sg.prism.NGNode.markCullRegions(Lcom/sun/javafx/geom/DirtyRegionContainer;ILcom/sun/javafx/geom/transform/BaseTransform;Lcom/sun/javafx/geom/transfo
Event: 29.293 Thread 0x000002d55fad4000 Uncommon trap: reason=profile_predicate action=maybe_recompile pc=0x000002d5512a68c0 method=com.sun.javafx.sg.prism.NGNode.markCullRegions(Lcom/sun/javafx/geom/DirtyRegionContainer;ILcom/sun/javafx/geom/transform/BaseTransform;Lcom/sun/javafx/geom/transfo
Event: 29.293 Thread 0x000002d55fad4000 Uncommon trap: reason=profile_predicate action=maybe_recompile pc=0x000002d5512a68c0 method=com.sun.javafx.sg.prism.NGNode.markCullRegions(Lcom/sun/javafx/geom/DirtyRegionContainer;ILcom/sun/javafx/geom/transform/BaseTransform;Lcom/sun/javafx/geom/transfo
Event: 29.311 Thread 0x000002d55fad4000 Uncommon trap: reason=profile_predicate action=maybe_recompile pc=0x000002d5512a68c0 method=com.sun.javafx.sg.prism.NGNode.markCullRegions(Lcom/sun/javafx/geom/DirtyRegionContainer;ILcom/sun/javafx/geom/transform/BaseTransform;Lcom/sun/javafx/geom/transfo

Classes redefined (0 events):
No events

Internal exceptions (10 events):
Event: 25.370 Thread 0x000002d56057c000 Exception <a 'java/io/FileNotFoundException'{0x00000000a71594b8}> (0x00000000a71594b8) thrown at [./open/src/hotspot/share/prims/jni.cpp, line 611]
Event: 25.370 Thread 0x000002d56057c000 Exception <a 'java/security/PrivilegedActionException'{0x00000000a715a150}> (0x00000000a715a150) thrown at [./open/src/hotspot/share/prims/jvm.cpp, line 1305]
Event: 25.609 Thread 0x000002d56057c000 Implicit null exception at 0x000002d550fa0677 to 0x000002d550fa0c04
Event: 25.802 Thread 0x000002d56057c000 Implicit null exception at 0x000002d550fa1b74 to 0x000002d550fa2118
Event: 28.817 Thread 0x000002d56057c000 Exception <a 'java/lang/NoSuchMethodError'{0x00000000a7fee470}: java.lang.invoke.DirectMethodHandle$Holder.invokeStatic(Ljava/lang/Object;ILjava/lang/Object;Ljava/lang/Object;Ljava/lang/Object;Ljava/lang/Object;)Ljava/lang/Object;> (0x00000000a7fee470) th
Event: 28.817 Thread 0x000002d56057c000 Exception <a 'java/lang/NoSuchMethodError'{0x00000000a7ff5888}: java.lang.invoke.DirectMethodHandle$Holder.invokeStatic(Ljava/lang/Object;ILjava/lang/Object;Ljava/lang/Object;Ljava/lang/Object;)Ljava/lang/Object;> (0x00000000a7ff5888) thrown at [./open/sr
Event: 28.817 Thread 0x000002d56057c000 Exception <a 'java/lang/NoSuchMethodError'{0x00000000a7ff9918}: java.lang.invoke.DirectMethodHandle$Holder.invokeSpecial(Ljava/lang/Object;Ljava/lang/Object;ILjava/lang/Object;Ljava/lang/Object;Ljava/lang/Object;)Ljava/lang/Object;> (0x00000000a7ff9918) t
Event: 28.819 Thread 0x000002d56057c000 Exception <a 'java/lang/NoSuchMethodError'{0x00000000a7e11b08}: java.lang.invoke.DirectMethodHandle$Holder.invokeStatic(Ljava/lang/Object;ILjava/lang/Object;)Ljava/lang/Object;> (0x00000000a7e11b08) thrown at [./open/src/hotspot/share/interpreter/linkReso
Event: 28.834 Thread 0x000002d56057c000 Exception <a 'java/lang/ClassNotFoundException'{0x00000000a7ebb1f8}: com/sun/swing/internal/plaf/metal/resources/spi/metalProvider> (0x00000000a7ebb1f8) thrown at [./open/src/hotspot/share/classfile/systemDictionary.cpp, line 226]
Event: 28.836 Thread 0x000002d56057c000 Exception <a 'java/lang/ClassNotFoundException'{0x00000000a7ebfbb8}: com/sun/swing/internal/plaf/basic/resources/spi/basicProvider> (0x00000000a7ebfbb8) thrown at [./open/src/hotspot/share/classfile/systemDictionary.cpp, line 226]

Events (10 events):
Event: 29.532 Executing VM operation: RevokeBias
Event: 29.532 Executing VM operation: RevokeBias done
Event: 29.532 Executing VM operation: RevokeBias
Event: 29.532 Executing VM operation: RevokeBias done
Event: 29.532 Executing VM operation: RevokeBias
Event: 29.532 Executing VM operation: RevokeBias done
Event: 29.532 Executing VM operation: RevokeBias
Event: 29.532 Executing VM operation: RevokeBias done
Event: 29.532 Executing VM operation: RevokeBias
Event: 29.532 Executing VM operation: RevokeBias done


Dynamic libraries:
0x00007ff62de60000 - 0x00007ff62de70000 	C:\Program Files\Java\jdk-11\bin\java.exe
0x00007ffb14dd0000 - 0x00007ffb14fe7000 	C:\WINDOWS\SYSTEM32\ntdll.dll
0x00007ffb135a0000 - 0x00007ffb13664000 	C:\WINDOWS\System32\KERNEL32.DLL
0x00007ffb12130000 - 0x00007ffb124dc000 	C:\WINDOWS\System32\KERNELBASE.dll
0x00007ffb12970000 - 0x00007ffb12a81000 	C:\WINDOWS\System32\ucrtbase.dll
0x00007ffb0c8a0000 - 0x00007ffb0c8b9000 	C:\Program Files\Java\jdk-11\bin\jli.dll
0x00007ffb0c8c0000 - 0x00007ffb0c8db000 	C:\Program Files\Java\jdk-11\bin\VCRUNTIME140.dll
0x00007ffb133a0000 - 0x00007ffb13452000 	C:\WINDOWS\System32\ADVAPI32.dll
0x00007ffb13470000 - 0x00007ffb13517000 	C:\WINDOWS\System32\msvcrt.dll
0x00007ffb13950000 - 0x00007ffb139fa000 	C:\WINDOWS\System32\sechost.dll
0x00007ffb12100000 - 0x00007ffb12128000 	C:\WINDOWS\System32\bcrypt.dll
0x00007ffb13670000 - 0x00007ffb13785000 	C:\WINDOWS\System32\RPCRT4.dll
0x00007ffb13a60000 - 0x00007ffb13c0e000 	C:\WINDOWS\System32\USER32.dll
0x00007ffb125a0000 - 0x00007ffb125c6000 	C:\WINDOWS\System32\win32u.dll
0x00007ffb00530000 - 0x00007ffb007c3000 	C:\WINDOWS\WinSxS\amd64_microsoft.windows.common-controls_6595b64144ccf1df_6.0.22621.3672_none_2713b9d173822955\COMCTL32.dll
0x00007ffb13190000 - 0x00007ffb131b9000 	C:\WINDOWS\System32\GDI32.dll
0x00007ffb127e0000 - 0x00007ffb128f9000 	C:\WINDOWS\System32\gdi32full.dll
0x00007ffb125d0000 - 0x00007ffb1266a000 	C:\WINDOWS\System32\msvcp_win.dll
0x00007ffb098d0000 - 0x00007ffb098da000 	C:\WINDOWS\SYSTEM32\VERSION.dll
0x00007ffb13260000 - 0x00007ffb13291000 	C:\WINDOWS\System32\IMM32.DLL
0x00007ffb0d750000 - 0x00007ffb0d75c000 	C:\Program Files\Java\jdk-11\bin\vcruntime140_1.dll
0x00007ffaf3430000 - 0x00007ffaf34be000 	C:\Program Files\Java\jdk-11\bin\msvcp140.dll
0x00007ffad1460000 - 0x00007ffad1fcd000 	C:\Program Files\Java\jdk-11\bin\server\jvm.dll
0x00007ffb14b50000 - 0x00007ffb14b58000 	C:\WINDOWS\System32\PSAPI.DLL
0x00007ffb01550000 - 0x00007ffb01559000 	C:\WINDOWS\SYSTEM32\WSOCK32.dll
0x00007ffb13520000 - 0x00007ffb13591000 	C:\WINDOWS\System32\WS2_32.dll
0x00007ffb0d710000 - 0x00007ffb0d744000 	C:\WINDOWS\SYSTEM32\WINMM.dll
0x00007ffb11100000 - 0x00007ffb11118000 	C:\WINDOWS\SYSTEM32\kernel.appcore.dll
0x00007ffb0bde0000 - 0x00007ffb0bdf0000 	C:\Program Files\Java\jdk-11\bin\verify.dll
0x00007ffb0f8d0000 - 0x00007ffb0fb02000 	C:\WINDOWS\SYSTEM32\DBGHELP.DLL
0x00007ffb12b10000 - 0x00007ffb12e98000 	C:\WINDOWS\System32\combase.dll
0x00007ffb14b60000 - 0x00007ffb14c37000 	C:\WINDOWS\System32\OLEAUT32.dll
0x00007ffb007d0000 - 0x00007ffb00802000 	C:\WINDOWS\SYSTEM32\dbgcore.DLL
0x00007ffb12a90000 - 0x00007ffb12b0b000 	C:\WINDOWS\System32\bcryptPrimitives.dll
0x00007ffb0bdb0000 - 0x00007ffb0bdd8000 	C:\Program Files\Java\jdk-11\bin\java.dll
0x00007ffb0bc90000 - 0x00007ffb0bc9a000 	C:\Program Files\Java\jdk-11\bin\jimage.dll
0x00007ffb06420000 - 0x00007ffb06437000 	C:\Program Files\Java\jdk-11\bin\zip.dll
0x00007ffb13c10000 - 0x00007ffb1446c000 	C:\WINDOWS\System32\SHELL32.dll
0x00007ffb10000000 - 0x00007ffb108f7000 	C:\WINDOWS\SYSTEM32\windows.storage.dll
0x00007ffb0fec0000 - 0x00007ffb0ffff000 	C:\WINDOWS\SYSTEM32\wintypes.dll
0x00007ffb132a0000 - 0x00007ffb13394000 	C:\WINDOWS\System32\SHCORE.dll
0x00007ffb13a00000 - 0x00007ffb13a5e000 	C:\WINDOWS\System32\shlwapi.dll
0x00007ffb12030000 - 0x00007ffb12051000 	C:\WINDOWS\SYSTEM32\profapi.dll
0x00007ffafaee0000 - 0x00007ffafaef9000 	C:\Program Files\Java\jdk-11\bin\net.dll
0x00007ffb0e320000 - 0x00007ffb0e456000 	C:\WINDOWS\SYSTEM32\WINHTTP.dll
0x00007ffb11580000 - 0x00007ffb115e9000 	C:\WINDOWS\system32\mswsock.dll
0x00007ffafaec0000 - 0x00007ffafaed2000 	C:\Program Files\Java\jdk-11\bin\nio.dll
0x000002d541c60000 - 0x000002d541c63000 	C:\Users\willo\.openjfx\cache\19.0.2.1+1\amd64\api-ms-win-core-console-l1-1-0.dll
0x000002d541c70000 - 0x000002d541c73000 	C:\Users\willo\.openjfx\cache\19.0.2.1+1\amd64\api-ms-win-core-console-l1-2-0.dll
0x000002d560250000 - 0x000002d560253000 	C:\Users\willo\.openjfx\cache\19.0.2.1+1\amd64\api-ms-win-core-datetime-l1-1-0.dll
0x000002d560260000 - 0x000002d560263000 	C:\Users\willo\.openjfx\cache\19.0.2.1+1\amd64\api-ms-win-core-debug-l1-1-0.dll
0x000002d560270000 - 0x000002d560273000 	C:\Users\willo\.openjfx\cache\19.0.2.1+1\amd64\api-ms-win-core-errorhandling-l1-1-0.dll
0x000002d560280000 - 0x000002d560284000 	C:\Users\willo\.openjfx\cache\19.0.2.1+1\amd64\api-ms-win-core-file-l1-1-0.dll
0x000002d560290000 - 0x000002d560293000 	C:\Users\willo\.openjfx\cache\19.0.2.1+1\amd64\api-ms-win-core-file-l1-2-0.dll
0x000002d5604e0000 - 0x000002d5604e3000 	C:\Users\willo\.openjfx\cache\19.0.2.1+1\amd64\api-ms-win-core-file-l2-1-0.dll
0x000002d5602a0000 - 0x000002d5602a3000 	C:\Users\willo\.openjfx\cache\19.0.2.1+1\amd64\api-ms-win-core-handle-l1-1-0.dll
0x000002d5602b0000 - 0x000002d5602b3000 	C:\Users\willo\.openjfx\cache\19.0.2.1+1\amd64\api-ms-win-core-heap-l1-1-0.dll
0x000002d5602c0000 - 0x000002d5602c3000 	C:\Users\willo\.openjfx\cache\19.0.2.1+1\amd64\api-ms-win-core-interlocked-l1-1-0.dll
0x000002d5602d0000 - 0x000002d5602d3000 	C:\Users\willo\.openjfx\cache\19.0.2.1+1\amd64\api-ms-win-core-libraryloader-l1-1-0.dll
0x000002d5602e0000 - 0x000002d5602e3000 	C:\Users\willo\.openjfx\cache\19.0.2.1+1\amd64\api-ms-win-core-localization-l1-2-0.dll
0x000002d5602f0000 - 0x000002d5602f3000 	C:\Users\willo\.openjfx\cache\19.0.2.1+1\amd64\api-ms-win-core-memory-l1-1-0.dll
0x000002d560300000 - 0x000002d560303000 	C:\Users\willo\.openjfx\cache\19.0.2.1+1\amd64\api-ms-win-core-namedpipe-l1-1-0.dll
0x000002d560310000 - 0x000002d560313000 	C:\Users\willo\.openjfx\cache\19.0.2.1+1\amd64\api-ms-win-core-processenvironment-l1-1-0.dll
0x000002d560320000 - 0x000002d560323000 	C:\Users\willo\.openjfx\cache\19.0.2.1+1\amd64\api-ms-win-core-processthreads-l1-1-0.dll
0x000002d560330000 - 0x000002d560333000 	C:\Users\willo\.openjfx\cache\19.0.2.1+1\amd64\api-ms-win-core-processthreads-l1-1-1.dll
0x000002d560340000 - 0x000002d560343000 	C:\Users\willo\.openjfx\cache\19.0.2.1+1\amd64\api-ms-win-core-profile-l1-1-0.dll
0x000002d560350000 - 0x000002d560353000 	C:\Users\willo\.openjfx\cache\19.0.2.1+1\amd64\api-ms-win-core-rtlsupport-l1-1-0.dll
0x000002d560360000 - 0x000002d560363000 	C:\Users\willo\.openjfx\cache\19.0.2.1+1\amd64\api-ms-win-core-string-l1-1-0.dll
0x000002d560370000 - 0x000002d560373000 	C:\Users\willo\.openjfx\cache\19.0.2.1+1\amd64\api-ms-win-core-synch-l1-1-0.dll
0x000002d560380000 - 0x000002d560383000 	C:\Users\willo\.openjfx\cache\19.0.2.1+1\amd64\api-ms-win-core-synch-l1-2-0.dll
0x000002d560390000 - 0x000002d560393000 	C:\Users\willo\.openjfx\cache\19.0.2.1+1\amd64\api-ms-win-core-sysinfo-l1-1-0.dll
0x000002d5603a0000 - 0x000002d5603a3000 	C:\Users\willo\.openjfx\cache\19.0.2.1+1\amd64\api-ms-win-core-timezone-l1-1-0.dll
0x000002d5603b0000 - 0x000002d5603b3000 	C:\Users\willo\.openjfx\cache\19.0.2.1+1\amd64\api-ms-win-core-util-l1-1-0.dll
0x000002d5603c0000 - 0x000002d5603c3000 	C:\Users\willo\.openjfx\cache\19.0.2.1+1\amd64\api-ms-win-crt-conio-l1-1-0.dll
0x000002d5603d0000 - 0x000002d5603d4000 	C:\Users\willo\.openjfx\cache\19.0.2.1+1\amd64\api-ms-win-crt-convert-l1-1-0.dll
0x000002d5603e0000 - 0x000002d5603e3000 	C:\Users\willo\.openjfx\cache\19.0.2.1+1\amd64\api-ms-win-crt-environment-l1-1-0.dll
0x000002d5603f0000 - 0x000002d5603f3000 	C:\Users\willo\.openjfx\cache\19.0.2.1+1\amd64\api-ms-win-crt-filesystem-l1-1-0.dll
0x000002d560400000 - 0x000002d560403000 	C:\Users\willo\.openjfx\cache\19.0.2.1+1\amd64\api-ms-win-crt-heap-l1-1-0.dll
0x000002d560410000 - 0x000002d560413000 	C:\Users\willo\.openjfx\cache\19.0.2.1+1\amd64\api-ms-win-crt-locale-l1-1-0.dll
0x000002d560420000 - 0x000002d560425000 	C:\Users\willo\.openjfx\cache\19.0.2.1+1\amd64\api-ms-win-crt-math-l1-1-0.dll
0x000002d560430000 - 0x000002d560435000 	C:\Users\willo\.openjfx\cache\19.0.2.1+1\amd64\api-ms-win-crt-multibyte-l1-1-0.dll
0x000002d560440000 - 0x000002d560450000 	C:\Users\willo\.openjfx\cache\19.0.2.1+1\amd64\api-ms-win-crt-private-l1-1-0.dll
0x000002d560450000 - 0x000002d560453000 	C:\Users\willo\.openjfx\cache\19.0.2.1+1\amd64\api-ms-win-crt-process-l1-1-0.dll
0x000002d560460000 - 0x000002d560464000 	C:\Users\willo\.openjfx\cache\19.0.2.1+1\amd64\api-ms-win-crt-runtime-l1-1-0.dll
0x000002d560470000 - 0x000002d560474000 	C:\Users\willo\.openjfx\cache\19.0.2.1+1\amd64\api-ms-win-crt-stdio-l1-1-0.dll
0x000002d560480000 - 0x000002d560484000 	C:\Users\willo\.openjfx\cache\19.0.2.1+1\amd64\api-ms-win-crt-string-l1-1-0.dll
0x000002d560490000 - 0x000002d560493000 	C:\Users\willo\.openjfx\cache\19.0.2.1+1\amd64\api-ms-win-crt-time-l1-1-0.dll
0x000002d5604a0000 - 0x000002d5604a3000 	C:\Users\willo\.openjfx\cache\19.0.2.1+1\amd64\api-ms-win-crt-utility-l1-1-0.dll
0x00007ffad78b0000 - 0x00007ffad79ac000 	C:\Users\willo\.openjfx\cache\19.0.2.1+1\amd64\ucrtbase.dll
0x00007ffaf3410000 - 0x00007ffaf342b000 	C:\Users\willo\.openjfx\cache\19.0.2.1+1\amd64\vcruntime140.dll
0x00007ffb06c70000 - 0x00007ffb06c7c000 	C:\Users\willo\.openjfx\cache\19.0.2.1+1\amd64\vcruntime140_1.dll
0x00007ffad3d50000 - 0x00007ffad3dde000 	C:\Users\willo\.openjfx\cache\19.0.2.1+1\amd64\msvcp140.dll
0x00007ffb06410000 - 0x00007ffb06419000 	C:\Users\willo\.openjfx\cache\19.0.2.1+1\amd64\msvcp140_1.dll
0x00007ffaf33e0000 - 0x00007ffaf3410000 	C:\Users\willo\.openjfx\cache\19.0.2.1+1\amd64\msvcp140_2.dll
0x00007ffaf3140000 - 0x00007ffaf316c000 	C:\Users\willo\.openjfx\cache\19.0.2.1+1\amd64\prism_d3d.dll
0x00007ffac9290000 - 0x00007ffac9438000 	C:\WINDOWS\system32\d3d9.dll
0x00007ffb0f320000 - 0x00007ffb0f34b000 	C:\WINDOWS\SYSTEM32\dwmapi.dll
0x00007ffb0f1d0000 - 0x00007ffb0f209000 	C:\WINDOWS\SYSTEM32\dxcore.dll
0x00007ffb0f0d0000 - 0x00007ffb0f17a000 	C:\WINDOWS\system32\uxtheme.dll
0x00007ffb08870000 - 0x00007ffb08a2b000 	C:\WINDOWS\System32\DriverStore\FileRepository\u0390835.inf_amd64_66888840aa4163cc\B390488\aticfx64.dll
0x00007ffaef3d0000 - 0x00007ffaef404000 	C:\WINDOWS\System32\DriverStore\FileRepository\u0390835.inf_amd64_66888840aa4163cc\B390488\atiu9p64.dll
0x00007ffaa05f0000 - 0x00007ffaa1345000 	C:\WINDOWS\System32\DriverStore\FileRepository\u0390835.inf_amd64_66888840aa4163cc\B390488\atiumd64.dll
0x00007ffb12fe0000 - 0x00007ffb13185000 	C:\WINDOWS\System32\ole32.dll
0x000000006ef80000 - 0x000000006fea8000 	C:\WINDOWS\System32\DriverStore\FileRepository\u0390835.inf_amd64_66888840aa4163cc\B390488\atiumd6a.dll
0x00007ffb14470000 - 0x00007ffb148e4000 	C:\WINDOWS\System32\SETUPAPI.dll
0x00007ffb11d60000 - 0x00007ffb11dad000 	C:\WINDOWS\SYSTEM32\POWRPROF.dll
0x00007ffb11b60000 - 0x00007ffb11b73000 	C:\WINDOWS\SYSTEM32\UMPDC.dll
0x00007ffb0ab50000 - 0x00007ffb0ab85000 	C:\WINDOWS\SYSTEM32\amdihk64.dll
0x00007ffb09aa0000 - 0x00007ffb09ae9000 	C:\WINDOWS\SYSTEM32\directxdatabasehelper.dll
0x00007ffae8060000 - 0x00007ffae80a2000 	C:\Users\willo\.openjfx\cache\19.0.2.1+1\amd64\glass.dll
0x00007ffb14c40000 - 0x00007ffb14d36000 	C:\WINDOWS\System32\COMDLG32.dll
0x00007ffb137f0000 - 0x00007ffb13943000 	C:\WINDOWS\System32\MSCTF.dll
0x00007ffaece60000 - 0x00007ffaece74000 	C:\Users\willo\.openjfx\cache\19.0.2.1+1\amd64\javafx_font.dll
0x00007ffb0b2e0000 - 0x00007ffb0b553000 	C:\WINDOWS\SYSTEM32\dwrite.dll
0x00007ffb12f10000 - 0x00007ffb12fc0000 	C:\WINDOWS\System32\clbcatq.dll
0x00007ffb0eed0000 - 0x00007ffb0f080000 	C:\WINDOWS\SYSTEM32\WindowsCodecs.dll
0x00007ffaf5400000 - 0x00007ffaf545e000 	C:\WINDOWS\system32\dataexchange.dll
0x00007ffb07670000 - 0x00007ffb078fa000 	C:\WINDOWS\system32\twinapi.appcore.dll
0x00007fface740000 - 0x00007fface772000 	C:\Program Files\Common Files\Microsoft Shared\Ink\rtscom.dll
0x00007ffafb430000 - 0x00007ffafb57d000 	C:\WINDOWS\SYSTEM32\textinputframework.dll
0x00007ffb0c6a0000 - 0x00007ffb0c7d3000 	C:\WINDOWS\SYSTEM32\CoreMessaging.dll
0x00007ffb09190000 - 0x00007ffb094fd000 	C:\WINDOWS\SYSTEM32\CoreUIComponents.dll
0x00007ffb11820000 - 0x00007ffb1182c000 	C:\WINDOWS\SYSTEM32\CRYPTBASE.DLL
0x00007ffb10bd0000 - 0x00007ffb10cc8000 	C:\WINDOWS\SYSTEM32\DNSAPI.dll
0x00007ffb10b60000 - 0x00007ffb10b8d000 	C:\WINDOWS\SYSTEM32\IPHLPAPI.DLL
0x00007ffb12ea0000 - 0x00007ffb12ea9000 	C:\WINDOWS\System32\NSI.dll
0x00007ffb03090000 - 0x00007ffb0309a000 	C:\Windows\System32\rasadhlp.dll
0x00007ffb0d940000 - 0x00007ffb0d9c3000 	C:\WINDOWS\System32\fwpuclnt.dll

dbghelp: loaded successfully - version: 4.0.5 - missing functions: none
symbol engine: initialized successfully - sym options: 0x614 - pdb path: .;C:\Program Files\Java\jdk-11\bin;C:\WINDOWS\SYSTEM32;C:\WINDOWS\WinSxS\amd64_microsoft.windows.common-controls_6595b64144ccf1df_6.0.22621.3672_none_2713b9d173822955;C:\Program Files\Java\jdk-11\bin\server;C:\Users\willo\.openjfx\cache\19.0.2.1+1\amd64;C:\WINDOWS\System32\DriverStore\FileRepository\u0390835.inf_amd64_66888840aa4163cc\B390488;C:\Program Files\Common Files\Microsoft Shared\Ink

VM Arguments:
jvm_args: --module-path=C:\Users\willo\.m2\repository\org\openjfx\javafx-base\19.0.2.1\javafx-base-19.0.2.1-win.jar;C:\Users\willo\.m2\repository\org\openjfx\javafx-base\19.0.2.1\javafx-base-19.0.2.1.jar;C:\Users\willo\.m2\repository\org\openjfx\javafx-controls\19.0.2.1\javafx-controls-19.0.2.1-win.jar;C:\Users\willo\.m2\repository\org\openjfx\javafx-controls\19.0.2.1\javafx-controls-19.0.2.1.jar;C:\Users\willo\.m2\repository\org\openjfx\javafx-fxml\19.0.2.1\javafx-fxml-19.0.2.1-win.jar;C:\Users\willo\.m2\repository\org\openjfx\javafx-fxml\19.0.2.1\javafx-fxml-19.0.2.1.jar;C:\Users\willo\.m2\repository\org\openjfx\javafx-graphics\19.0.2.1\javafx-graphics-19.0.2.1-win.jar;C:\Users\willo\.m2\repository\org\openjfx\javafx-graphics\19.0.2.1\javafx-graphics-19.0.2.1.jar --add-modules=javafx.base,javafx.controls,javafx.fxml,javafx.graphics 
java_command: Main
java_class_path (initial): D:\Edu\iCD\Standalone App Development\Final_Coursework\clothify_store_pos\target\classes;C:\Users\willo\.m2\repository\com\fasterxml\classmate\1.5.1\classmate-1.5.1.jar;C:\Users\willo\.m2\repository\com\fasterxml\jackson\core\jackson-annotations\2.15.3\jackson-annotations-2.15.3.jar;C:\Users\willo\.m2\repository\com\fasterxml\jackson\core\jackson-core\2.15.3\jackson-core-2.15.3.jar;C:\Users\willo\.m2\repository\com\fasterxml\jackson\core\jackson-databind\2.15.3\jackson-databind-2.15.3.jar;C:\Users\willo\.m2\repository\com\fasterxml\jackson\dataformat\jackson-dataformat-xml\2.15.3\jackson-dataformat-xml-2.15.3.jar;C:\Users\willo\.m2\repository\com\fasterxml\woodstox\woodstox-core\6.5.1\woodstox-core-6.5.1.jar;C:\Users\willo\.m2\repository\com\github\librepdf\openpdf\1.3.30.jaspersoft.3\openpdf-1.3.30.jaspersoft.3.jar;C:\Users\willo\.m2\repository\com\google\protobuf\protobuf-java\3.25.1\protobuf-java-3.25.1.jar;C:\Users\willo\.m2\repository\com\jfoenix\jfoenix\9.0.1\jfoenix-9.0.1.jar;C:\Users\willo\.m2\repository\com\mysql\mysql-connector-j\8.4.0\mysql-connector-j-8.4.0.jar;C:\Users\willo\.m2\repository\com\sun\istack\istack-commons-runtime\4.1.1\istack-commons-runtime-4.1.1.jar;C:\Users\willo\.m2\repository\commons-beanutils\commons-beanutils\1.9.4\commons-beanutils-1.9.4.jar;C:\Users\willo\.m2\repository\commons-collections\commons-collections\3.2.2\commons-collections-3.2.2.jar;C:\Users\willo\.m2\repository\commons-digester\commons-digester\2.1\commons-digester-2.1.jar;C:\Users\willo\.m2\repository\commons-logging\commons-logging\1.3.2\commons-logging-1.3.2.jar;C:\Users\willo\.m2\repository\commons-validator\commons-validator\1.9.0\commons-validator-1.9.0.jar;C:\Users\willo\.m2\repository\io\smallrye\jandex\3.1.2\jandex-3.1.2.jar;C:\Users\willo\.m2\repository\jakarta\activation\jakarta.activation-api\2.1.0\jakarta.activation-api-2.1.0.jar;C:\Users\willo\.m2\repository\jakarta\inject\jakarta.inject-api\2.0.1\jakarta.inject-api-2.0.1.jar
Launcher Type: SUN_STANDARD

[Global flags]
     intx CICompilerCount                          = 4                                         {product} {ergonomic}
     uint ConcGCThreads                            = 3                                         {product} {ergonomic}
     uint G1ConcRefinementThreads                  = 10                                        {product} {ergonomic}
   size_t G1HeapRegionSize                         = 1048576                                   {product} {ergonomic}
    uintx GCDrainStackTargetSize                   = 64                                        {product} {ergonomic}
   size_t InitialHeapSize                          = 98566144                                  {product} {ergonomic}
   size_t MarkStackSize                            = 4194304                                   {product} {ergonomic}
   size_t MaxHeapSize                              = 1570766848                                {product} {ergonomic}
   size_t MaxNewSize                               = 941621248                                 {product} {ergonomic}
   size_t MinHeapDeltaBytes                        = 1048576                                   {product} {ergonomic}
    uintx NonNMethodCodeHeapSize                   = 5836300                                {pd product} {ergonomic}
    uintx NonProfiledCodeHeapSize                  = 122910970                              {pd product} {ergonomic}
    uintx ProfiledCodeHeapSize                     = 122910970                              {pd product} {ergonomic}
    uintx ReservedCodeCacheSize                    = 251658240                              {pd product} {ergonomic}
     bool SegmentedCodeCache                       = true                                      {product} {ergonomic}
     bool UseCompressedClassPointers               = true                                 {lp64_product} {ergonomic}
     bool UseCompressedOops                        = true                                 {lp64_product} {ergonomic}
     bool UseG1GC                                  = true                                      {product} {ergonomic}
     bool UseLargePagesIndividualAllocation        = false                                  {pd product} {ergonomic}

Logging:
Log output configuration:
 #0: stdout all=warning uptime,level,tags
 #1: stderr all=off uptime,level,tags

Environment Variables:
PATH=C:\Program Files\Java\jdk-11\bin;C:\Program Files\Java\jdk1.8.0_202\bin;C:\WINDOWS\system32;C:\WINDOWS;C:\WINDOWS\System32\Wbem;C:\WINDOWS\System32\WindowsPowerShell\v1.0\;C:\WINDOWS\System32\OpenSSH\;C:\Program Files\dotnet\;C:\Program Files\nodejs\;C:\Program Files\Git\cmd;C:\Program Files\Java\jdk1.8.0_202\bin;C:\Program Files\Java\jdk-11\bin;C:\Users\willo\AppData\Local\Microsoft\WindowsApps;C:\Users\willo\AppData\Local\Programs\Microsoft VS Code\bin;C:\Program Files\MySQL\MySQL Server 8.0\bin;D:\Apps\MiKTeX\miktex\bin\x64\;C:\Users\willo\AppData\Roaming\npm
USERNAME=willo
OS=Windows_NT
PROCESSOR_IDENTIFIER=AMD64 Family 23 Model 104 Stepping 1, AuthenticAMD



---------------  S Y S T E M  ---------------

OS: Windows 11 , 64 bit Build 22621 (10.0.22621.3672)
Hyper-V role detected

CPU:total 12 (initial active 12) (12 cores per cpu, 2 threads per core) family 23 model 104 stepping 1 microcode 0x0, cmov, cx8, fxsr, mmx, sse, sse2, sse3, ssse3, sse4.1, sse4.2, popcnt, avx, avx2, aes, clmul, mmxext, 3dnowpref, lzcnt, sse4a, ht, tsc, tscinvbit, tscinv, bmi1, bmi2, adx,

Memory: 4k page, system-wide physical 5989M (299M free)
TotalPageFile size 17154M (AvailPageFile size 2M)
current process WorkingSet (physical memory assigned to process): 333M, peak: 333M
current process commit charge ("private bytes"): 413M, peak: 418M

vm_info: Java HotSpot(TM) 64-Bit Server VM (11.0.20+9-LTS-256) for windows-amd64 JRE (11.0.20+9-LTS-256), built on Jun 14 2023 10:34:22 by "mach5one" with MS VC++ 17.1 (VS2022)

END.
