#
# There is insufficient memory for the Java Runtime Environment to continue.
# Native memory allocation (malloc) failed to allocate 2039536 bytes for Chunk::new
# Possible reasons:
#   The system is out of physical RAM or swap space
#   The process is running with CompressedOops enabled, and the Java Heap may be blocking the growth of the native heap
# Possible solutions:
#   Reduce memory load on the system
#   Increase physical memory or swap space
#   Check if swap backing store is full
#   Decrease Java heap size (-Xmx/-Xms)
#   Decrease number of Java threads
#   Decrease Java thread stack sizes (-Xss)
#   Set larger code cache with -XX:ReservedCodeCacheSize=
#   JVM is running with Unscaled Compressed Oops mode in which the Java heap is
#     placed in the first 4GB address space. The Java Heap base address is the
#     maximum limit for the native heap growth. Please use -XX:HeapBaseMinAddress
#     to set the Java Heap base and to place the Java Heap above 4GB virtual address.
# This output file may be truncated or incomplete.
#
#  Out of Memory Error (./open/src/hotspot/share/memory/arena.cpp:197), pid=7304, tid=29556
#
# JRE version: Java(TM) SE Runtime Environment 18.9 (11.0.20+9) (build 11.0.20+9-LTS-256)
# Java VM: Java HotSpot(TM) 64-Bit Server VM 18.9 (11.0.20+9-LTS-256, mixed mode, tiered, compressed oops, g1 gc, windows-amd64)
# No core dump will be written. Minidumps are not enabled by default on client versions of Windows
#

---------------  S U M M A R Y ------------

Command Line: --module-path=C:\Users\willo\.m2\repository\org\openjfx\javafx-base\19.0.2.1\javafx-base-19.0.2.1-win.jar;C:\Users\willo\.m2\repository\org\openjfx\javafx-base\19.0.2.1\javafx-base-19.0.2.1.jar;C:\Users\willo\.m2\repository\org\openjfx\javafx-controls\19.0.2.1\javafx-controls-19.0.2.1-win.jar;C:\Users\willo\.m2\repository\org\openjfx\javafx-controls\19.0.2.1\javafx-controls-19.0.2.1.jar;C:\Users\willo\.m2\repository\org\openjfx\javafx-fxml\19.0.2.1\javafx-fxml-19.0.2.1-win.jar;C:\Users\willo\.m2\repository\org\openjfx\javafx-fxml\19.0.2.1\javafx-fxml-19.0.2.1.jar;C:\Users\willo\.m2\repository\org\openjfx\javafx-graphics\19.0.2.1\javafx-graphics-19.0.2.1-win.jar;C:\Users\willo\.m2\repository\org\openjfx\javafx-graphics\19.0.2.1\javafx-graphics-19.0.2.1.jar --add-modules=javafx.base,javafx.controls,javafx.fxml,javafx.graphics edu.icet.coursework.Main

Host: AMD Ryzen 5 5500U with Radeon Graphics         , 12 cores, 5G,  Windows 11 , 64 bit Build 22621 (10.0.22621.3672)
Time: Sun Jun 23 22:10:31 2024 Sri Lanka Standard Time elapsed time: 11.515543 seconds (0d 0h 0m 11s)

---------------  T H R E A D  ---------------

Current thread (0x0000026664894800):  JavaThread "C2 CompilerThread0" daemon [_thread_in_native, id=29556, stack(0x000000ee35400000,0x000000ee35500000)]


Current CompileTask:
C2:  11515 3920   !   4       jdk.internal.loader.BuiltinClassLoader::loadClassOrNull (143 bytes)

Stack: [0x000000ee35400000,0x000000ee35500000]
Native frames: (J=compiled Java code, j=interpreted, Vv=VM code, C=native code)
V  [jvm.dll+0x6602ba]
V  [jvm.dll+0x7a32af]
V  [jvm.dll+0x7a4979]
V  [jvm.dll+0x7a5013]
V  [jvm.dll+0x258ef5]
V  [jvm.dll+0xb2a0c]
V  [jvm.dll+0xb2fcc]
V  [jvm.dll+0x36764f]
V  [jvm.dll+0x330365]
V  [jvm.dll+0x32f74a]
V  [jvm.dll+0x211bfd]
V  [jvm.dll+0x210bc8]
V  [jvm.dll+0x18cdb1]
V  [jvm.dll+0x220e59]
V  [jvm.dll+0x21f17c]
V  [jvm.dll+0x767061]
V  [jvm.dll+0x75f8e4]
V  [jvm.dll+0x65f165]
C  [ucrtbase.dll+0x29333]
C  [KERNEL32.DLL+0x1257d]
C  [ntdll.dll+0x5af28]


---------------  P R O C E S S  ---------------

Threads class SMR info:
_java_thread_list=0x0000026666584b80, length=19, elements={
0x0000026647838000, 0x0000026664871000, 0x0000026664873000, 0x000002666488c000,
0x0000026664890000, 0x0000026664891000, 0x0000026664894800, 0x0000026664896000,
0x0000026664897800, 0x0000026665358800, 0x00000266658ed000, 0x0000026665be4800,
0x0000026665c22000, 0x0000026665a4a800, 0x000002666620d800, 0x0000026665461800,
0x0000026666a91000, 0x00000266729bf000, 0x0000026665c4d800
}

Java Threads: ( => current thread )
  0x0000026647838000 JavaThread "main" [_thread_blocked, id=13484, stack(0x000000ee34800000,0x000000ee34900000)]
  0x0000026664871000 JavaThread "Reference Handler" daemon [_thread_blocked, id=13256, stack(0x000000ee34f00000,0x000000ee35000000)]
  0x0000026664873000 JavaThread "Finalizer" daemon [_thread_blocked, id=9204, stack(0x000000ee35000000,0x000000ee35100000)]
  0x000002666488c000 JavaThread "Signal Dispatcher" daemon [_thread_blocked, id=7848, stack(0x000000ee35100000,0x000000ee35200000)]
  0x0000026664890000 JavaThread "Attach Listener" daemon [_thread_blocked, id=3356, stack(0x000000ee35200000,0x000000ee35300000)]
  0x0000026664891000 JavaThread "Service Thread" daemon [_thread_blocked, id=32324, stack(0x000000ee35300000,0x000000ee35400000)]
=>0x0000026664894800 JavaThread "C2 CompilerThread0" daemon [_thread_in_native, id=29556, stack(0x000000ee35400000,0x000000ee35500000)]
  0x0000026664896000 JavaThread "C1 CompilerThread0" daemon [_thread_in_native, id=12892, stack(0x000000ee35500000,0x000000ee35600000)]
  0x0000026664897800 JavaThread "Sweeper thread" daemon [_thread_blocked, id=24012, stack(0x000000ee35600000,0x000000ee35700000)]
  0x0000026665358800 JavaThread "Common-Cleaner" daemon [_thread_blocked, id=24556, stack(0x000000ee35700000,0x000000ee35800000)]
  0x00000266658ed000 JavaThread "QuantumRenderer-0" daemon [_thread_blocked, id=6316, stack(0x000000ee35a00000,0x000000ee35b00000)]
  0x0000026665be4800 JavaThread "InvokeLaterDispatcher" daemon [_thread_blocked, id=7600, stack(0x000000ee35d00000,0x000000ee35e00000)]
  0x0000026665c22000 JavaThread "JavaFX Application Thread" [_thread_in_native, id=14612, stack(0x000000ee35e00000,0x000000ee35f00000)]
  0x0000026665a4a800 JavaThread "JavaFX-Launcher" [_thread_blocked, id=18300, stack(0x000000ee36800000,0x000000ee36900000)]
  0x000002666620d800 JavaThread "Thread-2" daemon [_thread_in_native, id=26268, stack(0x000000ee36700000,0x000000ee36800000)]
  0x0000026665461800 JavaThread "Prism Font Disposer" daemon [_thread_blocked, id=30996, stack(0x000000ee35800000,0x000000ee35900000)]
  0x0000026666a91000 JavaThread "Cleaner-0" daemon [_thread_blocked, id=29300, stack(0x000000ee37300000,0x000000ee37400000)]
  0x00000266729bf000 JavaThread "mysql-cj-abandoned-connection-cleanup" daemon [_thread_blocked, id=29156, stack(0x000000ee37600000,0x000000ee37700000)]
  0x0000026665c4d800 JavaThread "C2 CompilerThread1" daemon [_thread_in_native, id=21920, stack(0x000000ee37700000,0x000000ee37800000)]

Other Threads:
  0x000002666486f800 VMThread "VM Thread" [stack: 0x000000ee34e00000,0x000000ee34f00000] [id=8776]
  0x00000266657b8000 WatcherThread [stack: 0x000000ee35900000,0x000000ee35a00000] [id=16748]
  0x000002664784b800 GCTaskThread "GC Thread#0" [stack: 0x000000ee34900000,0x000000ee34a00000] [id=28648]
  0x0000026666237000 GCTaskThread "GC Thread#1" [stack: 0x000000ee36900000,0x000000ee36a00000] [id=20212]
  0x0000026666238000 GCTaskThread "GC Thread#2" [stack: 0x000000ee36a00000,0x000000ee36b00000] [id=10948]
  0x0000026666238800 GCTaskThread "GC Thread#3" [stack: 0x000000ee36b00000,0x000000ee36c00000] [id=15428]
  0x0000026666239800 GCTaskThread "GC Thread#4" [stack: 0x000000ee36c00000,0x000000ee36d00000] [id=30296]
  0x000002666623a000 GCTaskThread "GC Thread#5" [stack: 0x000000ee36d00000,0x000000ee36e00000] [id=9788]
  0x0000026647872800 ConcurrentGCThread "G1 edu.icet.coursework.Main Marker" [stack: 0x000000ee34a00000,0x000000ee34b00000] [id=20604]
  0x0000026647875800 ConcurrentGCThread "G1 Conc#0" [stack: 0x000000ee34b00000,0x000000ee34c00000] [id=11656]
  0x0000026666263800 ConcurrentGCThread "G1 Conc#1" [stack: 0x000000ee37000000,0x000000ee37100000] [id=11636]
  0x0000026670d4e800 ConcurrentGCThread "G1 Conc#2" [stack: 0x000000ee37100000,0x000000ee37200000] [id=25920]
  0x00000266478f5000 ConcurrentGCThread "G1 Refine#0" [stack: 0x000000ee34c00000,0x000000ee34d00000] [id=28160]
  0x000002666626c800 ConcurrentGCThread "G1 Refine#1" [stack: 0x000000ee36f00000,0x000000ee37000000] [id=31764]
  0x0000026666c98800 ConcurrentGCThread "G1 Refine#2" [stack: 0x000000ee37200000,0x000000ee37300000] [id=21632]
  0x00000266646c0800 ConcurrentGCThread "G1 Young RemSet Sampling" [stack: 0x000000ee34d00000,0x000000ee34e00000] [id=14628]

Threads with active compile tasks:
C2 CompilerThread0    11559 3920   !   4       jdk.internal.loader.BuiltinClassLoader::loadClassOrNull (143 bytes)
C2 CompilerThread1    11559 3942   !   4       java.net.URL::<init> (543 bytes)

VM state:not at safepoint (normal execution)

VM Mutex/Monitor currently owned by a thread: None

Heap address: 0x00000000a2600000, size: 1498 MB, Compressed Oops mode: 32-bit
Narrow klass base: 0x0000000000000000, Narrow klass shift: 3
Compressed class space size: 1073741824 Address: 0x0000000100000000

Heap:
 garbage-first heap   total 96256K, used 34778K [0x00000000a2600000, 0x0000000100000000)
  region size 1024K, 17 young (17408K), 2 survivors (2048K)
 Metaspace       used 43531K, capacity 44712K, committed 44972K, reserved 1087488K
  class space    used 5616K, capacity 6116K, committed 6144K, reserved 1048576K
Heap Regions: E=young(eden), S=young(survivor), O=old, HS=humongous(starts), HC=humongous(continues), CS=collection set, F=free, A=archive, TAMS=top-at-mark-start (previous, next)
|   0|0x00000000a2600000, 0x00000000a2700000, 0x00000000a2700000|100%| O|  |TAMS 0x00000000a2700000, 0x00000000a2600000| Untracked 
|   1|0x00000000a2700000, 0x00000000a2800000, 0x00000000a2800000|100%|HS|  |TAMS 0x00000000a2800000, 0x00000000a2700000| Complete 
|   2|0x00000000a2800000, 0x00000000a2900000, 0x00000000a2900000|100%| O|  |TAMS 0x00000000a2900000, 0x00000000a2800000| Untracked 
|   3|0x00000000a2900000, 0x00000000a2a00000, 0x00000000a2a00000|100%| O|  |TAMS 0x00000000a2a00000, 0x00000000a2900000| Untracked 
|   4|0x00000000a2a00000, 0x00000000a2b00000, 0x00000000a2b00000|100%| O|  |TAMS 0x00000000a2b00000, 0x00000000a2a00000| Untracked 
|   5|0x00000000a2b00000, 0x00000000a2c00000, 0x00000000a2c00000|100%| O|  |TAMS 0x00000000a2c00000, 0x00000000a2b00000| Untracked 
|   6|0x00000000a2c00000, 0x00000000a2d00000, 0x00000000a2d00000|100%| O|  |TAMS 0x00000000a2d00000, 0x00000000a2c00000| Untracked 
|   7|0x00000000a2d00000, 0x00000000a2e00000, 0x00000000a2e00000|100%| O|  |TAMS 0x00000000a2e00000, 0x00000000a2d00000| Untracked 
|   8|0x00000000a2e00000, 0x00000000a2f00000, 0x00000000a2f00000|100%| O|  |TAMS 0x00000000a2f00000, 0x00000000a2e00000| Untracked 
|   9|0x00000000a2f00000, 0x00000000a3000000, 0x00000000a3000000|100%| O|  |TAMS 0x00000000a3000000, 0x00000000a2f00000| Untracked 
|  10|0x00000000a3000000, 0x00000000a3100000, 0x00000000a3100000|100%| O|  |TAMS 0x00000000a3100000, 0x00000000a3000000| Untracked 
|  11|0x00000000a3100000, 0x00000000a3200000, 0x00000000a3200000|100%|HS|  |TAMS 0x00000000a3200000, 0x00000000a3100000| Complete 
|  12|0x00000000a3200000, 0x00000000a3300000, 0x00000000a3300000|100%|HC|  |TAMS 0x00000000a3300000, 0x00000000a3200000| Complete 
|  13|0x00000000a3300000, 0x00000000a3400000, 0x00000000a3400000|100%| O|  |TAMS 0x00000000a3400000, 0x00000000a3300000| Untracked 
|  14|0x00000000a3400000, 0x00000000a3500000, 0x00000000a3500000|100%| O|  |TAMS 0x00000000a3500000, 0x00000000a3400000| Untracked 
|  15|0x00000000a3500000, 0x00000000a3600000, 0x00000000a3600000|100%| O|  |TAMS 0x00000000a3600000, 0x00000000a3500000| Untracked 
|  16|0x00000000a3600000, 0x00000000a3700000, 0x00000000a3700000|100%| O|  |TAMS 0x00000000a3700000, 0x00000000a3600000| Untracked 
|  17|0x00000000a3700000, 0x00000000a3800000, 0x00000000a3800000|100%| O|  |TAMS 0x00000000a3800000, 0x00000000a3700000| Untracked 
|  18|0x00000000a3800000, 0x00000000a3900000, 0x00000000a3900000|100%| O|  |TAMS 0x00000000a3900000, 0x00000000a3800000| Untracked 
|  19|0x00000000a3900000, 0x00000000a398f200, 0x00000000a3a00000| 55%| O|  |TAMS 0x00000000a398f200, 0x00000000a3900000| Untracked 
|  20|0x00000000a3a00000, 0x00000000a3a00000, 0x00000000a3b00000|  0%| F|  |TAMS 0x00000000a3a00000, 0x00000000a3a00000| Untracked 
|  21|0x00000000a3b00000, 0x00000000a3b00000, 0x00000000a3c00000|  0%| F|  |TAMS 0x00000000a3b00000, 0x00000000a3b00000| Untracked 
|  22|0x00000000a3c00000, 0x00000000a3c00000, 0x00000000a3d00000|  0%| F|  |TAMS 0x00000000a3c00000, 0x00000000a3c00000| Untracked 
|  23|0x00000000a3d00000, 0x00000000a3d00000, 0x00000000a3e00000|  0%| F|  |TAMS 0x00000000a3d00000, 0x00000000a3d00000| Untracked 
|  24|0x00000000a3e00000, 0x00000000a3e00000, 0x00000000a3f00000|  0%| F|  |TAMS 0x00000000a3e00000, 0x00000000a3e00000| Untracked 
|  25|0x00000000a3f00000, 0x00000000a3f00000, 0x00000000a4000000|  0%| F|  |TAMS 0x00000000a3f00000, 0x00000000a3f00000| Untracked 
|  26|0x00000000a4000000, 0x00000000a4000000, 0x00000000a4100000|  0%| F|  |TAMS 0x00000000a4000000, 0x00000000a4000000| Untracked 
|  27|0x00000000a4100000, 0x00000000a4100000, 0x00000000a4200000|  0%| F|  |TAMS 0x00000000a4100000, 0x00000000a4100000| Untracked 
|  28|0x00000000a4200000, 0x00000000a4200000, 0x00000000a4300000|  0%| F|  |TAMS 0x00000000a4200000, 0x00000000a4200000| Untracked 
|  29|0x00000000a4300000, 0x00000000a4300000, 0x00000000a4400000|  0%| F|  |TAMS 0x00000000a4300000, 0x00000000a4300000| Untracked 
|  30|0x00000000a4400000, 0x00000000a4400000, 0x00000000a4500000|  0%| F|  |TAMS 0x00000000a4400000, 0x00000000a4400000| Untracked 
|  31|0x00000000a4500000, 0x00000000a4500000, 0x00000000a4600000|  0%| F|  |TAMS 0x00000000a4500000, 0x00000000a4500000| Untracked 
|  32|0x00000000a4600000, 0x00000000a4600000, 0x00000000a4700000|  0%| F|  |TAMS 0x00000000a4600000, 0x00000000a4600000| Untracked 
|  33|0x00000000a4700000, 0x00000000a4700000, 0x00000000a4800000|  0%| F|  |TAMS 0x00000000a4700000, 0x00000000a4700000| Untracked 
|  34|0x00000000a4800000, 0x00000000a4800000, 0x00000000a4900000|  0%| F|  |TAMS 0x00000000a4800000, 0x00000000a4800000| Untracked 
|  35|0x00000000a4900000, 0x00000000a4900000, 0x00000000a4a00000|  0%| F|  |TAMS 0x00000000a4900000, 0x00000000a4900000| Untracked 
|  36|0x00000000a4a00000, 0x00000000a4a00000, 0x00000000a4b00000|  0%| F|  |TAMS 0x00000000a4a00000, 0x00000000a4a00000| Untracked 
|  37|0x00000000a4b00000, 0x00000000a4b00000, 0x00000000a4c00000|  0%| F|  |TAMS 0x00000000a4b00000, 0x00000000a4b00000| Untracked 
|  38|0x00000000a4c00000, 0x00000000a4c00000, 0x00000000a4d00000|  0%| F|  |TAMS 0x00000000a4c00000, 0x00000000a4c00000| Untracked 
|  39|0x00000000a4d00000, 0x00000000a4d00000, 0x00000000a4e00000|  0%| F|  |TAMS 0x00000000a4d00000, 0x00000000a4d00000| Untracked 
|  40|0x00000000a4e00000, 0x00000000a4e00000, 0x00000000a4f00000|  0%| F|  |TAMS 0x00000000a4e00000, 0x00000000a4e00000| Untracked 
|  41|0x00000000a4f00000, 0x00000000a4f00000, 0x00000000a5000000|  0%| F|  |TAMS 0x00000000a4f00000, 0x00000000a4f00000| Untracked 
|  42|0x00000000a5000000, 0x00000000a5000000, 0x00000000a5100000|  0%| F|  |TAMS 0x00000000a5000000, 0x00000000a5000000| Untracked 
|  43|0x00000000a5100000, 0x00000000a5100000, 0x00000000a5200000|  0%| F|  |TAMS 0x00000000a5100000, 0x00000000a5100000| Untracked 
|  44|0x00000000a5200000, 0x00000000a5200000, 0x00000000a5300000|  0%| F|  |TAMS 0x00000000a5200000, 0x00000000a5200000| Untracked 
|  45|0x00000000a5300000, 0x00000000a5300000, 0x00000000a5400000|  0%| F|  |TAMS 0x00000000a5300000, 0x00000000a5300000| Untracked 
|  46|0x00000000a5400000, 0x00000000a5400000, 0x00000000a5500000|  0%| F|  |TAMS 0x00000000a5400000, 0x00000000a5400000| Untracked 
|  47|0x00000000a5500000, 0x00000000a5500000, 0x00000000a5600000|  0%| F|  |TAMS 0x00000000a5500000, 0x00000000a5500000| Untracked 
|  48|0x00000000a5600000, 0x00000000a5600000, 0x00000000a5700000|  0%| F|  |TAMS 0x00000000a5600000, 0x00000000a5600000| Untracked 
|  49|0x00000000a5700000, 0x00000000a5700000, 0x00000000a5800000|  0%| F|  |TAMS 0x00000000a5700000, 0x00000000a5700000| Untracked 
|  50|0x00000000a5800000, 0x00000000a5800000, 0x00000000a5900000|  0%| F|  |TAMS 0x00000000a5800000, 0x00000000a5800000| Untracked 
|  51|0x00000000a5900000, 0x00000000a5900000, 0x00000000a5a00000|  0%| F|  |TAMS 0x00000000a5900000, 0x00000000a5900000| Untracked 
|  52|0x00000000a5a00000, 0x00000000a5a00000, 0x00000000a5b00000|  0%| F|  |TAMS 0x00000000a5a00000, 0x00000000a5a00000| Untracked 
|  53|0x00000000a5b00000, 0x00000000a5b00000, 0x00000000a5c00000|  0%| F|  |TAMS 0x00000000a5b00000, 0x00000000a5b00000| Untracked 
|  54|0x00000000a5c00000, 0x00000000a5c00000, 0x00000000a5d00000|  0%| F|  |TAMS 0x00000000a5c00000, 0x00000000a5c00000| Untracked 
|  55|0x00000000a5d00000, 0x00000000a5d00000, 0x00000000a5e00000|  0%| F|  |TAMS 0x00000000a5d00000, 0x00000000a5d00000| Untracked 
|  56|0x00000000a5e00000, 0x00000000a5e00000, 0x00000000a5f00000|  0%| F|  |TAMS 0x00000000a5e00000, 0x00000000a5e00000| Untracked 
|  57|0x00000000a5f00000, 0x00000000a5f00000, 0x00000000a6000000|  0%| F|  |TAMS 0x00000000a5f00000, 0x00000000a5f00000| Untracked 
|  58|0x00000000a6000000, 0x00000000a6000000, 0x00000000a6100000|  0%| F|  |TAMS 0x00000000a6000000, 0x00000000a6000000| Untracked 
|  59|0x00000000a6100000, 0x00000000a6100000, 0x00000000a6200000|  0%| F|  |TAMS 0x00000000a6100000, 0x00000000a6100000| Untracked 
|  60|0x00000000a6200000, 0x00000000a6200000, 0x00000000a6300000|  0%| F|  |TAMS 0x00000000a6200000, 0x00000000a6200000| Untracked 
|  61|0x00000000a6300000, 0x00000000a6300000, 0x00000000a6400000|  0%| F|  |TAMS 0x00000000a6300000, 0x00000000a6300000| Untracked 
|  62|0x00000000a6400000, 0x00000000a6400000, 0x00000000a6500000|  0%| F|  |TAMS 0x00000000a6400000, 0x00000000a6400000| Untracked 
|  63|0x00000000a6500000, 0x00000000a6500000, 0x00000000a6600000|  0%| F|  |TAMS 0x00000000a6500000, 0x00000000a6500000| Untracked 
|  64|0x00000000a6600000, 0x00000000a6600000, 0x00000000a6700000|  0%| F|  |TAMS 0x00000000a6600000, 0x00000000a6600000| Untracked 
|  65|0x00000000a6700000, 0x00000000a67678d8, 0x00000000a6800000| 40%| S|CS|TAMS 0x00000000a6700000, 0x00000000a6700000| Complete 
|  66|0x00000000a6800000, 0x00000000a6900000, 0x00000000a6900000|100%| S|CS|TAMS 0x00000000a6800000, 0x00000000a6800000| Complete 
|  67|0x00000000a6900000, 0x00000000a6900000, 0x00000000a6a00000|  0%| F|  |TAMS 0x00000000a6900000, 0x00000000a6900000| Untracked 
|  68|0x00000000a6a00000, 0x00000000a6a00000, 0x00000000a6b00000|  0%| F|  |TAMS 0x00000000a6a00000, 0x00000000a6a00000| Untracked 
|  69|0x00000000a6b00000, 0x00000000a6b00000, 0x00000000a6c00000|  0%| F|  |TAMS 0x00000000a6b00000, 0x00000000a6b00000| Untracked 
|  70|0x00000000a6c00000, 0x00000000a6c00000, 0x00000000a6d00000|  0%| F|  |TAMS 0x00000000a6c00000, 0x00000000a6c00000| Untracked 
|  71|0x00000000a6d00000, 0x00000000a6d00000, 0x00000000a6e00000|  0%| F|  |TAMS 0x00000000a6d00000, 0x00000000a6d00000| Untracked 
|  72|0x00000000a6e00000, 0x00000000a6e00000, 0x00000000a6f00000|  0%| F|  |TAMS 0x00000000a6e00000, 0x00000000a6e00000| Untracked 
|  73|0x00000000a6f00000, 0x00000000a6f00000, 0x00000000a7000000|  0%| F|  |TAMS 0x00000000a6f00000, 0x00000000a6f00000| Untracked 
|  74|0x00000000a7000000, 0x00000000a7000000, 0x00000000a7100000|  0%| F|  |TAMS 0x00000000a7000000, 0x00000000a7000000| Untracked 
|  75|0x00000000a7100000, 0x00000000a7100000, 0x00000000a7200000|  0%| F|  |TAMS 0x00000000a7100000, 0x00000000a7100000| Untracked 
|  76|0x00000000a7200000, 0x00000000a7200000, 0x00000000a7300000|  0%| F|  |TAMS 0x00000000a7200000, 0x00000000a7200000| Untracked 
|  77|0x00000000a7300000, 0x00000000a7300000, 0x00000000a7400000|  0%| F|  |TAMS 0x00000000a7300000, 0x00000000a7300000| Untracked 
|  78|0x00000000a7400000, 0x00000000a7400000, 0x00000000a7500000|  0%| F|  |TAMS 0x00000000a7400000, 0x00000000a7400000| Untracked 
|  79|0x00000000a7500000, 0x00000000a7580e08, 0x00000000a7600000| 50%| E|  |TAMS 0x00000000a7500000, 0x00000000a7500000| Complete 
|  80|0x00000000a7600000, 0x00000000a7700000, 0x00000000a7700000|100%| E|CS|TAMS 0x00000000a7600000, 0x00000000a7600000| Complete 
|  81|0x00000000a7700000, 0x00000000a7800000, 0x00000000a7800000|100%| E|CS|TAMS 0x00000000a7700000, 0x00000000a7700000| Complete 
|  82|0x00000000a7800000, 0x00000000a7900000, 0x00000000a7900000|100%| E|CS|TAMS 0x00000000a7800000, 0x00000000a7800000| Complete 
|  83|0x00000000a7900000, 0x00000000a7a00000, 0x00000000a7a00000|100%| E|CS|TAMS 0x00000000a7900000, 0x00000000a7900000| Complete 
|  84|0x00000000a7a00000, 0x00000000a7b00000, 0x00000000a7b00000|100%| E|CS|TAMS 0x00000000a7a00000, 0x00000000a7a00000| Complete 
|  85|0x00000000a7b00000, 0x00000000a7c00000, 0x00000000a7c00000|100%| E|CS|TAMS 0x00000000a7b00000, 0x00000000a7b00000| Complete 
|  86|0x00000000a7c00000, 0x00000000a7d00000, 0x00000000a7d00000|100%| E|CS|TAMS 0x00000000a7c00000, 0x00000000a7c00000| Complete 
|  87|0x00000000a7d00000, 0x00000000a7e00000, 0x00000000a7e00000|100%| E|CS|TAMS 0x00000000a7d00000, 0x00000000a7d00000| Complete 
|  88|0x00000000a7e00000, 0x00000000a7f00000, 0x00000000a7f00000|100%| E|CS|TAMS 0x00000000a7e00000, 0x00000000a7e00000| Complete 
|  89|0x00000000a7f00000, 0x00000000a8000000, 0x00000000a8000000|100%| E|CS|TAMS 0x00000000a7f00000, 0x00000000a7f00000| Complete 
|  90|0x00000000a8000000, 0x00000000a8100000, 0x00000000a8100000|100%| E|  |TAMS 0x00000000a8000000, 0x00000000a8000000| Complete 
|  91|0x00000000a8100000, 0x00000000a8200000, 0x00000000a8200000|100%| E|CS|TAMS 0x00000000a8100000, 0x00000000a8100000| Complete 
|  92|0x00000000a8200000, 0x00000000a8300000, 0x00000000a8300000|100%| E|CS|TAMS 0x00000000a8200000, 0x00000000a8200000| Complete 
|  93|0x00000000a8300000, 0x00000000a8400000, 0x00000000a8400000|100%| E|CS|TAMS 0x00000000a8300000, 0x00000000a8300000| Complete 

Card table byte_map: [0x000002665e750000,0x000002665ea40000] _byte_map_base: 0x000002665e23d000

Marking Bits (Prev, Next): (CMBitMap*) 0x000002664786bf18, (CMBitMap*) 0x000002664786bf50
 Prev Bits: [0x000002665ed30000, 0x0000026660498000)
 Next Bits: [0x00000266604a0000, 0x0000026661c08000)

Polling page: 0x0000026645780000

Metaspace:

Usage:
  Non-class:     37.69 MB capacity,    37.03 MB ( 98%) used,   538.60 KB (  1%) free+waste,   140.88 KB ( <1%) overhead. 
      Class:      5.97 MB capacity,     5.49 MB ( 92%) used,   426.66 KB (  7%) free+waste,    72.69 KB (  1%) overhead. 
       Both:     43.66 MB capacity,    42.51 MB ( 97%) used,   965.27 KB (  2%) free+waste,   213.56 KB ( <1%) overhead. 

Virtual space:
  Non-class space:       38.00 MB reserved,      37.92 MB (>99%) committed 
      Class space:        1.00 GB reserved,       6.00 MB ( <1%) committed 
             Both:        1.04 GB reserved,      43.92 MB (  4%) committed 

Chunk freelists:
   Non-Class:  5.00 KB
       Class:  0 bytes
        Both:  5.00 KB

CodeHeap 'non-profiled nmethods': size=120000Kb used=1772Kb max_used=1772Kb free=118227Kb
 bounds [0x00000266569e0000, 0x0000026656c50000, 0x000002665df10000]
CodeHeap 'profiled nmethods': size=120000Kb used=8250Kb max_used=8250Kb free=111749Kb
 bounds [0x000002664f4b0000, 0x000002664fcc0000, 0x00000266569e0000]
CodeHeap 'non-nmethods': size=5760Kb used=1414Kb max_used=1441Kb free=4345Kb
 bounds [0x000002664ef10000, 0x000002664f180000, 0x000002664f4b0000]
 total_blobs=4858 nmethods=3982 adapters=787
 compilation: enabled
              stopped_count=0, restarted_count=0
 full_count=0

Compilation events (10 events):
Event: 11.488 Thread 0x0000026665c4d800 nmethod 3932 0x0000026656b99a90 code [0x0000026656b99c20, 0x0000026656b99ca8]
Event: 11.488 Thread 0x0000026664896000 nmethod 3934 0x000002664fc9fd90 code [0x000002664fc9ff40, 0x000002664fca0138]
Event: 11.488 Thread 0x0000026664896000 3935       3       java.lang.PublicMethods$MethodList::length (24 bytes)
Event: 11.489 Thread 0x0000026664896000 nmethod 3935 0x000002664fca0210 code [0x000002664fca03c0, 0x000002664fca0578]
Event: 11.496 Thread 0x0000026664896000 3936       3       java.util.logging.LogManager$LoggerContext::requiresDefaultLoggers (29 bytes)
Event: 11.496 Thread 0x0000026664896000 nmethod 3936 0x000002664fca0690 code [0x000002664fca0840, 0x000002664fca0a48]
Event: 11.498 Thread 0x0000026665c4d800 3937       4       sun.net.util.IPAddressUtil::checkHostString (53 bytes)
Event: 11.501 Thread 0x0000026665c4d800 nmethod 3937 0x0000026656b99d90 code [0x0000026656b99f40, 0x0000026656b9a168]
Event: 11.505 Thread 0x0000026664896000 3938   !   3       jdk.internal.loader.BuiltinClassLoader::findMiscResource (118 bytes)
Event: 11.505 Thread 0x0000026664896000 nmethod 3938 0x000002664fca0b10 code [0x000002664fca0dc0, 0x000002664fca1f88]

GC Heap History (10 events):
Event: 1.625 GC heap before
{Heap before GC invocations=1 (full 0):
 garbage-first heap   total 96256K, used 37995K [0x00000000a2600000, 0x0000000100000000)
  region size 1024K, 38 young (38912K), 3 survivors (3072K)
 Metaspace       used 20469K, capacity 21047K, committed 21248K, reserved 1067008K
  class space    used 2540K, capacity 2806K, committed 2816K, reserved 1048576K
}
Event: 1.634 GC heap after
{Heap after GC invocations=2 (full 0):
 garbage-first heap   total 96256K, used 10761K [0x00000000a2600000, 0x0000000100000000)
  region size 1024K, 7 young (7168K), 7 survivors (7168K)
 Metaspace       used 20469K, capacity 21047K, committed 21248K, reserved 1067008K
  class space    used 2540K, capacity 2806K, committed 2816K, reserved 1048576K
}
Event: 1.916 GC heap before
{Heap before GC invocations=3 (full 0):
 garbage-first heap   total 96256K, used 21001K [0x00000000a2600000, 0x0000000100000000)
  region size 1024K, 17 young (17408K), 7 survivors (7168K)
 Metaspace       used 22850K, capacity 23653K, committed 23680K, reserved 1069056K
  class space    used 3093K, capacity 3455K, committed 3456K, reserved 1048576K
}
Event: 1.922 GC heap after
{Heap after GC invocations=4 (full 0):
 garbage-first heap   total 96256K, used 11738K [0x00000000a2600000, 0x0000000100000000)
  region size 1024K, 1 young (1024K), 1 survivors (1024K)
 Metaspace       used 22850K, capacity 23653K, committed 23680K, reserved 1069056K
  class space    used 3093K, capacity 3455K, committed 3456K, reserved 1048576K
}
Event: 10.611 GC heap before
{Heap before GC invocations=4 (full 0):
 garbage-first heap   total 96256K, used 46554K [0x00000000a2600000, 0x0000000100000000)
  region size 1024K, 34 young (34816K), 1 survivors (1024K)
 Metaspace       used 34363K, capacity 35481K, committed 35628K, reserved 1079296K
  class space    used 4402K, capacity 4895K, committed 4992K, reserved 1048576K
}
Event: 10.616 GC heap after
{Heap after GC invocations=5 (full 0):
 garbage-first heap   total 96256K, used 19859K [0x00000000a2600000, 0x0000000100000000)
  region size 1024K, 5 young (5120K), 5 survivors (5120K)
 Metaspace       used 34363K, capacity 35481K, committed 35628K, reserved 1079296K
  class space    used 4402K, capacity 4895K, committed 4992K, reserved 1048576K
}
Event: 10.631 GC heap before
{Heap before GC invocations=5 (full 0):
 garbage-first heap   total 96256K, used 19859K [0x00000000a2600000, 0x0000000100000000)
  region size 1024K, 6 young (6144K), 5 survivors (5120K)
 Metaspace       used 34404K, capacity 35481K, committed 35628K, reserved 1079296K
  class space    used 4411K, capacity 4895K, committed 4992K, reserved 1048576K
}
Event: 10.635 GC heap after
{Heap after GC invocations=6 (full 0):
 garbage-first heap   total 96256K, used 20884K [0x00000000a2600000, 0x0000000100000000)
  region size 1024K, 1 young (1024K), 1 survivors (1024K)
 Metaspace       used 34404K, capacity 35481K, committed 35628K, reserved 1079296K
  class space    used 4411K, capacity 4895K, committed 4992K, reserved 1048576K
}
Event: 11.250 GC heap before
{Heap before GC invocations=7 (full 0):
 garbage-first heap   total 96256K, used 47508K [0x00000000a2600000, 0x0000000100000000)
  region size 1024K, 27 young (27648K), 1 survivors (1024K)
 Metaspace       used 40954K, capacity 42136K, committed 42284K, reserved 1085440K
  class space    used 5231K, capacity 5723K, committed 5760K, reserved 1048576K
}
Event: 11.252 GC heap after
{Heap after GC invocations=8 (full 0):
 garbage-first heap   total 96256K, used 21466K [0x00000000a2600000, 0x0000000100000000)
  region size 1024K, 2 young (2048K), 2 survivors (2048K)
 Metaspace       used 40954K, capacity 42136K, committed 42284K, reserved 1085440K
  class space    used 5231K, capacity 5723K, committed 5760K, reserved 1048576K
}

Deoptimization events (10 events):
Event: 10.789 Thread 0x0000026665c22000 Uncommon trap: reason=unstable_if action=reinterpret pc=0x0000026656b500d8 method=com.ctc.wstx.io.WstxInputData.isNameChar(C)Z @ 49 c2
Event: 10.789 Thread 0x0000026665c22000 Uncommon trap: reason=unstable_if action=reinterpret pc=0x0000026656b6a8c0 method=com.ctc.wstx.util.SymbolTable.findSymbol([CIII)Ljava/lang/String; @ 122 c2
Event: 10.963 Thread 0x0000026665c22000 Uncommon trap: reason=profile_predicate action=maybe_recompile pc=0x0000026656b4e2ec method=java.lang.PublicMethods$MethodList.filter([Ljava/lang/reflect/Method;Ljava/lang/String;[Ljava/lang/Class;Z)Ljava/lang/PublicMethods$MethodList; @ 21 c2
Event: 10.964 Thread 0x0000026665c22000 Uncommon trap: reason=class_check action=maybe_recompile pc=0x0000026656b01648 method=java.util.HashMap.putVal(ILjava/lang/Object;Ljava/lang/Object;ZZ)Ljava/lang/Object; @ 253 c2
Event: 10.965 Thread 0x0000026665c22000 Uncommon trap: reason=profile_predicate action=maybe_recompile pc=0x0000026656b4e2ec method=java.lang.PublicMethods$MethodList.filter([Ljava/lang/reflect/Method;Ljava/lang/String;[Ljava/lang/Class;Z)Ljava/lang/PublicMethods$MethodList; @ 21 c2
Event: 10.965 Thread 0x0000026665c22000 Uncommon trap: reason=profile_predicate action=maybe_recompile pc=0x0000026656b4e2ec method=java.lang.PublicMethods$MethodList.filter([Ljava/lang/reflect/Method;Ljava/lang/String;[Ljava/lang/Class;Z)Ljava/lang/PublicMethods$MethodList; @ 21 c2
Event: 10.965 Thread 0x0000026665c22000 Uncommon trap: reason=profile_predicate action=maybe_recompile pc=0x0000026656b4e2ec method=java.lang.PublicMethods$MethodList.filter([Ljava/lang/reflect/Method;Ljava/lang/String;[Ljava/lang/Class;Z)Ljava/lang/PublicMethods$MethodList; @ 21 c2
Event: 10.966 Thread 0x0000026665c22000 Uncommon trap: reason=class_check action=maybe_recompile pc=0x0000026656b01648 method=java.util.HashMap.putVal(ILjava/lang/Object;Ljava/lang/Object;ZZ)Ljava/lang/Object; @ 253 c2
Event: 11.249 Thread 0x0000026665c22000 Uncommon trap: reason=unstable_if action=reinterpret pc=0x0000026656a316c0 method=java.util.concurrent.ConcurrentHashMap.get(Ljava/lang/Object;)Ljava/lang/Object; @ 76 c2
Event: 11.445 Thread 0x0000026665c22000 Uncommon trap: reason=unstable_if action=reinterpret pc=0x0000026656b6ff08 method=java.util.concurrent.ConcurrentHashMap.putVal(Ljava/lang/Object;Ljava/lang/Object;Z)Ljava/lang/Object; @ 231 c2

Classes redefined (0 events):
No events

Internal exceptions (10 events):
Event: 9.855 Thread 0x0000026665c22000 Exception <a 'java/lang/NoSuchMethodError'{0x00000000a73e5828}: java.lang.invoke.DirectMethodHandle$Holder.invokeStatic(Ljava/lang/Object;IIII)Ljava/lang/Object;> (0x00000000a73e5828) thrown at [./open/src/hotspot/share/interpreter/linkResolver.cpp, line 
Event: 9.855 Thread 0x0000026665c22000 Exception <a 'java/lang/NoSuchMethodError'{0x00000000a73e8e90}: java.lang.invoke.DirectMethodHandle$Holder.invokeStaticInit(Ljava/lang/Object;IIII)Ljava/lang/Object;> (0x00000000a73e8e90) thrown at [./open/src/hotspot/share/interpreter/linkResolver.cpp, l
Event: 9.858 Thread 0x0000026665c22000 Exception <a 'sun/nio/fs/WindowsException'{0x00000000a73ef400}> (0x00000000a73ef400) thrown at [./open/src/hotspot/share/prims/jni.cpp, line 611]
Event: 9.878 Thread 0x0000026665c22000 Exception <a 'java/lang/NoSuchMethodError'{0x00000000a7216f08}: java.lang.invoke.DirectMethodHandle$Holder.invokeStaticInit(Ljava/lang/Object;Ljava/lang/Object;Ljava/lang/Object;Ljava/lang/Object;)I> (0x00000000a7216f08) thrown at [./open/src/hotspot/shar
Event: 9.879 Thread 0x0000026665c22000 Exception <a 'java/lang/IncompatibleClassChangeError'{0x00000000a721ffe0}: Found class java.lang.Object, but interface was expected> (0x00000000a721ffe0) thrown at [./open/src/hotspot/share/interpreter/linkResolver.cpp, line 838]
Event: 10.051 Thread 0x0000026665c22000 Exception <a 'java/lang/NoSuchMethodError'{0x00000000a7159410}: java.lang.invoke.DirectMethodHandle$Holder.invokeStatic(Ljava/lang/Object;Ljava/lang/Object;IIII)Ljava/lang/Object;> (0x00000000a7159410) thrown at [./open/src/hotspot/share/interpreter/linkR
Event: 10.051 Thread 0x0000026665c22000 Exception <a 'java/lang/NoSuchMethodError'{0x00000000a715ca00}: java.lang.invoke.DirectMethodHandle$Holder.invokeStaticInit(Ljava/lang/Object;Ljava/lang/Object;IIII)Ljava/lang/Object;> (0x00000000a715ca00) thrown at [./open/src/hotspot/share/interpreter/l
Event: 10.268 Thread 0x0000026665c22000 Exception <a 'java/lang/NoSuchMethodError'{0x00000000a6fc9d48}: java.lang.invoke.DirectMethodHandle$Holder.invokeInterface(Ljava/lang/Object;Ljava/lang/Object;Ljava/lang/Object;Ljava/lang/Object;)V> (0x00000000a6fc9d48) thrown at [./open/src/hotspot/share
Event: 10.862 Thread 0x0000026665c22000 Exception <a 'java/lang/NullPointerException'{0x00000000a7537148}> (0x00000000a7537148) thrown at [./open/src/hotspot/share/interpreter/linkResolver.cpp, line 1436]
Event: 11.138 Thread 0x0000026665c22000 Exception <a 'java/lang/ClassNotFoundException'{0x00000000a6b69a98}: com/sun/org/apache/xerces/internal/impl/xpath/regex/spi/messageProvider> (0x00000000a6b69a98) thrown at [./open/src/hotspot/share/classfile/systemDictionary.cpp, line 226]

Events (10 events):
Event: 11.512 loading class org/hibernate/boot/spi/SecondPass
Event: 11.512 loading class org/hibernate/boot/spi/SecondPass done
Event: 11.512 loading class org/hibernate/cfg/RecoverableException
Event: 11.512 loading class org/hibernate/cfg/RecoverableException done
Event: 11.512 loading class org/hibernate/mapping/Table
Event: 11.512 loading class org/hibernate/mapping/Table done
Event: 11.513 loading class org/hibernate/boot/model/relational/ContributableDatabaseObject
Event: 11.513 loading class org/hibernate/boot/model/relational/ContributableDatabaseObject done
Event: 11.514 loading class org/hibernate/mapping/Contributable
Event: 11.514 loading class org/hibernate/mapping/Contributable done


Dynamic libraries:
0x00007ff749e00000 - 0x00007ff749e10000 	C:\Program Files\Java\jdk-11\bin\java.exe
0x00007ffb14dd0000 - 0x00007ffb14fe7000 	C:\WINDOWS\SYSTEM32\ntdll.dll
0x00007ffb135a0000 - 0x00007ffb13664000 	C:\WINDOWS\System32\KERNEL32.DLL
0x00007ffb12130000 - 0x00007ffb124dc000 	C:\WINDOWS\System32\KERNELBASE.dll
0x00007ffb12970000 - 0x00007ffb12a81000 	C:\WINDOWS\System32\ucrtbase.dll
0x00007ffb06170000 - 0x00007ffb0618b000 	C:\Program Files\Java\jdk-11\bin\VCRUNTIME140.dll
0x00007ffb06190000 - 0x00007ffb061a9000 	C:\Program Files\Java\jdk-11\bin\jli.dll
0x00007ffb133a0000 - 0x00007ffb13452000 	C:\WINDOWS\System32\ADVAPI32.dll
0x00007ffb13470000 - 0x00007ffb13517000 	C:\WINDOWS\System32\msvcrt.dll
0x00007ffb13950000 - 0x00007ffb139fa000 	C:\WINDOWS\System32\sechost.dll
0x00007ffb12100000 - 0x00007ffb12128000 	C:\WINDOWS\System32\bcrypt.dll
0x00007ffb13670000 - 0x00007ffb13785000 	C:\WINDOWS\System32\RPCRT4.dll
0x00007ffb13a60000 - 0x00007ffb13c0e000 	C:\WINDOWS\System32\USER32.dll
0x00007ffb00530000 - 0x00007ffb007c3000 	C:\WINDOWS\WinSxS\amd64_microsoft.windows.common-controls_6595b64144ccf1df_6.0.22621.3672_none_2713b9d173822955\COMCTL32.dll
0x00007ffb125a0000 - 0x00007ffb125c6000 	C:\WINDOWS\System32\win32u.dll
0x00007ffb13190000 - 0x00007ffb131b9000 	C:\WINDOWS\System32\GDI32.dll
0x00007ffb127e0000 - 0x00007ffb128f9000 	C:\WINDOWS\System32\gdi32full.dll
0x00007ffb125d0000 - 0x00007ffb1266a000 	C:\WINDOWS\System32\msvcp_win.dll
0x00007ffb098d0000 - 0x00007ffb098da000 	C:\WINDOWS\SYSTEM32\VERSION.dll
0x00007ffb13260000 - 0x00007ffb13291000 	C:\WINDOWS\System32\IMM32.DLL
0x00007ffb0d750000 - 0x00007ffb0d75c000 	C:\Program Files\Java\jdk-11\bin\vcruntime140_1.dll
0x00007ffae80e0000 - 0x00007ffae816e000 	C:\Program Files\Java\jdk-11\bin\msvcp140.dll
0x00007ffad14e0000 - 0x00007ffad204d000 	C:\Program Files\Java\jdk-11\bin\server\jvm.dll
0x00007ffb14b50000 - 0x00007ffb14b58000 	C:\WINDOWS\System32\PSAPI.DLL
0x00007ffb0d710000 - 0x00007ffb0d744000 	C:\WINDOWS\SYSTEM32\WINMM.dll
0x00007ffb01550000 - 0x00007ffb01559000 	C:\WINDOWS\SYSTEM32\WSOCK32.dll
0x00007ffb13520000 - 0x00007ffb13591000 	C:\WINDOWS\System32\WS2_32.dll
0x00007ffb11100000 - 0x00007ffb11118000 	C:\WINDOWS\SYSTEM32\kernel.appcore.dll
0x00007ffb0bdb0000 - 0x00007ffb0bdc0000 	C:\Program Files\Java\jdk-11\bin\verify.dll
0x00007ffb0f8d0000 - 0x00007ffb0fb02000 	C:\WINDOWS\SYSTEM32\DBGHELP.DLL
0x00007ffb12b10000 - 0x00007ffb12e98000 	C:\WINDOWS\System32\combase.dll
0x00007ffb14b60000 - 0x00007ffb14c37000 	C:\WINDOWS\System32\OLEAUT32.dll
0x00007ffb007d0000 - 0x00007ffb00802000 	C:\WINDOWS\SYSTEM32\dbgcore.DLL
0x00007ffb12a90000 - 0x00007ffb12b0b000 	C:\WINDOWS\System32\bcryptPrimitives.dll
0x00007ffb06140000 - 0x00007ffb06168000 	C:\Program Files\Java\jdk-11\bin\java.dll
0x00007ffb0afb0000 - 0x00007ffb0afba000 	C:\Program Files\Java\jdk-11\bin\jimage.dll
0x00007ffb06120000 - 0x00007ffb06137000 	C:\Program Files\Java\jdk-11\bin\zip.dll
0x00007ffb13c10000 - 0x00007ffb1446c000 	C:\WINDOWS\System32\SHELL32.dll
0x00007ffb10000000 - 0x00007ffb108f7000 	C:\WINDOWS\SYSTEM32\windows.storage.dll
0x00007ffb0fec0000 - 0x00007ffb0ffff000 	C:\WINDOWS\SYSTEM32\wintypes.dll
0x00007ffb132a0000 - 0x00007ffb13394000 	C:\WINDOWS\System32\SHCORE.dll
0x00007ffb13a00000 - 0x00007ffb13a5e000 	C:\WINDOWS\System32\shlwapi.dll
0x00007ffb12030000 - 0x00007ffb12051000 	C:\WINDOWS\SYSTEM32\profapi.dll
0x00007ffb06100000 - 0x00007ffb06119000 	C:\Program Files\Java\jdk-11\bin\net.dll
0x00007ffb0e320000 - 0x00007ffb0e456000 	C:\WINDOWS\SYSTEM32\WINHTTP.dll
0x00007ffb11580000 - 0x00007ffb115e9000 	C:\WINDOWS\system32\mswsock.dll
0x00007ffb06060000 - 0x00007ffb06072000 	C:\Program Files\Java\jdk-11\bin\nio.dll
0x0000026645830000 - 0x0000026645833000 	C:\Users\willo\.openjfx\cache\19.0.2.1+1\amd64\api-ms-win-core-console-l1-1-0.dll
0x0000026645840000 - 0x0000026645843000 	C:\Users\willo\.openjfx\cache\19.0.2.1+1\amd64\api-ms-win-core-console-l1-2-0.dll
0x0000026647740000 - 0x0000026647743000 	C:\Users\willo\.openjfx\cache\19.0.2.1+1\amd64\api-ms-win-core-datetime-l1-1-0.dll
0x0000026647750000 - 0x0000026647753000 	C:\Users\willo\.openjfx\cache\19.0.2.1+1\amd64\api-ms-win-core-debug-l1-1-0.dll
0x0000026647760000 - 0x0000026647763000 	C:\Users\willo\.openjfx\cache\19.0.2.1+1\amd64\api-ms-win-core-errorhandling-l1-1-0.dll
0x0000026647770000 - 0x0000026647774000 	C:\Users\willo\.openjfx\cache\19.0.2.1+1\amd64\api-ms-win-core-file-l1-1-0.dll
0x0000026647780000 - 0x0000026647783000 	C:\Users\willo\.openjfx\cache\19.0.2.1+1\amd64\api-ms-win-core-file-l1-2-0.dll
0x0000026647790000 - 0x0000026647793000 	C:\Users\willo\.openjfx\cache\19.0.2.1+1\amd64\api-ms-win-core-file-l2-1-0.dll
0x00000266477a0000 - 0x00000266477a3000 	C:\Users\willo\.openjfx\cache\19.0.2.1+1\amd64\api-ms-win-core-handle-l1-1-0.dll
0x00000266477b0000 - 0x00000266477b3000 	C:\Users\willo\.openjfx\cache\19.0.2.1+1\amd64\api-ms-win-core-heap-l1-1-0.dll
0x00000266477c0000 - 0x00000266477c3000 	C:\Users\willo\.openjfx\cache\19.0.2.1+1\amd64\api-ms-win-core-interlocked-l1-1-0.dll
0x00000266477d0000 - 0x00000266477d3000 	C:\Users\willo\.openjfx\cache\19.0.2.1+1\amd64\api-ms-win-core-libraryloader-l1-1-0.dll
0x00000266477e0000 - 0x00000266477e3000 	C:\Users\willo\.openjfx\cache\19.0.2.1+1\amd64\api-ms-win-core-localization-l1-2-0.dll
0x00000266477f0000 - 0x00000266477f3000 	C:\Users\willo\.openjfx\cache\19.0.2.1+1\amd64\api-ms-win-core-memory-l1-1-0.dll
0x0000026666d80000 - 0x0000026666d83000 	C:\Users\willo\.openjfx\cache\19.0.2.1+1\amd64\api-ms-win-core-namedpipe-l1-1-0.dll
0x0000026666d90000 - 0x0000026666d93000 	C:\Users\willo\.openjfx\cache\19.0.2.1+1\amd64\api-ms-win-core-processenvironment-l1-1-0.dll
0x0000026666da0000 - 0x0000026666da3000 	C:\Users\willo\.openjfx\cache\19.0.2.1+1\amd64\api-ms-win-core-processthreads-l1-1-0.dll
0x0000026666db0000 - 0x0000026666db3000 	C:\Users\willo\.openjfx\cache\19.0.2.1+1\amd64\api-ms-win-core-processthreads-l1-1-1.dll
0x0000026666dc0000 - 0x0000026666dc3000 	C:\Users\willo\.openjfx\cache\19.0.2.1+1\amd64\api-ms-win-core-profile-l1-1-0.dll
0x0000026666dd0000 - 0x0000026666dd3000 	C:\Users\willo\.openjfx\cache\19.0.2.1+1\amd64\api-ms-win-core-rtlsupport-l1-1-0.dll
0x0000026666de0000 - 0x0000026666de3000 	C:\Users\willo\.openjfx\cache\19.0.2.1+1\amd64\api-ms-win-core-string-l1-1-0.dll
0x0000026666df0000 - 0x0000026666df3000 	C:\Users\willo\.openjfx\cache\19.0.2.1+1\amd64\api-ms-win-core-synch-l1-1-0.dll
0x0000026666e00000 - 0x0000026666e03000 	C:\Users\willo\.openjfx\cache\19.0.2.1+1\amd64\api-ms-win-core-synch-l1-2-0.dll
0x0000026666e10000 - 0x0000026666e13000 	C:\Users\willo\.openjfx\cache\19.0.2.1+1\amd64\api-ms-win-core-sysinfo-l1-1-0.dll
0x0000026666e20000 - 0x0000026666e23000 	C:\Users\willo\.openjfx\cache\19.0.2.1+1\amd64\api-ms-win-core-timezone-l1-1-0.dll
0x0000026666e30000 - 0x0000026666e33000 	C:\Users\willo\.openjfx\cache\19.0.2.1+1\amd64\api-ms-win-core-util-l1-1-0.dll
0x0000026666e40000 - 0x0000026666e43000 	C:\Users\willo\.openjfx\cache\19.0.2.1+1\amd64\api-ms-win-crt-conio-l1-1-0.dll
0x0000026666e50000 - 0x0000026666e54000 	C:\Users\willo\.openjfx\cache\19.0.2.1+1\amd64\api-ms-win-crt-convert-l1-1-0.dll
0x0000026666e60000 - 0x0000026666e63000 	C:\Users\willo\.openjfx\cache\19.0.2.1+1\amd64\api-ms-win-crt-environment-l1-1-0.dll
0x0000026666e70000 - 0x0000026666e73000 	C:\Users\willo\.openjfx\cache\19.0.2.1+1\amd64\api-ms-win-crt-filesystem-l1-1-0.dll
0x0000026666e80000 - 0x0000026666e83000 	C:\Users\willo\.openjfx\cache\19.0.2.1+1\amd64\api-ms-win-crt-heap-l1-1-0.dll
0x0000026666e90000 - 0x0000026666e93000 	C:\Users\willo\.openjfx\cache\19.0.2.1+1\amd64\api-ms-win-crt-locale-l1-1-0.dll
0x0000026666ea0000 - 0x0000026666ea5000 	C:\Users\willo\.openjfx\cache\19.0.2.1+1\amd64\api-ms-win-crt-math-l1-1-0.dll
0x0000026666eb0000 - 0x0000026666eb5000 	C:\Users\willo\.openjfx\cache\19.0.2.1+1\amd64\api-ms-win-crt-multibyte-l1-1-0.dll
0x0000026666ec0000 - 0x0000026666ed0000 	C:\Users\willo\.openjfx\cache\19.0.2.1+1\amd64\api-ms-win-crt-private-l1-1-0.dll
0x0000026666ed0000 - 0x0000026666ed3000 	C:\Users\willo\.openjfx\cache\19.0.2.1+1\amd64\api-ms-win-crt-process-l1-1-0.dll
0x0000026666ee0000 - 0x0000026666ee4000 	C:\Users\willo\.openjfx\cache\19.0.2.1+1\amd64\api-ms-win-crt-runtime-l1-1-0.dll
0x0000026666ef0000 - 0x0000026666ef4000 	C:\Users\willo\.openjfx\cache\19.0.2.1+1\amd64\api-ms-win-crt-stdio-l1-1-0.dll
0x0000026666f00000 - 0x0000026666f04000 	C:\Users\willo\.openjfx\cache\19.0.2.1+1\amd64\api-ms-win-crt-string-l1-1-0.dll
0x0000026666f10000 - 0x0000026666f13000 	C:\Users\willo\.openjfx\cache\19.0.2.1+1\amd64\api-ms-win-crt-time-l1-1-0.dll
0x0000026666f20000 - 0x0000026666f23000 	C:\Users\willo\.openjfx\cache\19.0.2.1+1\amd64\api-ms-win-crt-utility-l1-1-0.dll
0x00007ffad78b0000 - 0x00007ffad79ac000 	C:\Users\willo\.openjfx\cache\19.0.2.1+1\amd64\ucrtbase.dll
0x00007ffb0c8a0000 - 0x00007ffb0c8bb000 	C:\Users\willo\.openjfx\cache\19.0.2.1+1\amd64\vcruntime140.dll
0x00007ffb0bc90000 - 0x00007ffb0bc9c000 	C:\Users\willo\.openjfx\cache\19.0.2.1+1\amd64\vcruntime140_1.dll
0x00007ffad3d50000 - 0x00007ffad3dde000 	C:\Users\willo\.openjfx\cache\19.0.2.1+1\amd64\msvcp140.dll
0x00007ffb0afd0000 - 0x00007ffb0afd9000 	C:\Users\willo\.openjfx\cache\19.0.2.1+1\amd64\msvcp140_1.dll
0x00007ffb060d0000 - 0x00007ffb06100000 	C:\Users\willo\.openjfx\cache\19.0.2.1+1\amd64\msvcp140_2.dll
0x00007ffb060a0000 - 0x00007ffb060cc000 	C:\Users\willo\.openjfx\cache\19.0.2.1+1\amd64\prism_d3d.dll
0x00007ffac9290000 - 0x00007ffac9438000 	C:\WINDOWS\system32\d3d9.dll
0x00007ffb0f320000 - 0x00007ffb0f34b000 	C:\WINDOWS\SYSTEM32\dwmapi.dll
0x00007ffb0f1d0000 - 0x00007ffb0f209000 	C:\WINDOWS\SYSTEM32\dxcore.dll
0x00007ffb0f0d0000 - 0x00007ffb0f17a000 	C:\WINDOWS\system32\uxtheme.dll
0x00007ffb08870000 - 0x00007ffb08a2b000 	C:\WINDOWS\System32\DriverStore\FileRepository\u0390835.inf_amd64_66888840aa4163cc\B390488\aticfx64.dll
0x00007ffaef3d0000 - 0x00007ffaef404000 	C:\WINDOWS\System32\DriverStore\FileRepository\u0390835.inf_amd64_66888840aa4163cc\B390488\atiu9p64.dll
0x00007ffaa05f0000 - 0x00007ffaa1345000 	C:\WINDOWS\System32\DriverStore\FileRepository\u0390835.inf_amd64_66888840aa4163cc\B390488\atiumd64.dll
0x00007ffb12fe0000 - 0x00007ffb13185000 	C:\WINDOWS\System32\ole32.dll
0x000000006ef80000 - 0x000000006fea8000 	C:\WINDOWS\System32\DriverStore\FileRepository\u0390835.inf_amd64_66888840aa4163cc\B390488\atiumd6a.dll
0x00007ffb14470000 - 0x00007ffb148e4000 	C:\WINDOWS\System32\SETUPAPI.dll
0x00007ffb11d60000 - 0x00007ffb11dad000 	C:\WINDOWS\SYSTEM32\POWRPROF.dll
0x00007ffb11b60000 - 0x00007ffb11b73000 	C:\WINDOWS\SYSTEM32\UMPDC.dll
0x00007ffb0ab50000 - 0x00007ffb0ab85000 	C:\WINDOWS\SYSTEM32\amdihk64.dll
0x00007ffb09aa0000 - 0x00007ffb09ae9000 	C:\WINDOWS\SYSTEM32\directxdatabasehelper.dll
0x00007ffaf33e0000 - 0x00007ffaf3422000 	C:\Users\willo\.openjfx\cache\19.0.2.1+1\amd64\glass.dll
0x00007ffb14c40000 - 0x00007ffb14d36000 	C:\WINDOWS\System32\COMDLG32.dll
0x00007ffb137f0000 - 0x00007ffb13943000 	C:\WINDOWS\System32\MSCTF.dll
0x00007ffb06c70000 - 0x00007ffb06c84000 	C:\Users\willo\.openjfx\cache\19.0.2.1+1\amd64\javafx_font.dll
0x00007ffb0b2e0000 - 0x00007ffb0b553000 	C:\WINDOWS\SYSTEM32\dwrite.dll
0x00007ffb12f10000 - 0x00007ffb12fc0000 	C:\WINDOWS\System32\clbcatq.dll
0x00007ffb0eed0000 - 0x00007ffb0f080000 	C:\WINDOWS\SYSTEM32\WindowsCodecs.dll
0x00007ffaf5400000 - 0x00007ffaf545e000 	C:\WINDOWS\system32\dataexchange.dll
0x00007ffb07670000 - 0x00007ffb078fa000 	C:\WINDOWS\system32\twinapi.appcore.dll
0x00007fface740000 - 0x00007fface772000 	C:\Program Files\Common Files\Microsoft Shared\Ink\rtscom.dll
0x00007ffafb430000 - 0x00007ffafb57d000 	C:\WINDOWS\SYSTEM32\textinputframework.dll
0x00007ffb0c6a0000 - 0x00007ffb0c7d3000 	C:\WINDOWS\SYSTEM32\CoreMessaging.dll
0x00007ffb09190000 - 0x00007ffb094fd000 	C:\WINDOWS\SYSTEM32\CoreUIComponents.dll
0x00007ffb11820000 - 0x00007ffb1182c000 	C:\WINDOWS\SYSTEM32\CRYPTBASE.DLL
0x00007ffb10bd0000 - 0x00007ffb10cc8000 	C:\WINDOWS\SYSTEM32\DNSAPI.dll
0x00007ffb10b60000 - 0x00007ffb10b8d000 	C:\WINDOWS\SYSTEM32\IPHLPAPI.DLL
0x00007ffb12ea0000 - 0x00007ffb12ea9000 	C:\WINDOWS\System32\NSI.dll
0x00007ffb03090000 - 0x00007ffb0309a000 	C:\Windows\System32\rasadhlp.dll
0x00007ffb0d940000 - 0x00007ffb0d9c3000 	C:\WINDOWS\System32\fwpuclnt.dll

dbghelp: loaded successfully - version: 4.0.5 - missing functions: none
symbol engine: initialized successfully - sym options: 0x614 - pdb path: .;C:\Program Files\Java\jdk-11\bin;C:\WINDOWS\SYSTEM32;C:\WINDOWS\WinSxS\amd64_microsoft.windows.common-controls_6595b64144ccf1df_6.0.22621.3672_none_2713b9d173822955;C:\Program Files\Java\jdk-11\bin\server;C:\Users\willo\.openjfx\cache\19.0.2.1+1\amd64;C:\WINDOWS\System32\DriverStore\FileRepository\u0390835.inf_amd64_66888840aa4163cc\B390488;C:\Program Files\Common Files\Microsoft Shared\Ink

VM Arguments:
jvm_args: --module-path=C:\Users\willo\.m2\repository\org\openjfx\javafx-base\19.0.2.1\javafx-base-19.0.2.1-win.jar;C:\Users\willo\.m2\repository\org\openjfx\javafx-base\19.0.2.1\javafx-base-19.0.2.1.jar;C:\Users\willo\.m2\repository\org\openjfx\javafx-controls\19.0.2.1\javafx-controls-19.0.2.1-win.jar;C:\Users\willo\.m2\repository\org\openjfx\javafx-controls\19.0.2.1\javafx-controls-19.0.2.1.jar;C:\Users\willo\.m2\repository\org\openjfx\javafx-fxml\19.0.2.1\javafx-fxml-19.0.2.1-win.jar;C:\Users\willo\.m2\repository\org\openjfx\javafx-fxml\19.0.2.1\javafx-fxml-19.0.2.1.jar;C:\Users\willo\.m2\repository\org\openjfx\javafx-graphics\19.0.2.1\javafx-graphics-19.0.2.1-win.jar;C:\Users\willo\.m2\repository\org\openjfx\javafx-graphics\19.0.2.1\javafx-graphics-19.0.2.1.jar --add-modules=javafx.base,javafx.controls,javafx.fxml,javafx.graphics 
java_command: edu.icet.coursework.Main
java_class_path (initial): D:\Edu\iCD\Standalone App Development\Final_Coursework\clothify_store_pos\target\classes;C:\Users\willo\.m2\repository\com\fasterxml\classmate\1.5.1\classmate-1.5.1.jar;C:\Users\willo\.m2\repository\com\fasterxml\jackson\core\jackson-annotations\2.15.3\jackson-annotations-2.15.3.jar;C:\Users\willo\.m2\repository\com\fasterxml\jackson\core\jackson-core\2.15.3\jackson-core-2.15.3.jar;C:\Users\willo\.m2\repository\com\fasterxml\jackson\core\jackson-databind\2.15.3\jackson-databind-2.15.3.jar;C:\Users\willo\.m2\repository\com\fasterxml\jackson\dataformat\jackson-dataformat-xml\2.15.3\jackson-dataformat-xml-2.15.3.jar;C:\Users\willo\.m2\repository\com\fasterxml\woodstox\woodstox-core\6.5.1\woodstox-core-6.5.1.jar;C:\Users\willo\.m2\repository\com\github\librepdf\openpdf\1.3.30.jaspersoft.3\openpdf-1.3.30.jaspersoft.3.jar;C:\Users\willo\.m2\repository\com\google\protobuf\protobuf-java\3.25.1\protobuf-java-3.25.1.jar;C:\Users\willo\.m2\repository\com\jfoenix\jfoenix\9.0.1\jfoenix-9.0.1.jar;C:\Users\willo\.m2\repository\com\mysql\mysql-connector-j\8.4.0\mysql-connector-j-8.4.0.jar;C:\Users\willo\.m2\repository\com\sun\istack\istack-commons-runtime\4.1.1\istack-commons-runtime-4.1.1.jar;C:\Users\willo\.m2\repository\commons-beanutils\commons-beanutils\1.9.4\commons-beanutils-1.9.4.jar;C:\Users\willo\.m2\repository\commons-collections\commons-collections\3.2.2\commons-collections-3.2.2.jar;C:\Users\willo\.m2\repository\commons-digester\commons-digester\2.1\commons-digester-2.1.jar;C:\Users\willo\.m2\repository\commons-logging\commons-logging\1.3.2\commons-logging-1.3.2.jar;C:\Users\willo\.m2\repository\commons-validator\commons-validator\1.9.0\commons-validator-1.9.0.jar;C:\Users\willo\.m2\repository\io\smallrye\jandex\3.1.2\jandex-3.1.2.jar;C:\Users\willo\.m2\repository\jakarta\activation\jakarta.activation-api\2.1.0\jakarta.activation-api-2.1.0.jar;C:\Users\willo\.m2\repository\jakarta\inject\jakarta.inject-api\2.0.1\jakarta.inject-api-2.0.1.jar
Launcher Type: SUN_STANDARD

[Global flags]
     intx CICompilerCount                          = 4                                         {product} {ergonomic}
     uint ConcGCThreads                            = 3                                         {product} {ergonomic}
     uint G1ConcRefinementThreads                  = 10                                        {product} {ergonomic}
   size_t G1HeapRegionSize                         = 1048576                                   {product} {ergonomic}
    uintx GCDrainStackTargetSize                   = 64                                        {product} {ergonomic}
   size_t InitialHeapSize                          = 98566144                                  {product} {ergonomic}
   size_t MarkStackSize                            = 4194304                                   {product} {ergonomic}
   size_t MaxHeapSize                              = 1570766848                                {product} {ergonomic}
   size_t MaxNewSize                               = 941621248                                 {product} {ergonomic}
   size_t MinHeapDeltaBytes                        = 1048576                                   {product} {ergonomic}
    uintx NonNMethodCodeHeapSize                   = 5836300                                {pd product} {ergonomic}
    uintx NonProfiledCodeHeapSize                  = 122910970                              {pd product} {ergonomic}
    uintx ProfiledCodeHeapSize                     = 122910970                              {pd product} {ergonomic}
    uintx ReservedCodeCacheSize                    = 251658240                              {pd product} {ergonomic}
     bool SegmentedCodeCache                       = true                                      {product} {ergonomic}
     bool UseCompressedClassPointers               = true                                 {lp64_product} {ergonomic}
     bool UseCompressedOops                        = true                                 {lp64_product} {ergonomic}
     bool UseG1GC                                  = true                                      {product} {ergonomic}
     bool UseLargePagesIndividualAllocation        = false                                  {pd product} {ergonomic}

Logging:
Log output configuration:
 #0: stdout all=warning uptime,level,tags
 #1: stderr all=off uptime,level,tags

Environment Variables:
PATH=C:\Program Files\Java\jdk-11\bin;C:\Program Files\Java\jdk1.8.0_202\bin;C:\WINDOWS\system32;C:\WINDOWS;C:\WINDOWS\System32\Wbem;C:\WINDOWS\System32\WindowsPowerShell\v1.0\;C:\WINDOWS\System32\OpenSSH\;C:\Program Files\dotnet\;C:\Program Files\nodejs\;C:\Program Files\Git\cmd;C:\Program Files\Java\jdk1.8.0_202\bin;C:\Program Files\Java\jdk-11\bin;C:\Users\willo\AppData\Local\Microsoft\WindowsApps;C:\Users\willo\AppData\Local\Programs\Microsoft VS Code\bin;C:\Program Files\MySQL\MySQL Server 8.0\bin;D:\Apps\MiKTeX\miktex\bin\x64\;C:\Users\willo\AppData\Roaming\npm
USERNAME=willo
OS=Windows_NT
PROCESSOR_IDENTIFIER=AMD64 Family 23 Model 104 Stepping 1, AuthenticAMD



---------------  S Y S T E M  ---------------

OS: Windows 11 , 64 bit Build 22621 (10.0.22621.3672)
Hyper-V role detected

CPU:total 12 (initial active 12) (12 cores per cpu, 2 threads per core) family 23 model 104 stepping 1 microcode 0x0, cmov, cx8, fxsr, mmx, sse, sse2, sse3, ssse3, sse4.1, sse4.2, popcnt, avx, avx2, aes, clmul, mmxext, 3dnowpref, lzcnt, sse4a, ht, tsc, tscinvbit, tscinv, bmi1, bmi2, adx,

Memory: 4k page, system-wide physical 5989M (417M free)
TotalPageFile size 17154M (AvailPageFile size 4M)
current process WorkingSet (physical memory assigned to process): 211M, peak: 211M
current process commit charge ("private bytes"): 297M, peak: 297M

vm_info: Java HotSpot(TM) 64-Bit Server VM (11.0.20+9-LTS-256) for windows-amd64 JRE (11.0.20+9-LTS-256), built on Jun 14 2023 10:34:22 by "mach5one" with MS VC++ 17.1 (VS2022)

END.
