#
# There is insufficient memory for the Java Runtime Environment to continue.
# Native memory allocation (malloc) failed to allocate 32744 bytes for ChunkPool::allocate
# Possible reasons:
#   The system is out of physical RAM or swap space
#   The process is running with CompressedOops enabled, and the Java Heap may be blocking the growth of the native heap
# Possible solutions:
#   Reduce memory load on the system
#   Increase physical memory or swap space
#   Check if swap backing store is full
#   Decrease Java heap size (-Xmx/-Xms)
#   Decrease number of Java threads
#   Decrease Java thread stack sizes (-Xss)
#   Set larger code cache with -XX:ReservedCodeCacheSize=
#   JVM is running with Unscaled Compressed Oops mode in which the Java heap is
#     placed in the first 4GB address space. The Java Heap base address is the
#     maximum limit for the native heap growth. Please use -XX:HeapBaseMinAddress
#     to set the Java Heap base and to place the Java Heap above 4GB virtual address.
# This output file may be truncated or incomplete.
#
#  Out of Memory Error (./open/src/hotspot/share/memory/arena.cpp:81), pid=11220, tid=10656
#
# JRE version: Java(TM) SE Runtime Environment 18.9 (11.0.20+9) (build 11.0.20+9-LTS-256)
# Java VM: Java HotSpot(TM) 64-Bit Server VM 18.9 (11.0.20+9-LTS-256, mixed mode, tiered, compressed oops, g1 gc, windows-amd64)
# No core dump will be written. Minidumps are not enabled by default on client versions of Windows
#

---------------  S U M M A R Y ------------

Command Line: --module-path=C:\Users\willo\.m2\repository\org\openjfx\javafx-base\19.0.2.1\javafx-base-19.0.2.1-win.jar;C:\Users\willo\.m2\repository\org\openjfx\javafx-base\19.0.2.1\javafx-base-19.0.2.1.jar;C:\Users\willo\.m2\repository\org\openjfx\javafx-controls\19.0.2.1\javafx-controls-19.0.2.1-win.jar;C:\Users\willo\.m2\repository\org\openjfx\javafx-controls\19.0.2.1\javafx-controls-19.0.2.1.jar;C:\Users\willo\.m2\repository\org\openjfx\javafx-fxml\19.0.2.1\javafx-fxml-19.0.2.1-win.jar;C:\Users\willo\.m2\repository\org\openjfx\javafx-fxml\19.0.2.1\javafx-fxml-19.0.2.1.jar;C:\Users\willo\.m2\repository\org\openjfx\javafx-graphics\19.0.2.1\javafx-graphics-19.0.2.1-win.jar;C:\Users\willo\.m2\repository\org\openjfx\javafx-graphics\19.0.2.1\javafx-graphics-19.0.2.1.jar --add-modules=javafx.base,javafx.controls,javafx.fxml,javafx.graphics Main

Host: AMD Ryzen 5 5500U with Radeon Graphics         , 12 cores, 5G,  Windows 11 , 64 bit Build 22621 (10.0.22621.3672)
Time: Sun Jun 23 22:41:36 2024 Sri Lanka Standard Time elapsed time: 25.918433 seconds (0d 0h 0m 25s)

---------------  T H R E A D  ---------------

Current thread (0x000001b856419800):  JavaThread "C1 CompilerThread0" daemon [_thread_in_native, id=10656, stack(0x00000036b7200000,0x00000036b7300000)]


Current CompileTask:
C1:  25918 9599       3       sun.font.SunFontManager::findFont2D (1173 bytes)

Stack: [0x00000036b7200000,0x00000036b7300000]
Native frames: (J=compiled Java code, j=interpreted, Vv=VM code, C=native code)
V  [jvm.dll+0x6602ba]
V  [jvm.dll+0x7a32af]
V  [jvm.dll+0x7a4979]
V  [jvm.dll+0x7a5013]
V  [jvm.dll+0x258ef5]
V  [jvm.dll+0xb2c7f]
V  [jvm.dll+0xb2fcc]
V  [jvm.dll+0x170779]
V  [jvm.dll+0x172d21]
V  [jvm.dll+0x12abf5]
V  [jvm.dll+0x12a4cf]
V  [jvm.dll+0x12a702]
V  [jvm.dll+0x129a59]
V  [jvm.dll+0x12b8a8]
V  [jvm.dll+0x220e59]
V  [jvm.dll+0x21f17c]
V  [jvm.dll+0x767061]
V  [jvm.dll+0x75f8e4]
V  [jvm.dll+0x65f165]
C  [ucrtbase.dll+0x29333]
C  [KERNEL32.DLL+0x1257d]
C  [ntdll.dll+0x5af28]


---------------  P R O C E S S  ---------------

Threads class SMR info:
_java_thread_list=0x000001b859025360, length=26, elements={
0x000001b837416800, 0x000001b8563d2000, 0x000001b8563d4000, 0x000001b85640d800,
0x000001b856411000, 0x000001b856412000, 0x000001b856419000, 0x000001b856419800,
0x000001b85641c800, 0x000001b856eea000, 0x000001b857562800, 0x000001b857587800,
0x000001b85831c000, 0x000001b85830f800, 0x000001b8574c5800, 0x000001b858aea800,
0x000001b858e36800, 0x000001b858acd800, 0x000001b858900800, 0x000001b8588fa800,
0x000001b8588fe800, 0x000001b8588fb800, 0x000001b8588fe000, 0x000001b8588ff800,
0x000001b8588fc800, 0x000001b86914b000
}

Java Threads: ( => current thread )
  0x000001b837416800 JavaThread "main" [_thread_blocked, id=4936, stack(0x00000036b6500000,0x00000036b6600000)]
  0x000001b8563d2000 JavaThread "Reference Handler" daemon [_thread_blocked, id=12028, stack(0x00000036b6c00000,0x00000036b6d00000)]
  0x000001b8563d4000 JavaThread "Finalizer" daemon [_thread_blocked, id=22944, stack(0x00000036b6d00000,0x00000036b6e00000)]
  0x000001b85640d800 JavaThread "Signal Dispatcher" daemon [_thread_blocked, id=16256, stack(0x00000036b6e00000,0x00000036b6f00000)]
  0x000001b856411000 JavaThread "Attach Listener" daemon [_thread_blocked, id=25404, stack(0x00000036b6f00000,0x00000036b7000000)]
  0x000001b856412000 JavaThread "Service Thread" daemon [_thread_blocked, id=8156, stack(0x00000036b7000000,0x00000036b7100000)]
  0x000001b856419000 JavaThread "C2 CompilerThread0" daemon [_thread_in_native, id=13400, stack(0x00000036b7100000,0x00000036b7200000)]
=>0x000001b856419800 JavaThread "C1 CompilerThread0" daemon [_thread_in_native, id=10656, stack(0x00000036b7200000,0x00000036b7300000)]
  0x000001b85641c800 JavaThread "Sweeper thread" daemon [_thread_blocked, id=13076, stack(0x00000036b7300000,0x00000036b7400000)]
  0x000001b856eea000 JavaThread "Common-Cleaner" daemon [_thread_blocked, id=23584, stack(0x00000036b7400000,0x00000036b7500000)]
  0x000001b857562800 JavaThread "QuantumRenderer-0" daemon [_thread_blocked, id=1792, stack(0x00000036b7600000,0x00000036b7700000)]
  0x000001b857587800 JavaThread "InvokeLaterDispatcher" daemon [_thread_blocked, id=4740, stack(0x00000036b7900000,0x00000036b7a00000)]
  0x000001b85831c000 JavaThread "JavaFX Application Thread" [_thread_in_native, id=20672, stack(0x00000036b7a00000,0x00000036b7b00000)]
  0x000001b85830f800 JavaThread "JavaFX-Launcher" [_thread_blocked, id=30532, stack(0x00000036b8400000,0x00000036b8500000)]
  0x000001b8574c5800 JavaThread "Thread-2" daemon [_thread_in_native, id=22380, stack(0x00000036b8300000,0x00000036b8400000)]
  0x000001b858aea800 JavaThread "Prism Font Disposer" daemon [_thread_blocked, id=8392, stack(0x00000036b8b00000,0x00000036b8c00000)]
  0x000001b858e36800 JavaThread "Cleaner-0" daemon [_thread_blocked, id=19416, stack(0x00000036b9000000,0x00000036b9100000)]
  0x000001b858acd800 JavaThread "mysql-cj-abandoned-connection-cleanup" daemon [_thread_blocked, id=13280, stack(0x00000036b9300000,0x00000036b9400000)]
  0x000001b858900800 JavaThread "Hibernate Connection Pool Validation Thread" daemon [_thread_blocked, id=21440, stack(0x00000036b9400000,0x00000036b9500000)]
  0x000001b8588fa800 JavaThread "Java2D Disposer" daemon [_thread_blocked, id=23000, stack(0x00000036b9600000,0x00000036b9700000)]
  0x000001b8588fe800 JavaThread "AWT-Windows" daemon [_thread_in_native, id=336, stack(0x00000036b9800000,0x00000036b9900000)]
  0x000001b8588fb800 JavaThread "Keep-Alive-Timer" daemon [_thread_blocked, id=29924, stack(0x00000036ba700000,0x00000036ba800000)]
  0x000001b8588fe000 JavaThread "Image Fetcher 0" daemon [_thread_blocked, id=12980, stack(0x00000036b9700000,0x00000036b9800000)]
  0x000001b8588ff800 JavaThread "AWT-Shutdown" [_thread_blocked, id=21688, stack(0x00000036ba800000,0x00000036ba900000)]
  0x000001b8588fc800 JavaThread "AWT-EventQueue-0" [_thread_in_Java, id=7424, stack(0x00000036ba900000,0x00000036baa00000)]
  0x000001b86914b000 JavaThread "D3D Screen Updater" daemon [_thread_blocked, id=30880, stack(0x00000036baa00000,0x00000036bab00000)]

Other Threads:
  0x000001b8563cf800 VMThread "VM Thread" [stack: 0x00000036b6b00000,0x00000036b6c00000] [id=13752]
  0x000001b857053000 WatcherThread [stack: 0x00000036b7500000,0x00000036b7600000] [id=18464]
  0x000001b83742b800 GCTaskThread "GC Thread#0" [stack: 0x00000036b6600000,0x00000036b6700000] [id=16744]
  0x000001b8577eb800 GCTaskThread "GC Thread#1" [stack: 0x00000036b8500000,0x00000036b8600000] [id=24044]
  0x000001b857806800 GCTaskThread "GC Thread#2" [stack: 0x00000036b8600000,0x00000036b8700000] [id=24912]
  0x000001b857807000 GCTaskThread "GC Thread#3" [stack: 0x00000036b8700000,0x00000036b8800000] [id=11460]
  0x000001b857808000 GCTaskThread "GC Thread#4" [stack: 0x00000036b8800000,0x00000036b8900000] [id=23752]
  0x000001b857808800 GCTaskThread "GC Thread#5" [stack: 0x00000036b8900000,0x00000036b8a00000] [id=24132]
  0x000001b866f4a000 GCTaskThread "GC Thread#6" [stack: 0x00000036bab00000,0x00000036bac00000] [id=7552]
  0x000001b866f4b000 GCTaskThread "GC Thread#7" [stack: 0x00000036bac00000,0x00000036bad00000] [id=27872]
  0x000001b866f4c800 GCTaskThread "GC Thread#8" [stack: 0x00000036bad00000,0x00000036bae00000] [id=25452]
  0x000001b866f4d800 GCTaskThread "GC Thread#9" [stack: 0x00000036bae00000,0x00000036baf00000] [id=32260]
  0x000001b837451800 ConcurrentGCThread "G1 Main Marker" [stack: 0x00000036b6700000,0x00000036b6800000] [id=1616]
  0x000001b837453800 ConcurrentGCThread "G1 Conc#0" [stack: 0x00000036b6800000,0x00000036b6900000] [id=31404]
  0x000001b857887000 ConcurrentGCThread "G1 Conc#1" [stack: 0x00000036b8d00000,0x00000036b8e00000] [id=19932]
  0x000001b8588e4000 ConcurrentGCThread "G1 Conc#2" [stack: 0x00000036b8e00000,0x00000036b8f00000] [id=3124]
  0x000001b856240800 ConcurrentGCThread "G1 Refine#0" [stack: 0x00000036b6900000,0x00000036b6a00000] [id=20612]
  0x000001b857885800 ConcurrentGCThread "G1 Refine#1" [stack: 0x00000036b8c00000,0x00000036b8d00000] [id=11012]
  0x000001b8588eb000 ConcurrentGCThread "G1 Refine#2" [stack: 0x00000036b8f00000,0x00000036b9000000] [id=32636]
  0x000001b868e39800 ConcurrentGCThread "G1 Refine#3" [stack: 0x00000036b9500000,0x00000036b9600000] [id=26272]
  0x000001b856241000 ConcurrentGCThread "G1 Young RemSet Sampling" [stack: 0x00000036b6a00000,0x00000036b6b00000] [id=23040]

Threads with active compile tasks:
C2 CompilerThread0    25958 9608       4       sun.font.StandardGlyphVector::getDefaultStrike (48 bytes)
C1 CompilerThread0    25958 9599       3       sun.font.SunFontManager::findFont2D (1173 bytes)

VM state:not at safepoint (normal execution)

VM Mutex/Monitor currently owned by a thread: None

Heap address: 0x00000000a2600000, size: 1498 MB, Compressed Oops mode: 32-bit
Narrow klass base: 0x0000000000000000, Narrow klass shift: 3
Compressed class space size: 1073741824 Address: 0x0000000100000000

Heap:
 garbage-first heap   total 96256K, used 69473K [0x00000000a2600000, 0x0000000100000000)
  region size 1024K, 3 young (3072K), 1 survivors (1024K)
 Metaspace       used 94534K, capacity 97153K, committed 97408K, reserved 1132544K
  class space    used 12515K, capacity 13649K, committed 13696K, reserved 1048576K
Heap Regions: E=young(eden), S=young(survivor), O=old, HS=humongous(starts), HC=humongous(continues), CS=collection set, F=free, A=archive, TAMS=top-at-mark-start (previous, next)
|   0|0x00000000a2600000, 0x00000000a2700000, 0x00000000a2700000|100%| O|  |TAMS 0x00000000a2700000, 0x00000000a2600000| Untracked 
|   1|0x00000000a2700000, 0x00000000a2800000, 0x00000000a2800000|100%|HS|  |TAMS 0x00000000a2800000, 0x00000000a2700000| Complete 
|   2|0x00000000a2800000, 0x00000000a2900000, 0x00000000a2900000|100%| O|  |TAMS 0x00000000a2900000, 0x00000000a2800000| Untracked 
|   3|0x00000000a2900000, 0x00000000a2a00000, 0x00000000a2a00000|100%| O|  |TAMS 0x00000000a2a00000, 0x00000000a2900000| Untracked 
|   4|0x00000000a2a00000, 0x00000000a2b00000, 0x00000000a2b00000|100%| O|  |TAMS 0x00000000a2b00000, 0x00000000a2a00000| Untracked 
|   5|0x00000000a2b00000, 0x00000000a2c00000, 0x00000000a2c00000|100%| O|  |TAMS 0x00000000a2c00000, 0x00000000a2b00000| Untracked 
|   6|0x00000000a2c00000, 0x00000000a2d00000, 0x00000000a2d00000|100%| O|  |TAMS 0x00000000a2d00000, 0x00000000a2c00000| Untracked 
|   7|0x00000000a2d00000, 0x00000000a2e00000, 0x00000000a2e00000|100%| O|  |TAMS 0x00000000a2e00000, 0x00000000a2d00000| Untracked 
|   8|0x00000000a2e00000, 0x00000000a2f00000, 0x00000000a2f00000|100%| O|  |TAMS 0x00000000a2f00000, 0x00000000a2e00000| Untracked 
|   9|0x00000000a2f00000, 0x00000000a3000000, 0x00000000a3000000|100%| O|  |TAMS 0x00000000a3000000, 0x00000000a2f00000| Untracked 
|  10|0x00000000a3000000, 0x00000000a3100000, 0x00000000a3100000|100%| O|  |TAMS 0x00000000a3100000, 0x00000000a3000000| Untracked 
|  11|0x00000000a3100000, 0x00000000a3200000, 0x00000000a3200000|100%|HS|  |TAMS 0x00000000a3200000, 0x00000000a3100000| Complete 
|  12|0x00000000a3200000, 0x00000000a3300000, 0x00000000a3300000|100%|HC|  |TAMS 0x00000000a3300000, 0x00000000a3200000| Complete 
|  13|0x00000000a3300000, 0x00000000a3400000, 0x00000000a3400000|100%| O|  |TAMS 0x00000000a3400000, 0x00000000a3300000| Untracked 
|  14|0x00000000a3400000, 0x00000000a3500000, 0x00000000a3500000|100%| O|  |TAMS 0x00000000a3500000, 0x00000000a3400000| Untracked 
|  15|0x00000000a3500000, 0x00000000a3600000, 0x00000000a3600000|100%| O|  |TAMS 0x00000000a3600000, 0x00000000a3500000| Untracked 
|  16|0x00000000a3600000, 0x00000000a3700000, 0x00000000a3700000|100%| O|  |TAMS 0x00000000a3700000, 0x00000000a3600000| Untracked 
|  17|0x00000000a3700000, 0x00000000a3800000, 0x00000000a3800000|100%| O|  |TAMS 0x00000000a3800000, 0x00000000a3700000| Untracked 
|  18|0x00000000a3800000, 0x00000000a3900000, 0x00000000a3900000|100%| O|  |TAMS 0x00000000a3900000, 0x00000000a3800000| Untracked 
|  19|0x00000000a3900000, 0x00000000a3a00000, 0x00000000a3a00000|100%| O|  |TAMS 0x00000000a3a00000, 0x00000000a3900000| Untracked 
|  20|0x00000000a3a00000, 0x00000000a3b00000, 0x00000000a3b00000|100%| O|  |TAMS 0x00000000a3b00000, 0x00000000a3a00000| Untracked 
|  21|0x00000000a3b00000, 0x00000000a3c00000, 0x00000000a3c00000|100%| O|  |TAMS 0x00000000a3c00000, 0x00000000a3b00000| Untracked 
|  22|0x00000000a3c00000, 0x00000000a3d00000, 0x00000000a3d00000|100%| O|  |TAMS 0x00000000a3d00000, 0x00000000a3c00000| Untracked 
|  23|0x00000000a3d00000, 0x00000000a3e00000, 0x00000000a3e00000|100%| O|  |TAMS 0x00000000a3e00000, 0x00000000a3d00000| Untracked 
|  24|0x00000000a3e00000, 0x00000000a3f00000, 0x00000000a3f00000|100%| O|  |TAMS 0x00000000a3f00000, 0x00000000a3e00000| Untracked 
|  25|0x00000000a3f00000, 0x00000000a4000000, 0x00000000a4000000|100%| O|  |TAMS 0x00000000a4000000, 0x00000000a3f00000| Untracked 
|  26|0x00000000a4000000, 0x00000000a4100000, 0x00000000a4100000|100%| O|  |TAMS 0x00000000a4100000, 0x00000000a4000000| Untracked 
|  27|0x00000000a4100000, 0x00000000a4200000, 0x00000000a4200000|100%| O|  |TAMS 0x00000000a4200000, 0x00000000a4100000| Untracked 
|  28|0x00000000a4200000, 0x00000000a4300000, 0x00000000a4300000|100%| O|  |TAMS 0x00000000a4300000, 0x00000000a4200000| Untracked 
|  29|0x00000000a4300000, 0x00000000a4400000, 0x00000000a4400000|100%| O|  |TAMS 0x00000000a4400000, 0x00000000a4300000| Untracked 
|  30|0x00000000a4400000, 0x00000000a4500000, 0x00000000a4500000|100%| O|  |TAMS 0x00000000a4500000, 0x00000000a4400000| Untracked 
|  31|0x00000000a4500000, 0x00000000a4600000, 0x00000000a4600000|100%| O|  |TAMS 0x00000000a4600000, 0x00000000a4500000| Untracked 
|  32|0x00000000a4600000, 0x00000000a4700000, 0x00000000a4700000|100%| O|  |TAMS 0x00000000a4700000, 0x00000000a4600000| Untracked 
|  33|0x00000000a4700000, 0x00000000a4800000, 0x00000000a4800000|100%| O|  |TAMS 0x00000000a4800000, 0x00000000a4700000| Untracked 
|  34|0x00000000a4800000, 0x00000000a4900000, 0x00000000a4900000|100%| O|  |TAMS 0x00000000a4900000, 0x00000000a4800000| Untracked 
|  35|0x00000000a4900000, 0x00000000a4a00000, 0x00000000a4a00000|100%| O|  |TAMS 0x00000000a4a00000, 0x00000000a4900000| Untracked 
|  36|0x00000000a4a00000, 0x00000000a4b00000, 0x00000000a4b00000|100%| O|  |TAMS 0x00000000a4b00000, 0x00000000a4a00000| Untracked 
|  37|0x00000000a4b00000, 0x00000000a4c00000, 0x00000000a4c00000|100%| O|  |TAMS 0x00000000a4c00000, 0x00000000a4b00000| Untracked 
|  38|0x00000000a4c00000, 0x00000000a4d00000, 0x00000000a4d00000|100%| O|  |TAMS 0x00000000a4d00000, 0x00000000a4c00000| Untracked 
|  39|0x00000000a4d00000, 0x00000000a4e00000, 0x00000000a4e00000|100%| O|  |TAMS 0x00000000a4e00000, 0x00000000a4d00000| Untracked 
|  40|0x00000000a4e00000, 0x00000000a4f00000, 0x00000000a4f00000|100%| O|  |TAMS 0x00000000a4f00000, 0x00000000a4e00000| Untracked 
|  41|0x00000000a4f00000, 0x00000000a5000000, 0x00000000a5000000|100%| O|  |TAMS 0x00000000a5000000, 0x00000000a4f00000| Untracked 
|  42|0x00000000a5000000, 0x00000000a5100000, 0x00000000a5100000|100%| O|  |TAMS 0x00000000a5100000, 0x00000000a5000000| Untracked 
|  43|0x00000000a5100000, 0x00000000a5200000, 0x00000000a5200000|100%| O|  |TAMS 0x00000000a5200000, 0x00000000a5100000| Untracked 
|  44|0x00000000a5200000, 0x00000000a5300000, 0x00000000a5300000|100%| O|  |TAMS 0x00000000a5300000, 0x00000000a5200000| Untracked 
|  45|0x00000000a5300000, 0x00000000a5400000, 0x00000000a5400000|100%| O|  |TAMS 0x00000000a5400000, 0x00000000a5300000| Untracked 
|  46|0x00000000a5400000, 0x00000000a5500000, 0x00000000a5500000|100%| O|  |TAMS 0x00000000a5500000, 0x00000000a5400000| Untracked 
|  47|0x00000000a5500000, 0x00000000a5600000, 0x00000000a5600000|100%|HS|  |TAMS 0x00000000a5500000, 0x00000000a5500000| Complete 
|  48|0x00000000a5600000, 0x00000000a5700000, 0x00000000a5700000|100%| O|  |TAMS 0x00000000a5700000, 0x00000000a5600000| Untracked 
|  49|0x00000000a5700000, 0x00000000a5800000, 0x00000000a5800000|100%| O|  |TAMS 0x00000000a5800000, 0x00000000a5700000| Untracked 
|  50|0x00000000a5800000, 0x00000000a5900000, 0x00000000a5900000|100%| O|  |TAMS 0x00000000a5900000, 0x00000000a5800000| Untracked 
|  51|0x00000000a5900000, 0x00000000a5a00000, 0x00000000a5a00000|100%|HS|  |TAMS 0x00000000a5a00000, 0x00000000a5900000| Complete 
|  52|0x00000000a5a00000, 0x00000000a5b00000, 0x00000000a5b00000|100%|HC|  |TAMS 0x00000000a5b00000, 0x00000000a5a00000| Complete 
|  53|0x00000000a5b00000, 0x00000000a5c00000, 0x00000000a5c00000|100%|HS|  |TAMS 0x00000000a5c00000, 0x00000000a5b00000| Complete 
|  54|0x00000000a5c00000, 0x00000000a5d00000, 0x00000000a5d00000|100%| O|  |TAMS 0x00000000a5d00000, 0x00000000a5c00000| Untracked 
|  55|0x00000000a5d00000, 0x00000000a5dbca00, 0x00000000a5e00000| 73%| O|  |TAMS 0x00000000a5dbca00, 0x00000000a5d00000| Untracked 
|  56|0x00000000a5e00000, 0x00000000a5f00000, 0x00000000a5f00000|100%|HS|  |TAMS 0x00000000a5e00000, 0x00000000a5e00000| Complete 
|  57|0x00000000a5f00000, 0x00000000a6000000, 0x00000000a6000000|100%|HC|  |TAMS 0x00000000a5f00000, 0x00000000a5f00000| Complete 
|  58|0x00000000a6000000, 0x00000000a6100000, 0x00000000a6100000|100%|HC|  |TAMS 0x00000000a6000000, 0x00000000a6000000| Complete 
|  59|0x00000000a6100000, 0x00000000a6200000, 0x00000000a6200000|100%|HS|  |TAMS 0x00000000a6200000, 0x00000000a6100000| Complete 
|  60|0x00000000a6200000, 0x00000000a6300000, 0x00000000a6300000|100%|HC|  |TAMS 0x00000000a6300000, 0x00000000a6200000| Complete 
|  61|0x00000000a6300000, 0x00000000a6400000, 0x00000000a6400000|100%|HS|  |TAMS 0x00000000a6400000, 0x00000000a6300000| Complete 
|  62|0x00000000a6400000, 0x00000000a6500000, 0x00000000a6500000|100%|HC|  |TAMS 0x00000000a6500000, 0x00000000a6400000| Complete 
|  63|0x00000000a6500000, 0x00000000a6600000, 0x00000000a6600000|100%|HC|  |TAMS 0x00000000a6600000, 0x00000000a6500000| Complete 
|  64|0x00000000a6600000, 0x00000000a6700000, 0x00000000a6700000|100%|HS|  |TAMS 0x00000000a6700000, 0x00000000a6600000| Complete 
|  65|0x00000000a6700000, 0x00000000a6800000, 0x00000000a6800000|100%|HC|  |TAMS 0x00000000a6800000, 0x00000000a6700000| Complete 
|  66|0x00000000a6800000, 0x00000000a6900000, 0x00000000a6900000|100%|HC|  |TAMS 0x00000000a6900000, 0x00000000a6800000| Complete 
|  67|0x00000000a6900000, 0x00000000a6a00000, 0x00000000a6a00000|100%|HS|  |TAMS 0x00000000a6900000, 0x00000000a6900000| Complete 
|  68|0x00000000a6a00000, 0x00000000a6a00000, 0x00000000a6b00000|  0%| F|  |TAMS 0x00000000a6a00000, 0x00000000a6a00000| Untracked 
|  69|0x00000000a6b00000, 0x00000000a6b00000, 0x00000000a6c00000|  0%| F|  |TAMS 0x00000000a6b00000, 0x00000000a6b00000| Untracked 
|  70|0x00000000a6c00000, 0x00000000a6c00000, 0x00000000a6d00000|  0%| F|  |TAMS 0x00000000a6c00000, 0x00000000a6c00000| Untracked 
|  71|0x00000000a6d00000, 0x00000000a6d00000, 0x00000000a6e00000|  0%| F|  |TAMS 0x00000000a6d00000, 0x00000000a6d00000| Untracked 
|  72|0x00000000a6e00000, 0x00000000a6e00000, 0x00000000a6f00000|  0%| F|  |TAMS 0x00000000a6e00000, 0x00000000a6e00000| Untracked 
|  73|0x00000000a6f00000, 0x00000000a6f00000, 0x00000000a7000000|  0%| F|  |TAMS 0x00000000a6f00000, 0x00000000a6f00000| Untracked 
|  74|0x00000000a7000000, 0x00000000a7000000, 0x00000000a7100000|  0%| F|  |TAMS 0x00000000a7000000, 0x00000000a7000000| Untracked 
|  75|0x00000000a7100000, 0x00000000a7100000, 0x00000000a7200000|  0%| F|  |TAMS 0x00000000a7100000, 0x00000000a7100000| Untracked 
|  76|0x00000000a7200000, 0x00000000a7200000, 0x00000000a7300000|  0%| F|  |TAMS 0x00000000a7200000, 0x00000000a7200000| Untracked 
|  77|0x00000000a7300000, 0x00000000a7300000, 0x00000000a7400000|  0%| F|  |TAMS 0x00000000a7300000, 0x00000000a7300000| Untracked 
|  78|0x00000000a7400000, 0x00000000a7400000, 0x00000000a7500000|  0%| F|  |TAMS 0x00000000a7400000, 0x00000000a7400000| Untracked 
|  79|0x00000000a7500000, 0x00000000a7500000, 0x00000000a7600000|  0%| F|  |TAMS 0x00000000a7500000, 0x00000000a7500000| Untracked 
|  80|0x00000000a7600000, 0x00000000a7600000, 0x00000000a7700000|  0%| F|  |TAMS 0x00000000a7600000, 0x00000000a7600000| Untracked 
|  81|0x00000000a7700000, 0x00000000a7700000, 0x00000000a7800000|  0%| F|  |TAMS 0x00000000a7700000, 0x00000000a7700000| Untracked 
|  82|0x00000000a7800000, 0x00000000a7800000, 0x00000000a7900000|  0%| F|  |TAMS 0x00000000a7800000, 0x00000000a7800000| Untracked 
|  83|0x00000000a7900000, 0x00000000a7900000, 0x00000000a7a00000|  0%| F|  |TAMS 0x00000000a7900000, 0x00000000a7900000| Untracked 
|  84|0x00000000a7a00000, 0x00000000a7a00000, 0x00000000a7b00000|  0%| F|  |TAMS 0x00000000a7a00000, 0x00000000a7a00000| Untracked 
|  85|0x00000000a7b00000, 0x00000000a7b00000, 0x00000000a7c00000|  0%| F|  |TAMS 0x00000000a7b00000, 0x00000000a7b00000| Untracked 
|  86|0x00000000a7c00000, 0x00000000a7c00000, 0x00000000a7d00000|  0%| F|  |TAMS 0x00000000a7c00000, 0x00000000a7c00000| Untracked 
|  87|0x00000000a7d00000, 0x00000000a7d00000, 0x00000000a7e00000|  0%| F|  |TAMS 0x00000000a7d00000, 0x00000000a7d00000| Untracked 
|  88|0x00000000a7e00000, 0x00000000a7e00000, 0x00000000a7f00000|  0%| F|  |TAMS 0x00000000a7e00000, 0x00000000a7e00000| Untracked 
|  89|0x00000000a7f00000, 0x00000000a7f00000, 0x00000000a8000000|  0%| F|  |TAMS 0x00000000a7f00000, 0x00000000a7f00000| Untracked 
|  90|0x00000000a8000000, 0x00000000a8000000, 0x00000000a8100000|  0%| F|  |TAMS 0x00000000a8000000, 0x00000000a8000000| Untracked 
|  91|0x00000000a8100000, 0x00000000a811bac8, 0x00000000a8200000| 10%| S|CS|TAMS 0x00000000a8100000, 0x00000000a8100000| Complete 
|  92|0x00000000a8200000, 0x00000000a82bb3f8, 0x00000000a8300000| 73%| E|  |TAMS 0x00000000a8200000, 0x00000000a8200000| Complete 
|  93|0x00000000a8300000, 0x00000000a8400000, 0x00000000a8400000|100%| E|  |TAMS 0x00000000a8300000, 0x00000000a8300000| Complete 

Card table byte_map: [0x000001b850240000,0x000001b850530000] _byte_map_base: 0x000001b84fd2d000

Marking Bits (Prev, Next): (CMBitMap*) 0x000001b83744aee8, (CMBitMap*) 0x000001b83744af20
 Prev Bits: [0x000001b850820000, 0x000001b851f88000)
 Next Bits: [0x000001b851f90000, 0x000001b8536f8000)

Polling page: 0x000001b8374e0000

Metaspace:

Usage:
  Non-class:     81.55 MB capacity,    80.10 MB ( 98%) used,     1.12 MB (  1%) free+waste,   334.62 KB ( <1%) overhead. 
      Class:     13.33 MB capacity,    12.22 MB ( 92%) used,   965.66 KB (  7%) free+waste,   167.56 KB (  1%) overhead. 
       Both:     94.88 MB capacity,    92.32 MB ( 97%) used,     2.07 MB (  2%) free+waste,   502.19 KB ( <1%) overhead. 

Virtual space:
  Non-class space:       82.00 MB reserved,      81.75 MB (>99%) committed 
      Class space:        1.00 GB reserved,      13.38 MB (  1%) committed 
             Both:        1.08 GB reserved,      95.12 MB (  9%) committed 

Chunk freelists:
   Non-Class:  2.00 KB
       Class:  1.88 KB
        Both:  3.88 KB

CodeHeap 'non-profiled nmethods': size=120000Kb used=4320Kb max_used=4320Kb free=115679Kb
 bounds [0x000001b847da0000, 0x000001b8481e0000, 0x000001b84f2d0000]
CodeHeap 'profiled nmethods': size=120000Kb used=19584Kb max_used=19584Kb free=100415Kb
 bounds [0x000001b840870000, 0x000001b841ba0000, 0x000001b847da0000]
CodeHeap 'non-nmethods': size=5760Kb used=1650Kb max_used=1665Kb free=4109Kb
 bounds [0x000001b8402d0000, 0x000001b840540000, 0x000001b840870000]
 total_blobs=10753 nmethods=9531 adapters=1132
 compilation: enabled
              stopped_count=0, restarted_count=0
 full_count=0

Compilation events (10 events):
Event: 25.898 Thread 0x000001b856419800 nmethod 9595 0x000001b841b8f510 code [0x000001b841b8f6c0, 0x000001b841b8f898]
Event: 25.898 Thread 0x000001b856419800 9596       3       java.text.BreakIterator::getLineInstance (7 bytes)
Event: 25.898 Thread 0x000001b856419800 nmethod 9596 0x000001b841b8f990 code [0x000001b841b8fb40, 0x000001b841b8fd28]
Event: 25.898 Thread 0x000001b856419800 9597       3       java.text.BreakIterator$BreakIteratorCache::createBreakInstance (11 bytes)
Event: 25.898 Thread 0x000001b856419800 nmethod 9597 0x000001b841b8fe10 code [0x000001b841b8ffc0, 0x000001b841b90268]
Event: 25.898 Thread 0x000001b856419800 9599       3       sun.font.SunFontManager::findFont2D (1173 bytes)
Event: 25.901 Thread 0x000001b856419000 nmethod 9587 0x000001b8481d7390 code [0x000001b8481d7540, 0x000001b8481d7a18]
Event: 25.901 Thread 0x000001b856419000 9607       4       java.awt.geom.RectangularShape::getMinX (5 bytes)
Event: 25.901 Thread 0x000001b856419000 nmethod 9607 0x000001b8481d8010 code [0x000001b8481d81a0, 0x000001b8481d8238]
Event: 25.902 Thread 0x000001b856419000 9608       4       sun.font.StandardGlyphVector::getDefaultStrike (48 bytes)

GC Heap History (10 events):
Event: 25.623 GC heap before
{Heap before GC invocations=26 (full 0):
 garbage-first heap   total 96256K, used 58320K [0x00000000a2600000, 0x0000000100000000)
  region size 1024K, 3 young (3072K), 1 survivors (1024K)
 Metaspace       used 94378K, capacity 97016K, committed 97152K, reserved 1132544K
  class space    used 12514K, capacity 13646K, committed 13696K, reserved 1048576K
}
Event: 25.626 GC heap after
{Heap after GC invocations=27 (full 0):
 garbage-first heap   total 96256K, used 56173K [0x00000000a2600000, 0x0000000100000000)
  region size 1024K, 1 young (1024K), 1 survivors (1024K)
 Metaspace       used 94378K, capacity 97016K, committed 97152K, reserved 1132544K
  class space    used 12514K, capacity 13646K, committed 13696K, reserved 1048576K
}
Event: 25.730 GC heap before
{Heap before GC invocations=28 (full 0):
 garbage-first heap   total 96256K, used 76653K [0x00000000a2600000, 0x0000000100000000)
  region size 1024K, 15 young (15360K), 1 survivors (1024K)
 Metaspace       used 94403K, capacity 97016K, committed 97152K, reserved 1132544K
  class space    used 12514K, capacity 13646K, committed 13696K, reserved 1048576K
}
Event: 25.732 GC heap after
{Heap after GC invocations=29 (full 0):
 garbage-first heap   total 96256K, used 61281K [0x00000000a2600000, 0x0000000100000000)
  region size 1024K, 1 young (1024K), 1 survivors (1024K)
 Metaspace       used 94403K, capacity 97016K, committed 97152K, reserved 1132544K
  class space    used 12514K, capacity 13646K, committed 13696K, reserved 1048576K
}
Event: 25.747 GC heap before
{Heap before GC invocations=29 (full 0):
 garbage-first heap   total 96256K, used 61281K [0x00000000a2600000, 0x0000000100000000)
  region size 1024K, 2 young (2048K), 1 survivors (1024K)
 Metaspace       used 94421K, capacity 97019K, committed 97152K, reserved 1132544K
  class space    used 12514K, capacity 13647K, committed 13696K, reserved 1048576K
}
Event: 25.749 GC heap after
{Heap after GC invocations=30 (full 0):
 garbage-first heap   total 96256K, used 57179K [0x00000000a2600000, 0x0000000100000000)
  region size 1024K, 1 young (1024K), 1 survivors (1024K)
 Metaspace       used 94421K, capacity 97019K, committed 97152K, reserved 1132544K
  class space    used 12514K, capacity 13647K, committed 13696K, reserved 1048576K
}
Event: 25.813 GC heap before
{Heap before GC invocations=31 (full 0):
 garbage-first heap   total 96256K, used 61275K [0x00000000a2600000, 0x0000000100000000)
  region size 1024K, 3 young (3072K), 1 survivors (1024K)
 Metaspace       used 94460K, capacity 97083K, committed 97152K, reserved 1132544K
  class space    used 12514K, capacity 13647K, committed 13696K, reserved 1048576K
}
Event: 25.815 GC heap after
{Heap after GC invocations=32 (full 0):
 garbage-first heap   total 96256K, used 61272K [0x00000000a2600000, 0x0000000100000000)
  region size 1024K, 1 young (1024K), 1 survivors (1024K)
 Metaspace       used 94460K, capacity 97083K, committed 97152K, reserved 1132544K
  class space    used 12514K, capacity 13647K, committed 13696K, reserved 1048576K
}
Event: 25.880 GC heap before
{Heap before GC invocations=33 (full 0):
 garbage-first heap   total 96256K, used 69464K [0x00000000a2600000, 0x0000000100000000)
  region size 1024K, 3 young (3072K), 1 survivors (1024K)
 Metaspace       used 94493K, capacity 97083K, committed 97152K, reserved 1132544K
  class space    used 12514K, capacity 13647K, committed 13696K, reserved 1048576K
}
Event: 25.882 GC heap after
{Heap after GC invocations=34 (full 0):
 garbage-first heap   total 96256K, used 64353K [0x00000000a2600000, 0x0000000100000000)
  region size 1024K, 1 young (1024K), 1 survivors (1024K)
 Metaspace       used 94493K, capacity 97083K, committed 97152K, reserved 1132544K
  class space    used 12514K, capacity 13647K, committed 13696K, reserved 1048576K
}

Deoptimization events (10 events):
Event: 22.375 Thread 0x000001b85831c000 Uncommon trap: reason=unstable_if action=reinterpret pc=0x000001b847e04204 method=java.lang.StringUTF16.compress([CI[BII)I @ 20 c2
Event: 22.376 Thread 0x000001b85831c000 Uncommon trap: reason=unstable_if action=reinterpret pc=0x000001b847e31e28 method=java.lang.String.equals(Ljava/lang/Object;)Z @ 27 c2
Event: 22.376 Thread 0x000001b85831c000 Uncommon trap: reason=unstable_if action=reinterpret pc=0x000001b847e26044 method=java.lang.String.indexOf(II)I @ 4 c2
Event: 22.376 Thread 0x000001b85831c000 Uncommon trap: reason=unstable_if action=reinterpret pc=0x000001b847ed8014 method=java.lang.String.startsWith(Ljava/lang/String;I)Z @ 46 c2
Event: 22.376 Thread 0x000001b85831c000 Uncommon trap: reason=unstable_if action=reinterpret pc=0x000001b847dd4c3c method=java.lang.String.startsWith(Ljava/lang/String;I)Z @ 46 c2
Event: 22.376 Thread 0x000001b85831c000 Uncommon trap: reason=unstable_if action=reinterpret pc=0x000001b847e0539c method=java.lang.String.indexOf(II)I @ 4 c2
Event: 24.146 Thread 0x000001b857562800 Uncommon trap: reason=profile_predicate action=maybe_recompile pc=0x000001b848180bcc method=com.sun.javafx.sg.prism.NGNode.markCullRegions(Lcom/sun/javafx/geom/DirtyRegionContainer;ILcom/sun/javafx/geom/transform/BaseTransform;Lcom/sun/javafx/geom/transfo
Event: 24.146 Thread 0x000001b857562800 Uncommon trap: reason=profile_predicate action=maybe_recompile pc=0x000001b848180bcc method=com.sun.javafx.sg.prism.NGNode.markCullRegions(Lcom/sun/javafx/geom/DirtyRegionContainer;ILcom/sun/javafx/geom/transform/BaseTransform;Lcom/sun/javafx/geom/transfo
Event: 24.170 Thread 0x000001b857562800 Uncommon trap: reason=profile_predicate action=maybe_recompile pc=0x000001b848180bcc method=com.sun.javafx.sg.prism.NGNode.markCullRegions(Lcom/sun/javafx/geom/DirtyRegionContainer;ILcom/sun/javafx/geom/transform/BaseTransform;Lcom/sun/javafx/geom/transfo
Event: 24.170 Thread 0x000001b857562800 Uncommon trap: reason=profile_predicate action=maybe_recompile pc=0x000001b848180bcc method=com.sun.javafx.sg.prism.NGNode.markCullRegions(Lcom/sun/javafx/geom/DirtyRegionContainer;ILcom/sun/javafx/geom/transform/BaseTransform;Lcom/sun/javafx/geom/transfo

Classes redefined (0 events):
No events

Internal exceptions (10 events):
Event: 20.765 Thread 0x000001b85831c000 Exception <a 'java/security/PrivilegedActionException'{0x00000000a71f2cf0}> (0x00000000a71f2cf0) thrown at [./open/src/hotspot/share/prims/jvm.cpp, line 1305]
Event: 20.958 Thread 0x000001b85831c000 Implicit null exception at 0x000001b847eb61f7 to 0x000001b847eb6784
Event: 21.136 Thread 0x000001b85831c000 Implicit null exception at 0x000001b847eb5674 to 0x000001b847eb5c18
Event: 21.449 Thread 0x000001b85831c000 Implicit null exception at 0x000001b84810c18c to 0x000001b84810c33a
Event: 23.691 Thread 0x000001b85831c000 Exception <a 'java/lang/NoSuchMethodError'{0x00000000a81b10a0}: java.lang.invoke.DirectMethodHandle$Holder.invokeStatic(Ljava/lang/Object;ILjava/lang/Object;Ljava/lang/Object;Ljava/lang/Object;Ljava/lang/Object;)Ljava/lang/Object;> (0x00000000a81b10a0) th
Event: 23.691 Thread 0x000001b85831c000 Exception <a 'java/lang/NoSuchMethodError'{0x00000000a81b84b8}: java.lang.invoke.DirectMethodHandle$Holder.invokeStatic(Ljava/lang/Object;ILjava/lang/Object;Ljava/lang/Object;Ljava/lang/Object;)Ljava/lang/Object;> (0x00000000a81b84b8) thrown at [./open/sr
Event: 23.691 Thread 0x000001b85831c000 Exception <a 'java/lang/NoSuchMethodError'{0x00000000a81bc548}: java.lang.invoke.DirectMethodHandle$Holder.invokeSpecial(Ljava/lang/Object;Ljava/lang/Object;ILjava/lang/Object;Ljava/lang/Object;Ljava/lang/Object;)Ljava/lang/Object;> (0x00000000a81bc548) t
Event: 23.694 Thread 0x000001b85831c000 Exception <a 'java/lang/NoSuchMethodError'{0x00000000a81d4298}: java.lang.invoke.DirectMethodHandle$Holder.invokeStatic(Ljava/lang/Object;ILjava/lang/Object;)Ljava/lang/Object;> (0x00000000a81d4298) thrown at [./open/src/hotspot/share/interpreter/linkReso
Event: 23.707 Thread 0x000001b85831c000 Exception <a 'java/lang/ClassNotFoundException'{0x00000000a807e1c8}: com/sun/swing/internal/plaf/metal/resources/spi/metalProvider> (0x00000000a807e1c8) thrown at [./open/src/hotspot/share/classfile/systemDictionary.cpp, line 226]
Event: 23.710 Thread 0x000001b85831c000 Exception <a 'java/lang/ClassNotFoundException'{0x00000000a8082b88}: com/sun/swing/internal/plaf/basic/resources/spi/basicProvider> (0x00000000a8082b88) thrown at [./open/src/hotspot/share/classfile/systemDictionary.cpp, line 226]

Events (10 events):
Event: 25.813 Executing VM operation: G1CollectForAllocation
Event: 25.816 Executing VM operation: G1CollectForAllocation done
Event: 25.843 Executing VM operation: CGC_Operation
Event: 25.849 Executing VM operation: CGC_Operation done
Event: 25.868 Executing VM operation: CGC_Operation
Event: 25.868 Executing VM operation: CGC_Operation done
Event: 25.880 Executing VM operation: G1CollectForAllocation
Event: 25.882 Executing VM operation: G1CollectForAllocation done
Event: 25.910 Executing VM operation: CGC_Operation
Event: 25.916 Executing VM operation: CGC_Operation done


Dynamic libraries:
0x00007ff749e00000 - 0x00007ff749e10000 	C:\Program Files\Java\jdk-11\bin\java.exe
0x00007ffb14dd0000 - 0x00007ffb14fe7000 	C:\WINDOWS\SYSTEM32\ntdll.dll
0x00007ffb135a0000 - 0x00007ffb13664000 	C:\WINDOWS\System32\KERNEL32.DLL
0x00007ffb12130000 - 0x00007ffb124dc000 	C:\WINDOWS\System32\KERNELBASE.dll
0x00007ffb12970000 - 0x00007ffb12a81000 	C:\WINDOWS\System32\ucrtbase.dll
0x00007ffb06190000 - 0x00007ffb061a9000 	C:\Program Files\Java\jdk-11\bin\jli.dll
0x00007ffb133a0000 - 0x00007ffb13452000 	C:\WINDOWS\System32\ADVAPI32.dll
0x00007ffb06170000 - 0x00007ffb0618b000 	C:\Program Files\Java\jdk-11\bin\VCRUNTIME140.dll
0x00007ffb13470000 - 0x00007ffb13517000 	C:\WINDOWS\System32\msvcrt.dll
0x00007ffb13950000 - 0x00007ffb139fa000 	C:\WINDOWS\System32\sechost.dll
0x00007ffb12100000 - 0x00007ffb12128000 	C:\WINDOWS\System32\bcrypt.dll
0x00007ffb13670000 - 0x00007ffb13785000 	C:\WINDOWS\System32\RPCRT4.dll
0x00007ffb13a60000 - 0x00007ffb13c0e000 	C:\WINDOWS\System32\USER32.dll
0x00007ffb125a0000 - 0x00007ffb125c6000 	C:\WINDOWS\System32\win32u.dll
0x00007ffb00530000 - 0x00007ffb007c3000 	C:\WINDOWS\WinSxS\amd64_microsoft.windows.common-controls_6595b64144ccf1df_6.0.22621.3672_none_2713b9d173822955\COMCTL32.dll
0x00007ffb13190000 - 0x00007ffb131b9000 	C:\WINDOWS\System32\GDI32.dll
0x00007ffb127e0000 - 0x00007ffb128f9000 	C:\WINDOWS\System32\gdi32full.dll
0x00007ffb125d0000 - 0x00007ffb1266a000 	C:\WINDOWS\System32\msvcp_win.dll
0x00007ffb098d0000 - 0x00007ffb098da000 	C:\WINDOWS\SYSTEM32\VERSION.dll
0x00007ffb13260000 - 0x00007ffb13291000 	C:\WINDOWS\System32\IMM32.DLL
0x00007ffb0d750000 - 0x00007ffb0d75c000 	C:\Program Files\Java\jdk-11\bin\vcruntime140_1.dll
0x00007ffae80e0000 - 0x00007ffae816e000 	C:\Program Files\Java\jdk-11\bin\msvcp140.dll
0x00007ffad14e0000 - 0x00007ffad204d000 	C:\Program Files\Java\jdk-11\bin\server\jvm.dll
0x00007ffb14b50000 - 0x00007ffb14b58000 	C:\WINDOWS\System32\PSAPI.DLL
0x00007ffb01550000 - 0x00007ffb01559000 	C:\WINDOWS\SYSTEM32\WSOCK32.dll
0x00007ffb13520000 - 0x00007ffb13591000 	C:\WINDOWS\System32\WS2_32.dll
0x00007ffb0d710000 - 0x00007ffb0d744000 	C:\WINDOWS\SYSTEM32\WINMM.dll
0x00007ffb11100000 - 0x00007ffb11118000 	C:\WINDOWS\SYSTEM32\kernel.appcore.dll
0x00007ffb0bdb0000 - 0x00007ffb0bdc0000 	C:\Program Files\Java\jdk-11\bin\verify.dll
0x00007ffb0f8d0000 - 0x00007ffb0fb02000 	C:\WINDOWS\SYSTEM32\DBGHELP.DLL
0x00007ffb12b10000 - 0x00007ffb12e98000 	C:\WINDOWS\System32\combase.dll
0x00007ffb14b60000 - 0x00007ffb14c37000 	C:\WINDOWS\System32\OLEAUT32.dll
0x00007ffb007d0000 - 0x00007ffb00802000 	C:\WINDOWS\SYSTEM32\dbgcore.DLL
0x00007ffb12a90000 - 0x00007ffb12b0b000 	C:\WINDOWS\System32\bcryptPrimitives.dll
0x00007ffb06140000 - 0x00007ffb06168000 	C:\Program Files\Java\jdk-11\bin\java.dll
0x00007ffb0afb0000 - 0x00007ffb0afba000 	C:\Program Files\Java\jdk-11\bin\jimage.dll
0x00007ffb06120000 - 0x00007ffb06137000 	C:\Program Files\Java\jdk-11\bin\zip.dll
0x00007ffb13c10000 - 0x00007ffb1446c000 	C:\WINDOWS\System32\SHELL32.dll
0x00007ffb10000000 - 0x00007ffb108f7000 	C:\WINDOWS\SYSTEM32\windows.storage.dll
0x00007ffb0fec0000 - 0x00007ffb0ffff000 	C:\WINDOWS\SYSTEM32\wintypes.dll
0x00007ffb132a0000 - 0x00007ffb13394000 	C:\WINDOWS\System32\SHCORE.dll
0x00007ffb13a00000 - 0x00007ffb13a5e000 	C:\WINDOWS\System32\shlwapi.dll
0x00007ffb12030000 - 0x00007ffb12051000 	C:\WINDOWS\SYSTEM32\profapi.dll
0x00007ffb06100000 - 0x00007ffb06119000 	C:\Program Files\Java\jdk-11\bin\net.dll
0x00007ffb0e320000 - 0x00007ffb0e456000 	C:\WINDOWS\SYSTEM32\WINHTTP.dll
0x00007ffb11580000 - 0x00007ffb115e9000 	C:\WINDOWS\system32\mswsock.dll
0x00007ffb06060000 - 0x00007ffb06072000 	C:\Program Files\Java\jdk-11\bin\nio.dll
0x000001b857940000 - 0x000001b857943000 	C:\Users\willo\.openjfx\cache\19.0.2.1+1\amd64\api-ms-win-core-console-l1-1-0.dll
0x000001b857950000 - 0x000001b857953000 	C:\Users\willo\.openjfx\cache\19.0.2.1+1\amd64\api-ms-win-core-console-l1-2-0.dll
0x000001b857960000 - 0x000001b857963000 	C:\Users\willo\.openjfx\cache\19.0.2.1+1\amd64\api-ms-win-core-datetime-l1-1-0.dll
0x000001b857970000 - 0x000001b857973000 	C:\Users\willo\.openjfx\cache\19.0.2.1+1\amd64\api-ms-win-core-debug-l1-1-0.dll
0x000001b857980000 - 0x000001b857983000 	C:\Users\willo\.openjfx\cache\19.0.2.1+1\amd64\api-ms-win-core-errorhandling-l1-1-0.dll
0x000001b857990000 - 0x000001b857994000 	C:\Users\willo\.openjfx\cache\19.0.2.1+1\amd64\api-ms-win-core-file-l1-1-0.dll
0x000001b8579a0000 - 0x000001b8579a3000 	C:\Users\willo\.openjfx\cache\19.0.2.1+1\amd64\api-ms-win-core-file-l1-2-0.dll
0x000001b8579b0000 - 0x000001b8579b3000 	C:\Users\willo\.openjfx\cache\19.0.2.1+1\amd64\api-ms-win-core-file-l2-1-0.dll
0x000001b8579c0000 - 0x000001b8579c3000 	C:\Users\willo\.openjfx\cache\19.0.2.1+1\amd64\api-ms-win-core-handle-l1-1-0.dll
0x000001b8579d0000 - 0x000001b8579d3000 	C:\Users\willo\.openjfx\cache\19.0.2.1+1\amd64\api-ms-win-core-heap-l1-1-0.dll
0x000001b8579e0000 - 0x000001b8579e3000 	C:\Users\willo\.openjfx\cache\19.0.2.1+1\amd64\api-ms-win-core-interlocked-l1-1-0.dll
0x000001b8579f0000 - 0x000001b8579f3000 	C:\Users\willo\.openjfx\cache\19.0.2.1+1\amd64\api-ms-win-core-libraryloader-l1-1-0.dll
0x000001b857a00000 - 0x000001b857a03000 	C:\Users\willo\.openjfx\cache\19.0.2.1+1\amd64\api-ms-win-core-localization-l1-2-0.dll
0x000001b857a10000 - 0x000001b857a13000 	C:\Users\willo\.openjfx\cache\19.0.2.1+1\amd64\api-ms-win-core-memory-l1-1-0.dll
0x000001b857a20000 - 0x000001b857a23000 	C:\Users\willo\.openjfx\cache\19.0.2.1+1\amd64\api-ms-win-core-namedpipe-l1-1-0.dll
0x000001b857a30000 - 0x000001b857a33000 	C:\Users\willo\.openjfx\cache\19.0.2.1+1\amd64\api-ms-win-core-processenvironment-l1-1-0.dll
0x000001b857a40000 - 0x000001b857a43000 	C:\Users\willo\.openjfx\cache\19.0.2.1+1\amd64\api-ms-win-core-processthreads-l1-1-0.dll
0x000001b857a50000 - 0x000001b857a53000 	C:\Users\willo\.openjfx\cache\19.0.2.1+1\amd64\api-ms-win-core-processthreads-l1-1-1.dll
0x000001b857a60000 - 0x000001b857a63000 	C:\Users\willo\.openjfx\cache\19.0.2.1+1\amd64\api-ms-win-core-profile-l1-1-0.dll
0x000001b857a70000 - 0x000001b857a73000 	C:\Users\willo\.openjfx\cache\19.0.2.1+1\amd64\api-ms-win-core-rtlsupport-l1-1-0.dll
0x000001b857a80000 - 0x000001b857a83000 	C:\Users\willo\.openjfx\cache\19.0.2.1+1\amd64\api-ms-win-core-string-l1-1-0.dll
0x000001b857a90000 - 0x000001b857a93000 	C:\Users\willo\.openjfx\cache\19.0.2.1+1\amd64\api-ms-win-core-synch-l1-1-0.dll
0x000001b857aa0000 - 0x000001b857aa3000 	C:\Users\willo\.openjfx\cache\19.0.2.1+1\amd64\api-ms-win-core-synch-l1-2-0.dll
0x000001b857ab0000 - 0x000001b857ab3000 	C:\Users\willo\.openjfx\cache\19.0.2.1+1\amd64\api-ms-win-core-sysinfo-l1-1-0.dll
0x000001b857ac0000 - 0x000001b857ac3000 	C:\Users\willo\.openjfx\cache\19.0.2.1+1\amd64\api-ms-win-core-timezone-l1-1-0.dll
0x000001b857ad0000 - 0x000001b857ad3000 	C:\Users\willo\.openjfx\cache\19.0.2.1+1\amd64\api-ms-win-core-util-l1-1-0.dll
0x000001b857ae0000 - 0x000001b857ae3000 	C:\Users\willo\.openjfx\cache\19.0.2.1+1\amd64\api-ms-win-crt-conio-l1-1-0.dll
0x000001b857af0000 - 0x000001b857af4000 	C:\Users\willo\.openjfx\cache\19.0.2.1+1\amd64\api-ms-win-crt-convert-l1-1-0.dll
0x000001b857b00000 - 0x000001b857b03000 	C:\Users\willo\.openjfx\cache\19.0.2.1+1\amd64\api-ms-win-crt-environment-l1-1-0.dll
0x000001b857b10000 - 0x000001b857b13000 	C:\Users\willo\.openjfx\cache\19.0.2.1+1\amd64\api-ms-win-crt-filesystem-l1-1-0.dll
0x000001b857b20000 - 0x000001b857b23000 	C:\Users\willo\.openjfx\cache\19.0.2.1+1\amd64\api-ms-win-crt-heap-l1-1-0.dll
0x000001b857b30000 - 0x000001b857b33000 	C:\Users\willo\.openjfx\cache\19.0.2.1+1\amd64\api-ms-win-crt-locale-l1-1-0.dll
0x000001b857b40000 - 0x000001b857b45000 	C:\Users\willo\.openjfx\cache\19.0.2.1+1\amd64\api-ms-win-crt-math-l1-1-0.dll
0x000001b857b50000 - 0x000001b857b55000 	C:\Users\willo\.openjfx\cache\19.0.2.1+1\amd64\api-ms-win-crt-multibyte-l1-1-0.dll
0x000001b857b60000 - 0x000001b857b70000 	C:\Users\willo\.openjfx\cache\19.0.2.1+1\amd64\api-ms-win-crt-private-l1-1-0.dll
0x000001b857b70000 - 0x000001b857b73000 	C:\Users\willo\.openjfx\cache\19.0.2.1+1\amd64\api-ms-win-crt-process-l1-1-0.dll
0x000001b857b80000 - 0x000001b857b84000 	C:\Users\willo\.openjfx\cache\19.0.2.1+1\amd64\api-ms-win-crt-runtime-l1-1-0.dll
0x000001b857b90000 - 0x000001b857b94000 	C:\Users\willo\.openjfx\cache\19.0.2.1+1\amd64\api-ms-win-crt-stdio-l1-1-0.dll
0x000001b857ba0000 - 0x000001b857ba4000 	C:\Users\willo\.openjfx\cache\19.0.2.1+1\amd64\api-ms-win-crt-string-l1-1-0.dll
0x000001b857bb0000 - 0x000001b857bb3000 	C:\Users\willo\.openjfx\cache\19.0.2.1+1\amd64\api-ms-win-crt-time-l1-1-0.dll
0x000001b857bc0000 - 0x000001b857bc3000 	C:\Users\willo\.openjfx\cache\19.0.2.1+1\amd64\api-ms-win-crt-utility-l1-1-0.dll
0x00007ffaa4df0000 - 0x00007ffaa4eec000 	C:\Users\willo\.openjfx\cache\19.0.2.1+1\amd64\ucrtbase.dll
0x00007ffaef3b0000 - 0x00007ffaef3cb000 	C:\Users\willo\.openjfx\cache\19.0.2.1+1\amd64\vcruntime140.dll
0x00007ffb04eb0000 - 0x00007ffb04ebc000 	C:\Users\willo\.openjfx\cache\19.0.2.1+1\amd64\vcruntime140_1.dll
0x00007fface360000 - 0x00007fface3ee000 	C:\Users\willo\.openjfx\cache\19.0.2.1+1\amd64\msvcp140.dll
0x00007ffafaf10000 - 0x00007ffafaf19000 	C:\Users\willo\.openjfx\cache\19.0.2.1+1\amd64\msvcp140_1.dll
0x00007ffae7550000 - 0x00007ffae7580000 	C:\Users\willo\.openjfx\cache\19.0.2.1+1\amd64\msvcp140_2.dll
0x00007ffad9890000 - 0x00007ffad98bc000 	C:\Users\willo\.openjfx\cache\19.0.2.1+1\amd64\prism_d3d.dll
0x00007ffac9290000 - 0x00007ffac9438000 	C:\WINDOWS\system32\d3d9.dll
0x00007ffb0f320000 - 0x00007ffb0f34b000 	C:\WINDOWS\SYSTEM32\dwmapi.dll
0x00007ffb0f1d0000 - 0x00007ffb0f209000 	C:\WINDOWS\SYSTEM32\dxcore.dll
0x00007ffb0f0d0000 - 0x00007ffb0f17a000 	C:\WINDOWS\system32\uxtheme.dll
0x00007ffb08870000 - 0x00007ffb08a2b000 	C:\WINDOWS\System32\DriverStore\FileRepository\u0390835.inf_amd64_66888840aa4163cc\B390488\aticfx64.dll
0x00007ffaef3d0000 - 0x00007ffaef404000 	C:\WINDOWS\System32\DriverStore\FileRepository\u0390835.inf_amd64_66888840aa4163cc\B390488\atiu9p64.dll
0x00007ffaa05f0000 - 0x00007ffaa1345000 	C:\WINDOWS\System32\DriverStore\FileRepository\u0390835.inf_amd64_66888840aa4163cc\B390488\atiumd64.dll
0x00007ffb12fe0000 - 0x00007ffb13185000 	C:\WINDOWS\System32\ole32.dll
0x000000006ef80000 - 0x000000006fea8000 	C:\WINDOWS\System32\DriverStore\FileRepository\u0390835.inf_amd64_66888840aa4163cc\B390488\atiumd6a.dll
0x00007ffb14470000 - 0x00007ffb148e4000 	C:\WINDOWS\System32\SETUPAPI.dll
0x00007ffb11d60000 - 0x00007ffb11dad000 	C:\WINDOWS\SYSTEM32\POWRPROF.dll
0x00007ffb11b60000 - 0x00007ffb11b73000 	C:\WINDOWS\SYSTEM32\UMPDC.dll
0x00007ffb0ab50000 - 0x00007ffb0ab85000 	C:\WINDOWS\SYSTEM32\amdihk64.dll
0x00007ffb09aa0000 - 0x00007ffb09ae9000 	C:\WINDOWS\SYSTEM32\directxdatabasehelper.dll
0x00007ffad7890000 - 0x00007ffad78d2000 	C:\Users\willo\.openjfx\cache\19.0.2.1+1\amd64\glass.dll
0x00007ffb14c40000 - 0x00007ffb14d36000 	C:\WINDOWS\System32\COMDLG32.dll
0x00007ffb137f0000 - 0x00007ffb13943000 	C:\WINDOWS\System32\MSCTF.dll
0x00007ffaeeff0000 - 0x00007ffaef004000 	C:\Users\willo\.openjfx\cache\19.0.2.1+1\amd64\javafx_font.dll
0x00007ffb0b2e0000 - 0x00007ffb0b553000 	C:\WINDOWS\SYSTEM32\dwrite.dll
0x00007ffb12f10000 - 0x00007ffb12fc0000 	C:\WINDOWS\System32\clbcatq.dll
0x00007ffb0eed0000 - 0x00007ffb0f080000 	C:\WINDOWS\SYSTEM32\WindowsCodecs.dll
0x00007ffaf5400000 - 0x00007ffaf545e000 	C:\WINDOWS\system32\dataexchange.dll
0x00007ffb07670000 - 0x00007ffb078fa000 	C:\WINDOWS\system32\twinapi.appcore.dll
0x00007fface740000 - 0x00007fface772000 	C:\Program Files\Common Files\Microsoft Shared\Ink\rtscom.dll
0x00007ffafb430000 - 0x00007ffafb57d000 	C:\WINDOWS\SYSTEM32\textinputframework.dll
0x00007ffb0c6a0000 - 0x00007ffb0c7d3000 	C:\WINDOWS\SYSTEM32\CoreMessaging.dll
0x00007ffb09190000 - 0x00007ffb094fd000 	C:\WINDOWS\SYSTEM32\CoreUIComponents.dll
0x00007ffb11820000 - 0x00007ffb1182c000 	C:\WINDOWS\SYSTEM32\CRYPTBASE.DLL
0x00007ffb10bd0000 - 0x00007ffb10cc8000 	C:\WINDOWS\SYSTEM32\DNSAPI.dll
0x00007ffb10b60000 - 0x00007ffb10b8d000 	C:\WINDOWS\SYSTEM32\IPHLPAPI.DLL
0x00007ffb12ea0000 - 0x00007ffb12ea9000 	C:\WINDOWS\System32\NSI.dll
0x00007ffb03090000 - 0x00007ffb0309a000 	C:\Windows\System32\rasadhlp.dll
0x00007ffb0d940000 - 0x00007ffb0d9c3000 	C:\WINDOWS\System32\fwpuclnt.dll

dbghelp: loaded successfully - version: 4.0.5 - missing functions: none
symbol engine: initialized successfully - sym options: 0x614 - pdb path: .;C:\Program Files\Java\jdk-11\bin;C:\WINDOWS\SYSTEM32;C:\WINDOWS\WinSxS\amd64_microsoft.windows.common-controls_6595b64144ccf1df_6.0.22621.3672_none_2713b9d173822955;C:\Program Files\Java\jdk-11\bin\server;C:\Users\willo\.openjfx\cache\19.0.2.1+1\amd64;C:\WINDOWS\System32\DriverStore\FileRepository\u0390835.inf_amd64_66888840aa4163cc\B390488;C:\Program Files\Common Files\Microsoft Shared\Ink

VM Arguments:
jvm_args: --module-path=C:\Users\willo\.m2\repository\org\openjfx\javafx-base\19.0.2.1\javafx-base-19.0.2.1-win.jar;C:\Users\willo\.m2\repository\org\openjfx\javafx-base\19.0.2.1\javafx-base-19.0.2.1.jar;C:\Users\willo\.m2\repository\org\openjfx\javafx-controls\19.0.2.1\javafx-controls-19.0.2.1-win.jar;C:\Users\willo\.m2\repository\org\openjfx\javafx-controls\19.0.2.1\javafx-controls-19.0.2.1.jar;C:\Users\willo\.m2\repository\org\openjfx\javafx-fxml\19.0.2.1\javafx-fxml-19.0.2.1-win.jar;C:\Users\willo\.m2\repository\org\openjfx\javafx-fxml\19.0.2.1\javafx-fxml-19.0.2.1.jar;C:\Users\willo\.m2\repository\org\openjfx\javafx-graphics\19.0.2.1\javafx-graphics-19.0.2.1-win.jar;C:\Users\willo\.m2\repository\org\openjfx\javafx-graphics\19.0.2.1\javafx-graphics-19.0.2.1.jar --add-modules=javafx.base,javafx.controls,javafx.fxml,javafx.graphics 
java_command: Main
java_class_path (initial): D:\Edu\iCD\Standalone App Development\Final_Coursework\clothify_store_pos\target\classes;C:\Users\willo\.m2\repository\com\fasterxml\classmate\1.5.1\classmate-1.5.1.jar;C:\Users\willo\.m2\repository\com\fasterxml\jackson\core\jackson-annotations\2.15.3\jackson-annotations-2.15.3.jar;C:\Users\willo\.m2\repository\com\fasterxml\jackson\core\jackson-core\2.15.3\jackson-core-2.15.3.jar;C:\Users\willo\.m2\repository\com\fasterxml\jackson\core\jackson-databind\2.15.3\jackson-databind-2.15.3.jar;C:\Users\willo\.m2\repository\com\fasterxml\jackson\dataformat\jackson-dataformat-xml\2.15.3\jackson-dataformat-xml-2.15.3.jar;C:\Users\willo\.m2\repository\com\fasterxml\woodstox\woodstox-core\6.5.1\woodstox-core-6.5.1.jar;C:\Users\willo\.m2\repository\com\github\librepdf\openpdf\1.3.30.jaspersoft.3\openpdf-1.3.30.jaspersoft.3.jar;C:\Users\willo\.m2\repository\com\google\protobuf\protobuf-java\3.25.1\protobuf-java-3.25.1.jar;C:\Users\willo\.m2\repository\com\jfoenix\jfoenix\9.0.1\jfoenix-9.0.1.jar;C:\Users\willo\.m2\repository\com\mysql\mysql-connector-j\8.4.0\mysql-connector-j-8.4.0.jar;C:\Users\willo\.m2\repository\com\sun\istack\istack-commons-runtime\4.1.1\istack-commons-runtime-4.1.1.jar;C:\Users\willo\.m2\repository\commons-beanutils\commons-beanutils\1.9.4\commons-beanutils-1.9.4.jar;C:\Users\willo\.m2\repository\commons-collections\commons-collections\3.2.2\commons-collections-3.2.2.jar;C:\Users\willo\.m2\repository\commons-digester\commons-digester\2.1\commons-digester-2.1.jar;C:\Users\willo\.m2\repository\commons-logging\commons-logging\1.3.2\commons-logging-1.3.2.jar;C:\Users\willo\.m2\repository\commons-validator\commons-validator\1.9.0\commons-validator-1.9.0.jar;C:\Users\willo\.m2\repository\io\smallrye\jandex\3.1.2\jandex-3.1.2.jar;C:\Users\willo\.m2\repository\jakarta\activation\jakarta.activation-api\2.1.0\jakarta.activation-api-2.1.0.jar;C:\Users\willo\.m2\repository\jakarta\inject\jakarta.inject-api\2.0.1\jakarta.inject-api-2.0.1.jar
Launcher Type: SUN_STANDARD

[Global flags]
     intx CICompilerCount                          = 4                                         {product} {ergonomic}
     uint ConcGCThreads                            = 3                                         {product} {ergonomic}
     uint G1ConcRefinementThreads                  = 10                                        {product} {ergonomic}
   size_t G1HeapRegionSize                         = 1048576                                   {product} {ergonomic}
    uintx GCDrainStackTargetSize                   = 64                                        {product} {ergonomic}
   size_t InitialHeapSize                          = 98566144                                  {product} {ergonomic}
   size_t MarkStackSize                            = 4194304                                   {product} {ergonomic}
   size_t MaxHeapSize                              = 1570766848                                {product} {ergonomic}
   size_t MaxNewSize                               = 941621248                                 {product} {ergonomic}
   size_t MinHeapDeltaBytes                        = 1048576                                   {product} {ergonomic}
    uintx NonNMethodCodeHeapSize                   = 5836300                                {pd product} {ergonomic}
    uintx NonProfiledCodeHeapSize                  = 122910970                              {pd product} {ergonomic}
    uintx ProfiledCodeHeapSize                     = 122910970                              {pd product} {ergonomic}
    uintx ReservedCodeCacheSize                    = 251658240                              {pd product} {ergonomic}
     bool SegmentedCodeCache                       = true                                      {product} {ergonomic}
     bool UseCompressedClassPointers               = true                                 {lp64_product} {ergonomic}
     bool UseCompressedOops                        = true                                 {lp64_product} {ergonomic}
     bool UseG1GC                                  = true                                      {product} {ergonomic}
     bool UseLargePagesIndividualAllocation        = false                                  {pd product} {ergonomic}

Logging:
Log output configuration:
 #0: stdout all=warning uptime,level,tags
 #1: stderr all=off uptime,level,tags

Environment Variables:
PATH=C:\Program Files\Java\jdk-11\bin;C:\Program Files\Java\jdk1.8.0_202\bin;C:\WINDOWS\system32;C:\WINDOWS;C:\WINDOWS\System32\Wbem;C:\WINDOWS\System32\WindowsPowerShell\v1.0\;C:\WINDOWS\System32\OpenSSH\;C:\Program Files\dotnet\;C:\Program Files\nodejs\;C:\Program Files\Git\cmd;C:\Program Files\Java\jdk1.8.0_202\bin;C:\Program Files\Java\jdk-11\bin;C:\Users\willo\AppData\Local\Microsoft\WindowsApps;C:\Users\willo\AppData\Local\Programs\Microsoft VS Code\bin;C:\Program Files\MySQL\MySQL Server 8.0\bin;D:\Apps\MiKTeX\miktex\bin\x64\;C:\Users\willo\AppData\Roaming\npm
USERNAME=willo
OS=Windows_NT
PROCESSOR_IDENTIFIER=AMD64 Family 23 Model 104 Stepping 1, AuthenticAMD



---------------  S Y S T E M  ---------------

OS: Windows 11 , 64 bit Build 22621 (10.0.22621.3672)
Hyper-V role detected

CPU:total 12 (initial active 12) (12 cores per cpu, 2 threads per core) family 23 model 104 stepping 1 microcode 0x0, cmov, cx8, fxsr, mmx, sse, sse2, sse3, ssse3, sse4.1, sse4.2, popcnt, avx, avx2, aes, clmul, mmxext, 3dnowpref, lzcnt, sse4a, ht, tsc, tscinvbit, tscinv, bmi1, bmi2, adx,

Memory: 4k page, system-wide physical 5989M (240M free)
TotalPageFile size 17154M (AvailPageFile size 0M)
current process WorkingSet (physical memory assigned to process): 348M, peak: 348M
current process commit charge ("private bytes"): 451M, peak: 452M

vm_info: Java HotSpot(TM) 64-Bit Server VM (11.0.20+9-LTS-256) for windows-amd64 JRE (11.0.20+9-LTS-256), built on Jun 14 2023 10:34:22 by "mach5one" with MS VC++ 17.1 (VS2022)

END.
