#
# There is insufficient memory for the Java Runtime Environment to continue.
# Native memory allocation (malloc) failed to allocate 839696 bytes for Chunk::new
# Possible reasons:
#   The system is out of physical RAM or swap space
#   The process is running with CompressedOops enabled, and the Java Heap may be blocking the growth of the native heap
# Possible solutions:
#   Reduce memory load on the system
#   Increase physical memory or swap space
#   Check if swap backing store is full
#   Decrease Java heap size (-Xmx/-Xms)
#   Decrease number of Java threads
#   Decrease Java thread stack sizes (-Xss)
#   Set larger code cache with -XX:ReservedCodeCacheSize=
#   JVM is running with Unscaled Compressed Oops mode in which the Java heap is
#     placed in the first 4GB address space. The Java Heap base address is the
#     maximum limit for the native heap growth. Please use -XX:HeapBaseMinAddress
#     to set the Java Heap base and to place the Java Heap above 4GB virtual address.
# This output file may be truncated or incomplete.
#
#  Out of Memory Error (./open/src/hotspot/share/memory/arena.cpp:197), pid=11836, tid=17404
#
# JRE version: Java(TM) SE Runtime Environment 18.9 (11.0.20+9) (build 11.0.20+9-LTS-256)
# Java VM: Java HotSpot(TM) 64-Bit Server VM 18.9 (11.0.20+9-LTS-256, mixed mode, tiered, compressed oops, g1 gc, windows-amd64)
# No core dump will be written. Minidumps are not enabled by default on client versions of Windows
#

---------------  S U M M A R Y ------------

Command Line: --module-path=C:\Users\willo\.m2\repository\org\openjfx\javafx-base\19.0.2.1\javafx-base-19.0.2.1-win.jar;C:\Users\willo\.m2\repository\org\openjfx\javafx-base\19.0.2.1\javafx-base-19.0.2.1.jar;C:\Users\willo\.m2\repository\org\openjfx\javafx-controls\19.0.2.1\javafx-controls-19.0.2.1-win.jar;C:\Users\willo\.m2\repository\org\openjfx\javafx-controls\19.0.2.1\javafx-controls-19.0.2.1.jar;C:\Users\willo\.m2\repository\org\openjfx\javafx-fxml\19.0.2.1\javafx-fxml-19.0.2.1-win.jar;C:\Users\willo\.m2\repository\org\openjfx\javafx-fxml\19.0.2.1\javafx-fxml-19.0.2.1.jar;C:\Users\willo\.m2\repository\org\openjfx\javafx-graphics\19.0.2.1\javafx-graphics-19.0.2.1-win.jar;C:\Users\willo\.m2\repository\org\openjfx\javafx-graphics\19.0.2.1\javafx-graphics-19.0.2.1.jar --add-modules=javafx.base,javafx.controls,javafx.fxml,javafx.graphics Main

Host: AMD Ryzen 5 5500U with Radeon Graphics         , 12 cores, 5G,  Windows 11 , 64 bit Build 22621 (10.0.22621.3672)
Time: Sun Jun 23 22:11:21 2024 Sri Lanka Standard Time elapsed time: 25.652588 seconds (0d 0h 0m 25s)

---------------  T H R E A D  ---------------

Current thread (0x0000024b73606800):  JavaThread "C2 CompilerThread0" daemon [_thread_in_native, id=17404, stack(0x0000005cbdb00000,0x0000005cbdc00000)]


Current CompileTask:
C2:  25652 8898       4       com.sun.javafx.sg.prism.NGGroup::markCullRegions (201 bytes)

Stack: [0x0000005cbdb00000,0x0000005cbdc00000]
Native frames: (J=compiled Java code, j=interpreted, Vv=VM code, C=native code)
V  [jvm.dll+0x6602ba]
V  [jvm.dll+0x7a32af]
V  [jvm.dll+0x7a4979]
V  [jvm.dll+0x7a5013]
V  [jvm.dll+0x258ef5]
V  [jvm.dll+0xb2a0c]
V  [jvm.dll+0xb2fcc]
V  [jvm.dll+0x367691]
V  [jvm.dll+0x1a2b74]
V  [jvm.dll+0x211d4d]
V  [jvm.dll+0x210bc8]
V  [jvm.dll+0x18cdb1]
V  [jvm.dll+0x220e59]
V  [jvm.dll+0x21f17c]
V  [jvm.dll+0x767061]
V  [jvm.dll+0x75f8e4]
V  [jvm.dll+0x65f165]
C  [ucrtbase.dll+0x29333]
C  [KERNEL32.DLL+0x1257d]
C  [ntdll.dll+0x5af28]


---------------  P R O C E S S  ---------------

Threads class SMR info:
_java_thread_list=0x0000024b744ffdb0, length=25, elements={
0x0000024b565a6000, 0x0000024b735f3000, 0x0000024b735f4000, 0x0000024b735ff800,
0x0000024b73602800, 0x0000024b73603800, 0x0000024b73606800, 0x0000024b73607800,
0x0000024b73608800, 0x0000024b740cd000, 0x0000024b745e9800, 0x0000024b75143800,
0x0000024b75326000, 0x0000024b74ae7800, 0x0000024b7535e800, 0x0000024b75cda000,
0x0000024b75989800, 0x0000024b74a0d000, 0x0000024b042da000, 0x0000024b042d6000,
0x0000024b042d4800, 0x0000024b042d7800, 0x0000024b042db000, 0x0000024b042d8800,
0x0000024b042d5000
}

Java Threads: ( => current thread )
  0x0000024b565a6000 JavaThread "main" [_thread_blocked, id=20148, stack(0x0000005cbcf00000,0x0000005cbd000000)]
  0x0000024b735f3000 JavaThread "Reference Handler" daemon [_thread_blocked, id=22744, stack(0x0000005cbd600000,0x0000005cbd700000)]
  0x0000024b735f4000 JavaThread "Finalizer" daemon [_thread_blocked, id=21120, stack(0x0000005cbd700000,0x0000005cbd800000)]
  0x0000024b735ff800 JavaThread "Signal Dispatcher" daemon [_thread_blocked, id=23696, stack(0x0000005cbd800000,0x0000005cbd900000)]
  0x0000024b73602800 JavaThread "Attach Listener" daemon [_thread_blocked, id=17932, stack(0x0000005cbd900000,0x0000005cbda00000)]
  0x0000024b73603800 JavaThread "Service Thread" daemon [_thread_blocked, id=30084, stack(0x0000005cbda00000,0x0000005cbdb00000)]
=>0x0000024b73606800 JavaThread "C2 CompilerThread0" daemon [_thread_in_native, id=17404, stack(0x0000005cbdb00000,0x0000005cbdc00000)]
  0x0000024b73607800 JavaThread "C1 CompilerThread0" daemon [_thread_blocked, id=5596, stack(0x0000005cbdc00000,0x0000005cbdd00000)]
  0x0000024b73608800 JavaThread "Sweeper thread" daemon [_thread_blocked, id=21060, stack(0x0000005cbdd00000,0x0000005cbde00000)]
  0x0000024b740cd000 JavaThread "Common-Cleaner" daemon [_thread_blocked, id=23216, stack(0x0000005cbde00000,0x0000005cbdf00000)]
  0x0000024b745e9800 JavaThread "QuantumRenderer-0" daemon [_thread_in_native, id=2132, stack(0x0000005cbe100000,0x0000005cbe200000)]
  0x0000024b75143800 JavaThread "InvokeLaterDispatcher" daemon [_thread_blocked, id=18172, stack(0x0000005cbe400000,0x0000005cbe500000)]
  0x0000024b75326000 JavaThread "JavaFX Application Thread" [_thread_in_native, id=11876, stack(0x0000005cbe500000,0x0000005cbe600000)]
  0x0000024b74ae7800 JavaThread "JavaFX-Launcher" [_thread_blocked, id=19720, stack(0x0000005cbef00000,0x0000005cbf000000)]
  0x0000024b7535e800 JavaThread "Thread-2" daemon [_thread_in_native, id=1380, stack(0x0000005cbee00000,0x0000005cbef00000)]
  0x0000024b75cda000 JavaThread "Prism Font Disposer" daemon [_thread_blocked, id=32696, stack(0x0000005cbf600000,0x0000005cbf700000)]
  0x0000024b75989800 JavaThread "Cleaner-0" daemon [_thread_blocked, id=9152, stack(0x0000005cbfa00000,0x0000005cbfb00000)]
  0x0000024b74a0d000 JavaThread "mysql-cj-abandoned-connection-cleanup" daemon [_thread_blocked, id=23244, stack(0x0000005cbfc00000,0x0000005cbfd00000)]
  0x0000024b042da000 JavaThread "Hibernate Connection Pool Validation Thread" daemon [_thread_blocked, id=11024, stack(0x0000005cbfe00000,0x0000005cbff00000)]
  0x0000024b042d6000 JavaThread "Java2D Disposer" daemon [_thread_blocked, id=2888, stack(0x0000005cbff00000,0x0000005cc0000000)]
  0x0000024b042d4800 JavaThread "AWT-Windows" daemon [_thread_in_native, id=27624, stack(0x0000005cc0100000,0x0000005cc0200000)]
  0x0000024b042d7800 JavaThread "Keep-Alive-Timer" daemon [_thread_blocked, id=28788, stack(0x0000005cc1000000,0x0000005cc1100000)]
  0x0000024b042db000 JavaThread "Image Fetcher 0" daemon [_thread_blocked, id=22844, stack(0x0000005cc0000000,0x0000005cc0100000)]
  0x0000024b042d8800 JavaThread "AWT-Shutdown" [_thread_blocked, id=10292, stack(0x0000005cc1300000,0x0000005cc1400000)]
  0x0000024b042d5000 JavaThread "AWT-EventQueue-0" [_thread_in_native, id=14716, stack(0x0000005cc1400000,0x0000005cc1500000)]

Other Threads:
  0x0000024b735c0000 VMThread "VM Thread" [stack: 0x0000005cbd500000,0x0000005cbd600000] [id=30624]
  0x0000024b74528000 WatcherThread [stack: 0x0000005cbe000000,0x0000005cbe100000] [id=24328]
  0x0000024b565bb000 GCTaskThread "GC Thread#0" [stack: 0x0000005cbd000000,0x0000005cbd100000] [id=30144]
  0x0000024b75178800 GCTaskThread "GC Thread#1" [stack: 0x0000005cbf000000,0x0000005cbf100000] [id=12396]
  0x0000024b75179800 GCTaskThread "GC Thread#2" [stack: 0x0000005cbf100000,0x0000005cbf200000] [id=12376]
  0x0000024b753a6800 GCTaskThread "GC Thread#3" [stack: 0x0000005cbf200000,0x0000005cbf300000] [id=27596]
  0x0000024b753a7000 GCTaskThread "GC Thread#4" [stack: 0x0000005cbf300000,0x0000005cbf400000] [id=7072]
  0x0000024b753a8000 GCTaskThread "GC Thread#5" [stack: 0x0000005cbf400000,0x0000005cbf500000] [id=28388]
  0x0000024b0573a000 GCTaskThread "GC Thread#6" [stack: 0x0000005cc1100000,0x0000005cc1200000] [id=10988]
  0x0000024b042fc000 GCTaskThread "GC Thread#7" [stack: 0x0000005cc1200000,0x0000005cc1300000] [id=9240]
  0x0000024b565e4000 ConcurrentGCThread "G1 Main Marker" [stack: 0x0000005cbd100000,0x0000005cbd200000] [id=26748]
  0x0000024b565e6800 ConcurrentGCThread "G1 Conc#0" [stack: 0x0000005cbd200000,0x0000005cbd300000] [id=28976]
  0x0000024b752ea800 ConcurrentGCThread "G1 Conc#1" [stack: 0x0000005cbf700000,0x0000005cbf800000] [id=11228]
  0x0000024b7535d000 ConcurrentGCThread "G1 Conc#2" [stack: 0x0000005cbf800000,0x0000005cbf900000] [id=18800]
  0x0000024b73430800 ConcurrentGCThread "G1 Refine#0" [stack: 0x0000005cbd300000,0x0000005cbd400000] [id=9436]
  0x0000024b75601800 ConcurrentGCThread "G1 Refine#1" [stack: 0x0000005cbdf00000,0x0000005cbe000000] [id=10844]
  0x0000024b04b63000 ConcurrentGCThread "G1 Refine#2" [stack: 0x0000005cbfd00000,0x0000005cbfe00000] [id=27680]
  0x0000024b73431000 ConcurrentGCThread "G1 Young RemSet Sampling" [stack: 0x0000005cbd400000,0x0000005cbd500000] [id=29280]

Threads with active compile tasks:
C2 CompilerThread0    25682 8898       4       com.sun.javafx.sg.prism.NGGroup::markCullRegions (201 bytes)

VM state:not at safepoint (normal execution)

VM Mutex/Monitor currently owned by a thread: None

Heap address: 0x00000000a2600000, size: 1498 MB, Compressed Oops mode: 32-bit
Narrow klass base: 0x0000000000000000, Narrow klass shift: 3
Compressed class space size: 1073741824 Address: 0x0000000100000000

Heap:
 garbage-first heap   total 115712K, used 60918K [0x00000000a2600000, 0x0000000100000000)
  region size 1024K, 16 young (16384K), 5 survivors (5120K)
 Metaspace       used 93302K, capacity 95984K, committed 96256K, reserved 1132544K
  class space    used 12373K, capacity 13539K, committed 13568K, reserved 1048576K
Heap Regions: E=young(eden), S=young(survivor), O=old, HS=humongous(starts), HC=humongous(continues), CS=collection set, F=free, A=archive, TAMS=top-at-mark-start (previous, next)
|   0|0x00000000a2600000, 0x00000000a2700000, 0x00000000a2700000|100%|HS|  |TAMS 0x00000000a2700000, 0x00000000a2600000| Complete 
|   1|0x00000000a2700000, 0x00000000a2800000, 0x00000000a2800000|100%| O|  |TAMS 0x00000000a2800000, 0x00000000a2700000| Untracked 
|   2|0x00000000a2800000, 0x00000000a2900000, 0x00000000a2900000|100%| O|  |TAMS 0x00000000a2900000, 0x00000000a2800000| Untracked 
|   3|0x00000000a2900000, 0x00000000a2a00000, 0x00000000a2a00000|100%| O|  |TAMS 0x00000000a2a00000, 0x00000000a2900000| Untracked 
|   4|0x00000000a2a00000, 0x00000000a2b00000, 0x00000000a2b00000|100%| O|  |TAMS 0x00000000a2b00000, 0x00000000a2a00000| Untracked 
|   5|0x00000000a2b00000, 0x00000000a2c00000, 0x00000000a2c00000|100%| O|  |TAMS 0x00000000a2c00000, 0x00000000a2b00000| Untracked 
|   6|0x00000000a2c00000, 0x00000000a2d00000, 0x00000000a2d00000|100%| O|  |TAMS 0x00000000a2d00000, 0x00000000a2c00000| Untracked 
|   7|0x00000000a2d00000, 0x00000000a2e00000, 0x00000000a2e00000|100%| O|  |TAMS 0x00000000a2e00000, 0x00000000a2d00000| Untracked 
|   8|0x00000000a2e00000, 0x00000000a2f00000, 0x00000000a2f00000|100%| O|  |TAMS 0x00000000a2f00000, 0x00000000a2e00000| Untracked 
|   9|0x00000000a2f00000, 0x00000000a3000000, 0x00000000a3000000|100%| O|  |TAMS 0x00000000a3000000, 0x00000000a2f00000| Untracked 
|  10|0x00000000a3000000, 0x00000000a3100000, 0x00000000a3100000|100%| O|  |TAMS 0x00000000a3100000, 0x00000000a3000000| Untracked 
|  11|0x00000000a3100000, 0x00000000a3200000, 0x00000000a3200000|100%|HS|  |TAMS 0x00000000a3200000, 0x00000000a3100000| Complete 
|  12|0x00000000a3200000, 0x00000000a3300000, 0x00000000a3300000|100%|HC|  |TAMS 0x00000000a3300000, 0x00000000a3200000| Complete 
|  13|0x00000000a3300000, 0x00000000a3400000, 0x00000000a3400000|100%| O|  |TAMS 0x00000000a3400000, 0x00000000a3300000| Untracked 
|  14|0x00000000a3400000, 0x00000000a3500000, 0x00000000a3500000|100%| O|  |TAMS 0x00000000a3500000, 0x00000000a3400000| Untracked 
|  15|0x00000000a3500000, 0x00000000a3600000, 0x00000000a3600000|100%| O|  |TAMS 0x00000000a3600000, 0x00000000a3500000| Untracked 
|  16|0x00000000a3600000, 0x00000000a3700000, 0x00000000a3700000|100%| O|  |TAMS 0x00000000a3700000, 0x00000000a3600000| Untracked 
|  17|0x00000000a3700000, 0x00000000a3800000, 0x00000000a3800000|100%| O|  |TAMS 0x00000000a3800000, 0x00000000a3700000| Untracked 
|  18|0x00000000a3800000, 0x00000000a3900000, 0x00000000a3900000|100%| O|  |TAMS 0x00000000a3900000, 0x00000000a3800000| Untracked 
|  19|0x00000000a3900000, 0x00000000a3a00000, 0x00000000a3a00000|100%| O|  |TAMS 0x00000000a3a00000, 0x00000000a3900000| Untracked 
|  20|0x00000000a3a00000, 0x00000000a3b00000, 0x00000000a3b00000|100%| O|  |TAMS 0x00000000a3abaa00, 0x00000000a3a00000| Untracked 
|  21|0x00000000a3b00000, 0x00000000a3c00000, 0x00000000a3c00000|100%| O|  |TAMS 0x00000000a3b00000, 0x00000000a3b00000| Untracked 
|  22|0x00000000a3c00000, 0x00000000a3d00000, 0x00000000a3d00000|100%| O|  |TAMS 0x00000000a3c00000, 0x00000000a3c00000| Untracked 
|  23|0x00000000a3d00000, 0x00000000a3e00000, 0x00000000a3e00000|100%| O|  |TAMS 0x00000000a3d00000, 0x00000000a3d00000| Untracked 
|  24|0x00000000a3e00000, 0x00000000a3f00000, 0x00000000a3f00000|100%| O|  |TAMS 0x00000000a3e00000, 0x00000000a3e00000| Untracked 
|  25|0x00000000a3f00000, 0x00000000a4000000, 0x00000000a4000000|100%| O|  |TAMS 0x00000000a3f00000, 0x00000000a3f00000| Untracked 
|  26|0x00000000a4000000, 0x00000000a4100000, 0x00000000a4100000|100%| O|  |TAMS 0x00000000a4000000, 0x00000000a4000000| Untracked 
|  27|0x00000000a4100000, 0x00000000a4200000, 0x00000000a4200000|100%| O|  |TAMS 0x00000000a4100000, 0x00000000a4100000| Untracked 
|  28|0x00000000a4200000, 0x00000000a4300000, 0x00000000a4300000|100%| O|  |TAMS 0x00000000a4200000, 0x00000000a4200000| Untracked 
|  29|0x00000000a4300000, 0x00000000a4400000, 0x00000000a4400000|100%| O|  |TAMS 0x00000000a4300000, 0x00000000a4300000| Untracked 
|  30|0x00000000a4400000, 0x00000000a4500000, 0x00000000a4500000|100%| O|  |TAMS 0x00000000a4400000, 0x00000000a4400000| Untracked 
|  31|0x00000000a4500000, 0x00000000a4600000, 0x00000000a4600000|100%| O|  |TAMS 0x00000000a4500000, 0x00000000a4500000| Untracked 
|  32|0x00000000a4600000, 0x00000000a4700000, 0x00000000a4700000|100%| O|  |TAMS 0x00000000a4600000, 0x00000000a4600000| Untracked 
|  33|0x00000000a4700000, 0x00000000a4800000, 0x00000000a4800000|100%| O|  |TAMS 0x00000000a4700000, 0x00000000a4700000| Untracked 
|  34|0x00000000a4800000, 0x00000000a4900000, 0x00000000a4900000|100%| O|  |TAMS 0x00000000a4800000, 0x00000000a4800000| Untracked 
|  35|0x00000000a4900000, 0x00000000a4a00000, 0x00000000a4a00000|100%| O|  |TAMS 0x00000000a4900000, 0x00000000a4900000| Untracked 
|  36|0x00000000a4a00000, 0x00000000a4b00000, 0x00000000a4b00000|100%| O|  |TAMS 0x00000000a4a00000, 0x00000000a4a00000| Untracked 
|  37|0x00000000a4b00000, 0x00000000a4c00000, 0x00000000a4c00000|100%| O|  |TAMS 0x00000000a4b00000, 0x00000000a4b00000| Untracked 
|  38|0x00000000a4c00000, 0x00000000a4d00000, 0x00000000a4d00000|100%| O|  |TAMS 0x00000000a4c00000, 0x00000000a4c00000| Untracked 
|  39|0x00000000a4d00000, 0x00000000a4e00000, 0x00000000a4e00000|100%| O|  |TAMS 0x00000000a4d00000, 0x00000000a4d00000| Untracked 
|  40|0x00000000a4e00000, 0x00000000a4f00000, 0x00000000a4f00000|100%| O|  |TAMS 0x00000000a4e00000, 0x00000000a4e00000| Untracked 
|  41|0x00000000a4f00000, 0x00000000a5000000, 0x00000000a5000000|100%| O|  |TAMS 0x00000000a4f00000, 0x00000000a4f00000| Untracked 
|  42|0x00000000a5000000, 0x00000000a5100000, 0x00000000a5100000|100%| O|  |TAMS 0x00000000a5000000, 0x00000000a5000000| Untracked 
|  43|0x00000000a5100000, 0x00000000a5200000, 0x00000000a5200000|100%| O|  |TAMS 0x00000000a5100000, 0x00000000a5100000| Untracked 
|  44|0x00000000a5200000, 0x00000000a527da00, 0x00000000a5300000| 49%| O|  |TAMS 0x00000000a5200000, 0x00000000a5200000| Untracked 
|  45|0x00000000a5300000, 0x00000000a5400000, 0x00000000a5400000|100%|HS|  |TAMS 0x00000000a5300000, 0x00000000a5300000| Complete 
|  46|0x00000000a5400000, 0x00000000a5400000, 0x00000000a5500000|  0%| F|  |TAMS 0x00000000a5400000, 0x00000000a5400000| Untracked 
|  47|0x00000000a5500000, 0x00000000a5500000, 0x00000000a5600000|  0%| F|  |TAMS 0x00000000a5500000, 0x00000000a5500000| Untracked 
|  48|0x00000000a5600000, 0x00000000a5600000, 0x00000000a5700000|  0%| F|  |TAMS 0x00000000a5600000, 0x00000000a5600000| Untracked 
|  49|0x00000000a5700000, 0x00000000a5700000, 0x00000000a5800000|  0%| F|  |TAMS 0x00000000a5700000, 0x00000000a5700000| Untracked 
|  50|0x00000000a5800000, 0x00000000a5800000, 0x00000000a5900000|  0%| F|  |TAMS 0x00000000a5800000, 0x00000000a5800000| Untracked 
|  51|0x00000000a5900000, 0x00000000a5900000, 0x00000000a5a00000|  0%| F|  |TAMS 0x00000000a5900000, 0x00000000a5900000| Untracked 
|  52|0x00000000a5a00000, 0x00000000a5a00000, 0x00000000a5b00000|  0%| F|  |TAMS 0x00000000a5a00000, 0x00000000a5a00000| Untracked 
|  53|0x00000000a5b00000, 0x00000000a5b00000, 0x00000000a5c00000|  0%| F|  |TAMS 0x00000000a5b00000, 0x00000000a5b00000| Untracked 
|  54|0x00000000a5c00000, 0x00000000a5c00000, 0x00000000a5d00000|  0%| F|  |TAMS 0x00000000a5c00000, 0x00000000a5c00000| Untracked 
|  55|0x00000000a5d00000, 0x00000000a5d00000, 0x00000000a5e00000|  0%| F|  |TAMS 0x00000000a5d00000, 0x00000000a5d00000| Untracked 
|  56|0x00000000a5e00000, 0x00000000a5e00000, 0x00000000a5f00000|  0%| F|  |TAMS 0x00000000a5e00000, 0x00000000a5e00000| Untracked 
|  57|0x00000000a5f00000, 0x00000000a5f00000, 0x00000000a6000000|  0%| F|  |TAMS 0x00000000a5f00000, 0x00000000a5f00000| Untracked 
|  58|0x00000000a6000000, 0x00000000a6000000, 0x00000000a6100000|  0%| F|  |TAMS 0x00000000a6000000, 0x00000000a6000000| Untracked 
|  59|0x00000000a6100000, 0x00000000a6100000, 0x00000000a6200000|  0%| F|  |TAMS 0x00000000a6100000, 0x00000000a6100000| Untracked 
|  60|0x00000000a6200000, 0x00000000a6200000, 0x00000000a6300000|  0%| F|  |TAMS 0x00000000a6200000, 0x00000000a6200000| Untracked 
|  61|0x00000000a6300000, 0x00000000a6300000, 0x00000000a6400000|  0%| F|  |TAMS 0x00000000a6300000, 0x00000000a6300000| Untracked 
|  62|0x00000000a6400000, 0x00000000a6400000, 0x00000000a6500000|  0%| F|  |TAMS 0x00000000a6400000, 0x00000000a6400000| Untracked 
|  63|0x00000000a6500000, 0x00000000a6500000, 0x00000000a6600000|  0%| F|  |TAMS 0x00000000a6500000, 0x00000000a6500000| Untracked 
|  64|0x00000000a6600000, 0x00000000a6600000, 0x00000000a6700000|  0%| F|  |TAMS 0x00000000a6600000, 0x00000000a6600000| Untracked 
|  65|0x00000000a6700000, 0x00000000a6700000, 0x00000000a6800000|  0%| F|  |TAMS 0x00000000a6700000, 0x00000000a6700000| Untracked 
|  66|0x00000000a6800000, 0x00000000a6800000, 0x00000000a6900000|  0%| F|  |TAMS 0x00000000a6800000, 0x00000000a6800000| Untracked 
|  67|0x00000000a6900000, 0x00000000a6900000, 0x00000000a6a00000|  0%| F|  |TAMS 0x00000000a6900000, 0x00000000a6900000| Untracked 
|  68|0x00000000a6a00000, 0x00000000a6a00000, 0x00000000a6b00000|  0%| F|  |TAMS 0x00000000a6a00000, 0x00000000a6a00000| Untracked 
|  69|0x00000000a6b00000, 0x00000000a6b00000, 0x00000000a6c00000|  0%| F|  |TAMS 0x00000000a6b00000, 0x00000000a6b00000| Untracked 
|  70|0x00000000a6c00000, 0x00000000a6d00000, 0x00000000a6d00000|100%| S|CS|TAMS 0x00000000a6c00000, 0x00000000a6c00000| Complete 
|  71|0x00000000a6d00000, 0x00000000a6e00000, 0x00000000a6e00000|100%| S|CS|TAMS 0x00000000a6d00000, 0x00000000a6d00000| Complete 
|  72|0x00000000a6e00000, 0x00000000a6f00000, 0x00000000a6f00000|100%| S|CS|TAMS 0x00000000a6e00000, 0x00000000a6e00000| Complete 
|  73|0x00000000a6f00000, 0x00000000a7000000, 0x00000000a7000000|100%| S|CS|TAMS 0x00000000a6f00000, 0x00000000a6f00000| Complete 
|  74|0x00000000a7000000, 0x00000000a7100000, 0x00000000a7100000|100%| S|CS|TAMS 0x00000000a7000000, 0x00000000a7000000| Complete 
|  75|0x00000000a7100000, 0x00000000a7100000, 0x00000000a7200000|  0%| F|  |TAMS 0x00000000a7100000, 0x00000000a7100000| Untracked 
|  76|0x00000000a7200000, 0x00000000a7200000, 0x00000000a7300000|  0%| F|  |TAMS 0x00000000a7200000, 0x00000000a7200000| Untracked 
|  77|0x00000000a7300000, 0x00000000a7300000, 0x00000000a7400000|  0%| F|  |TAMS 0x00000000a7300000, 0x00000000a7300000| Untracked 
|  78|0x00000000a7400000, 0x00000000a7400000, 0x00000000a7500000|  0%| F|  |TAMS 0x00000000a7400000, 0x00000000a7400000| Untracked 
|  79|0x00000000a7500000, 0x00000000a7500000, 0x00000000a7600000|  0%| F|  |TAMS 0x00000000a7500000, 0x00000000a7500000| Untracked 
|  80|0x00000000a7600000, 0x00000000a7600000, 0x00000000a7700000|  0%| F|  |TAMS 0x00000000a7600000, 0x00000000a7600000| Untracked 
|  81|0x00000000a7700000, 0x00000000a7700000, 0x00000000a7800000|  0%| F|  |TAMS 0x00000000a7700000, 0x00000000a7700000| Untracked 
|  82|0x00000000a7800000, 0x00000000a7800000, 0x00000000a7900000|  0%| F|  |TAMS 0x00000000a7800000, 0x00000000a7800000| Untracked 
|  83|0x00000000a7900000, 0x00000000a7900000, 0x00000000a7a00000|  0%| F|  |TAMS 0x00000000a7900000, 0x00000000a7900000| Untracked 
|  84|0x00000000a7a00000, 0x00000000a7a00000, 0x00000000a7b00000|  0%| F|  |TAMS 0x00000000a7a00000, 0x00000000a7a00000| Untracked 
|  85|0x00000000a7b00000, 0x00000000a7b00000, 0x00000000a7c00000|  0%| F|  |TAMS 0x00000000a7b00000, 0x00000000a7b00000| Untracked 
|  86|0x00000000a7c00000, 0x00000000a7c00000, 0x00000000a7d00000|  0%| F|  |TAMS 0x00000000a7c00000, 0x00000000a7c00000| Untracked 
|  87|0x00000000a7d00000, 0x00000000a7d00000, 0x00000000a7e00000|  0%| F|  |TAMS 0x00000000a7d00000, 0x00000000a7d00000| Untracked 
|  88|0x00000000a7e00000, 0x00000000a7e00000, 0x00000000a7f00000|  0%| F|  |TAMS 0x00000000a7e00000, 0x00000000a7e00000| Untracked 
|  89|0x00000000a7f00000, 0x00000000a7f00000, 0x00000000a8000000|  0%| F|  |TAMS 0x00000000a7f00000, 0x00000000a7f00000| Untracked 
|  90|0x00000000a8000000, 0x00000000a8000000, 0x00000000a8100000|  0%| F|  |TAMS 0x00000000a8000000, 0x00000000a8000000| Untracked 
|  91|0x00000000a8100000, 0x00000000a8100000, 0x00000000a8200000|  0%| F|  |TAMS 0x00000000a8100000, 0x00000000a8100000| Untracked 
|  92|0x00000000a8200000, 0x00000000a8200000, 0x00000000a8300000|  0%| F|  |TAMS 0x00000000a8200000, 0x00000000a8200000| Untracked 
|  93|0x00000000a8300000, 0x00000000a8300000, 0x00000000a8400000|  0%| F|  |TAMS 0x00000000a8300000, 0x00000000a8300000| Untracked 
|  94|0x00000000a8400000, 0x00000000a8400000, 0x00000000a8500000|  0%| F|  |TAMS 0x00000000a8400000, 0x00000000a8400000| Untracked 
|  95|0x00000000a8500000, 0x00000000a8500000, 0x00000000a8600000|  0%| F|  |TAMS 0x00000000a8500000, 0x00000000a8500000| Untracked 
|  96|0x00000000a8600000, 0x00000000a8600000, 0x00000000a8700000|  0%| F|  |TAMS 0x00000000a8600000, 0x00000000a8600000| Untracked 
|  97|0x00000000a8700000, 0x00000000a8700000, 0x00000000a8800000|  0%| F|  |TAMS 0x00000000a8700000, 0x00000000a8700000| Untracked 
|  98|0x00000000a8800000, 0x00000000a8800000, 0x00000000a8900000|  0%| F|  |TAMS 0x00000000a8800000, 0x00000000a8800000| Untracked 
|  99|0x00000000a8900000, 0x00000000a8900000, 0x00000000a8a00000|  0%| F|  |TAMS 0x00000000a8900000, 0x00000000a8900000| Untracked 
| 100|0x00000000a8a00000, 0x00000000a8a00000, 0x00000000a8b00000|  0%| F|  |TAMS 0x00000000a8a00000, 0x00000000a8a00000| Untracked 
| 101|0x00000000a8b00000, 0x00000000a8b00000, 0x00000000a8c00000|  0%| F|  |TAMS 0x00000000a8b00000, 0x00000000a8b00000| Untracked 
| 102|0x00000000a8c00000, 0x00000000a8cbe998, 0x00000000a8d00000| 74%| E|  |TAMS 0x00000000a8c00000, 0x00000000a8c00000| Complete 
| 103|0x00000000a8d00000, 0x00000000a8e00000, 0x00000000a8e00000|100%| E|CS|TAMS 0x00000000a8d00000, 0x00000000a8d00000| Complete 
| 104|0x00000000a8e00000, 0x00000000a8f00000, 0x00000000a8f00000|100%| E|CS|TAMS 0x00000000a8e00000, 0x00000000a8e00000| Complete 
| 105|0x00000000a8f00000, 0x00000000a9000000, 0x00000000a9000000|100%| E|CS|TAMS 0x00000000a8f00000, 0x00000000a8f00000| Complete 
| 106|0x00000000a9000000, 0x00000000a9100000, 0x00000000a9100000|100%| E|CS|TAMS 0x00000000a9000000, 0x00000000a9000000| Complete 
| 107|0x00000000a9100000, 0x00000000a9200000, 0x00000000a9200000|100%| E|CS|TAMS 0x00000000a9100000, 0x00000000a9100000| Complete 
| 108|0x00000000a9200000, 0x00000000a9300000, 0x00000000a9300000|100%| E|CS|TAMS 0x00000000a9200000, 0x00000000a9200000| Complete 
| 109|0x00000000a9300000, 0x00000000a9400000, 0x00000000a9400000|100%| E|  |TAMS 0x00000000a9300000, 0x00000000a9300000| Complete 
| 110|0x00000000a9400000, 0x00000000a9500000, 0x00000000a9500000|100%| E|CS|TAMS 0x00000000a9400000, 0x00000000a9400000| Complete 
| 111|0x00000000a9500000, 0x00000000a9600000, 0x00000000a9600000|100%| E|CS|TAMS 0x00000000a9500000, 0x00000000a9500000| Complete 
| 112|0x00000000a9600000, 0x00000000a9700000, 0x00000000a9700000|100%| E|CS|TAMS 0x00000000a9600000, 0x00000000a9600000| Complete 

Card table byte_map: [0x0000024b6d4c0000,0x0000024b6d7b0000] _byte_map_base: 0x0000024b6cfad000

Marking Bits (Prev, Next): (CMBitMap*) 0x0000024b565dd8e0, (CMBitMap*) 0x0000024b565dd8a8
 Prev Bits: [0x0000024b6f210000, 0x0000024b70978000)
 Next Bits: [0x0000024b6daa0000, 0x0000024b6f208000)

Polling page: 0x0000024b54580000

Metaspace:

Usage:
  Non-class:     80.51 MB capacity,    79.03 MB ( 98%) used,     1.16 MB (  1%) free+waste,   331.81 KB ( <1%) overhead. 
      Class:     13.22 MB capacity,    12.08 MB ( 91%) used,   999.34 KB (  7%) free+waste,   166.50 KB (  1%) overhead. 
       Both:     93.73 MB capacity,    91.12 MB ( 97%) used,     2.13 MB (  2%) free+waste,   498.31 KB ( <1%) overhead. 

Virtual space:
  Non-class space:       82.00 MB reserved,      80.75 MB ( 98%) committed 
      Class space:        1.00 GB reserved,      13.25 MB (  1%) committed 
             Both:        1.08 GB reserved,      94.00 MB (  8%) committed 

Chunk freelists:
   Non-Class:  6.38 KB
       Class:  3.62 KB
        Both:  10.00 KB

CodeHeap 'non-profiled nmethods': size=120000Kb used=4090Kb max_used=4090Kb free=115909Kb
 bounds [0x0000024b65750000, 0x0000024b65b50000, 0x0000024b6cc80000]
CodeHeap 'profiled nmethods': size=120000Kb used=18139Kb max_used=18139Kb free=101860Kb
 bounds [0x0000024b5e220000, 0x0000024b5f3e0000, 0x0000024b65750000]
CodeHeap 'non-nmethods': size=5760Kb used=1638Kb max_used=1653Kb free=4121Kb
 bounds [0x0000024b5dc80000, 0x0000024b5def0000, 0x0000024b5e220000]
 total_blobs=10039 nmethods=8832 adapters=1117
 compilation: enabled
              stopped_count=0, restarted_count=0
 full_count=0

Compilation events (10 events):
Event: 25.610 Thread 0x0000024b73607800 8910       3       java.util.concurrent.ThreadPoolExecutor::workerCountOf (5 bytes)
Event: 25.610 Thread 0x0000024b73607800 nmethod 8910 0x0000024b5f3d0e10 code [0x0000024b5f3d0fa0, 0x0000024b5f3d1078]
Event: 25.610 Thread 0x0000024b73607800 8911       1       com.sun.prism.impl.BaseResourceFactory::isDisposed (5 bytes)
Event: 25.610 Thread 0x0000024b73607800 nmethod 8911 0x0000024b65b4e490 code [0x0000024b65b4e620, 0x0000024b65b4e6d8]
Event: 25.610 Thread 0x0000024b73607800 8914       3       com.sun.javafx.geom.transform.AffineBase::concatenate (1433 bytes)
Event: 25.611 Thread 0x0000024b73607800 nmethod 8914 0x0000024b5f3d1110 code [0x0000024b5f3d1400, 0x0000024b5f3d3378]
Event: 25.618 Thread 0x0000024b73607800 8915       3       javafx.scene.Parent::updateCachedBounds (502 bytes)
Event: 25.619 Thread 0x0000024b73607800 nmethod 8915 0x0000024b5f3d3910 code [0x0000024b5f3d3c80, 0x0000024b5f3d5b28]
Event: 25.644 Thread 0x0000024b73607800 8917       1       com.sun.prism.impl.BaseContext::getAssociatedScreen (5 bytes)
Event: 25.644 Thread 0x0000024b73607800 nmethod 8917 0x0000024b65b4e790 code [0x0000024b65b4e920, 0x0000024b65b4e9d8]

GC Heap History (10 events):
Event: 14.606 GC heap before
{Heap before GC invocations=12 (full 0):
 garbage-first heap   total 96256K, used 68094K [0x00000000a2600000, 0x0000000100000000)
  region size 1024K, 45 young (46080K), 3 survivors (3072K)
 Metaspace       used 71199K, capacity 73099K, committed 73216K, reserved 1112064K
  class space    used 9559K, capacity 10394K, committed 10496K, reserved 1048576K
}
Event: 14.611 GC heap after
{Heap after GC invocations=13 (full 0):
 garbage-first heap   total 96256K, used 27537K [0x00000000a2600000, 0x0000000100000000)
  region size 1024K, 6 young (6144K), 6 survivors (6144K)
 Metaspace       used 71199K, capacity 73099K, committed 73216K, reserved 1112064K
  class space    used 9559K, capacity 10394K, committed 10496K, reserved 1048576K
}
Event: 15.239 GC heap before
{Heap before GC invocations=13 (full 0):
 garbage-first heap   total 96256K, used 69521K [0x00000000a2600000, 0x0000000100000000)
  region size 1024K, 47 young (48128K), 6 survivors (6144K)
 Metaspace       used 73246K, capacity 75504K, committed 75648K, reserved 1114112K
  class space    used 9854K, capacity 10806K, committed 10880K, reserved 1048576K
}
Event: 15.255 GC heap after
{Heap after GC invocations=14 (full 0):
 garbage-first heap   total 96256K, used 40535K [0x00000000a2600000, 0x0000000100000000)
  region size 1024K, 6 young (6144K), 6 survivors (6144K)
 Metaspace       used 73246K, capacity 75504K, committed 75648K, reserved 1114112K
  class space    used 9854K, capacity 10806K, committed 10880K, reserved 1048576K
}
Event: 20.490 GC heap before
{Heap before GC invocations=14 (full 0):
 garbage-first heap   total 96256K, used 70231K [0x00000000a2600000, 0x0000000100000000)
  region size 1024K, 35 young (35840K), 6 survivors (6144K)
 Metaspace       used 76905K, capacity 79307K, committed 79488K, reserved 1118208K
  class space    used 10339K, capacity 11377K, committed 11392K, reserved 1048576K
}
Event: 20.507 GC heap after
{Heap after GC invocations=15 (full 0):
 garbage-first heap   total 115712K, used 44222K [0x00000000a2600000, 0x0000000100000000)
  region size 1024K, 4 young (4096K), 4 survivors (4096K)
 Metaspace       used 76905K, capacity 79307K, committed 79488K, reserved 1118208K
  class space    used 10339K, capacity 11377K, committed 11392K, reserved 1048576K
}
Event: 20.964 GC heap before
{Heap before GC invocations=15 (full 0):
 garbage-first heap   total 115712K, used 79038K [0x00000000a2600000, 0x0000000100000000)
  region size 1024K, 39 young (39936K), 4 survivors (4096K)
 Metaspace       used 79622K, capacity 82112K, committed 82304K, reserved 1120256K
  class space    used 10742K, capacity 11797K, committed 11904K, reserved 1048576K
}
Event: 20.970 GC heap after
{Heap after GC invocations=16 (full 0):
 garbage-first heap   total 115712K, used 46898K [0x00000000a2600000, 0x0000000100000000)
  region size 1024K, 3 young (3072K), 3 survivors (3072K)
 Metaspace       used 79622K, capacity 82112K, committed 82304K, reserved 1120256K
  class space    used 10742K, capacity 11797K, committed 11904K, reserved 1048576K
}
Event: 23.355 GC heap before
{Heap before GC invocations=16 (full 0):
 garbage-first heap   total 115712K, used 82738K [0x00000000a2600000, 0x0000000100000000)
  region size 1024K, 38 young (38912K), 3 survivors (3072K)
 Metaspace       used 87212K, capacity 89708K, committed 89984K, reserved 1126400K
  class space    used 11532K, capacity 12613K, committed 12672K, reserved 1048576K
}
Event: 23.369 GC heap after
{Heap after GC invocations=17 (full 0):
 garbage-first heap   total 115712K, used 50678K [0x00000000a2600000, 0x0000000100000000)
  region size 1024K, 5 young (5120K), 5 survivors (5120K)
 Metaspace       used 87212K, capacity 89708K, committed 89984K, reserved 1126400K
  class space    used 11532K, capacity 12613K, committed 12672K, reserved 1048576K
}

Deoptimization events (10 events):
Event: 22.376 Thread 0x0000024b75326000 Uncommon trap: reason=class_check action=maybe_recompile pc=0x0000024b659184f4 method=java.util.concurrent.ConcurrentHashMap.computeIfAbsent(Ljava/lang/Object;Ljava/util/function/Function;)Ljava/lang/Object; @ 241 c2
Event: 23.344 Thread 0x0000024b75326000 Uncommon trap: reason=unstable_if action=reinterpret pc=0x0000024b658789ac method=java.io.BufferedReader.read()I @ 45 c2
Event: 23.345 Thread 0x0000024b75326000 Uncommon trap: reason=unstable_if action=reinterpret pc=0x0000024b657be284 method=java.lang.StringUTF16.compress([CI[BII)I @ 20 c2
Event: 23.345 Thread 0x0000024b75326000 Uncommon trap: reason=unstable_if action=reinterpret pc=0x0000024b657f00a8 method=java.lang.String.equals(Ljava/lang/Object;)Z @ 27 c2
Event: 23.345 Thread 0x0000024b75326000 Uncommon trap: reason=unstable_if action=reinterpret pc=0x0000024b6587efc8 method=java.lang.String.indexOf(II)I @ 4 c2
Event: 23.345 Thread 0x0000024b75326000 Uncommon trap: reason=unstable_if action=reinterpret pc=0x0000024b657e2388 method=java.lang.String.startsWith(Ljava/lang/String;I)Z @ 46 c2
Event: 23.345 Thread 0x0000024b75326000 Uncommon trap: reason=unstable_if action=reinterpret pc=0x0000024b657b55b0 method=java.lang.String.startsWith(Ljava/lang/String;I)Z @ 46 c2
Event: 23.345 Thread 0x0000024b75326000 Uncommon trap: reason=unstable_if action=reinterpret pc=0x0000024b657bf624 method=java.lang.String.indexOf(II)I @ 4 c2
Event: 23.346 Thread 0x0000024b75326000 Uncommon trap: reason=class_check action=maybe_recompile pc=0x0000024b658c2af0 method=java.lang.Module.allows(Ljava/util/Set;Ljava/lang/Module;)Z @ 8 c2
Event: 25.264 Thread 0x0000024b75326000 Uncommon trap: reason=unstable_if action=reinterpret pc=0x0000024b65965fdc method=java.lang.ClassLoader.findBootstrapClassOrNull(Ljava/lang/String;)Ljava/lang/Class; @ 5 c2

Classes redefined (0 events):
No events

Internal exceptions (10 events):
Event: 21.257 Thread 0x0000024b75326000 Exception <a 'java/io/FileNotFoundException'{0x00000000a8db9018}> (0x00000000a8db9018) thrown at [./open/src/hotspot/share/prims/jni.cpp, line 611]
Event: 21.257 Thread 0x0000024b75326000 Exception <a 'java/security/PrivilegedActionException'{0x00000000a8db9cb0}> (0x00000000a8db9cb0) thrown at [./open/src/hotspot/share/prims/jvm.cpp, line 1305]
Event: 21.455 Thread 0x0000024b75326000 Implicit null exception at 0x0000024b65884af7 to 0x0000024b65885084
Event: 21.649 Thread 0x0000024b75326000 Implicit null exception at 0x0000024b65882574 to 0x0000024b65882b18
Event: 25.122 Thread 0x0000024b75326000 Exception <a 'java/lang/NoSuchMethodError'{0x00000000a919e200}: java.lang.invoke.DirectMethodHandle$Holder.invokeStatic(Ljava/lang/Object;ILjava/lang/Object;Ljava/lang/Object;Ljava/lang/Object;Ljava/lang/Object;)Ljava/lang/Object;> (0x00000000a919e200) th
Event: 25.123 Thread 0x0000024b75326000 Exception <a 'java/lang/NoSuchMethodError'{0x00000000a91a5618}: java.lang.invoke.DirectMethodHandle$Holder.invokeStatic(Ljava/lang/Object;ILjava/lang/Object;Ljava/lang/Object;Ljava/lang/Object;)Ljava/lang/Object;> (0x00000000a91a5618) thrown at [./open/sr
Event: 25.123 Thread 0x0000024b75326000 Exception <a 'java/lang/NoSuchMethodError'{0x00000000a91a96a8}: java.lang.invoke.DirectMethodHandle$Holder.invokeSpecial(Ljava/lang/Object;Ljava/lang/Object;ILjava/lang/Object;Ljava/lang/Object;Ljava/lang/Object;)Ljava/lang/Object;> (0x00000000a91a96a8) t
Event: 25.125 Thread 0x0000024b75326000 Exception <a 'java/lang/NoSuchMethodError'{0x00000000a91c13f8}: java.lang.invoke.DirectMethodHandle$Holder.invokeStatic(Ljava/lang/Object;ILjava/lang/Object;)Ljava/lang/Object;> (0x00000000a91c13f8) thrown at [./open/src/hotspot/share/interpreter/linkReso
Event: 25.139 Thread 0x0000024b75326000 Exception <a 'java/lang/ClassNotFoundException'{0x00000000a906a928}: com/sun/swing/internal/plaf/metal/resources/spi/metalProvider> (0x00000000a906a928) thrown at [./open/src/hotspot/share/classfile/systemDictionary.cpp, line 226]
Event: 25.141 Thread 0x0000024b75326000 Exception <a 'java/lang/ClassNotFoundException'{0x00000000a906f2e8}: com/sun/swing/internal/plaf/basic/resources/spi/basicProvider> (0x00000000a906f2e8) thrown at [./open/src/hotspot/share/classfile/systemDictionary.cpp, line 226]

Events (10 events):
Event: 25.587 loading class sun/java2d/d3d/D3DPaints$LinearGradient
Event: 25.588 loading class sun/java2d/d3d/D3DPaints$MultiGradient
Event: 25.588 loading class sun/java2d/d3d/D3DPaints$MultiGradient done
Event: 25.588 loading class sun/java2d/d3d/D3DPaints$LinearGradient done
Event: 25.588 loading class sun/java2d/d3d/D3DPaints$RadialGradient
Event: 25.588 loading class sun/java2d/d3d/D3DPaints$RadialGradient done
Event: 25.588 loading class sun/java2d/d3d/D3DPaints$Texture
Event: 25.588 loading class sun/java2d/d3d/D3DPaints$Texture done
Event: 25.588 loading class sun/java2d/d3d/D3DSurfaceDataProxy
Event: 25.588 loading class sun/java2d/d3d/D3DSurfaceDataProxy done


Dynamic libraries:
0x00007ff749e00000 - 0x00007ff749e10000 	C:\Program Files\Java\jdk-11\bin\java.exe
0x00007ffb14dd0000 - 0x00007ffb14fe7000 	C:\WINDOWS\SYSTEM32\ntdll.dll
0x00007ffb135a0000 - 0x00007ffb13664000 	C:\WINDOWS\System32\KERNEL32.DLL
0x00007ffb12130000 - 0x00007ffb124dc000 	C:\WINDOWS\System32\KERNELBASE.dll
0x00007ffb12970000 - 0x00007ffb12a81000 	C:\WINDOWS\System32\ucrtbase.dll
0x00007ffb06190000 - 0x00007ffb061a9000 	C:\Program Files\Java\jdk-11\bin\jli.dll
0x00007ffb06170000 - 0x00007ffb0618b000 	C:\Program Files\Java\jdk-11\bin\VCRUNTIME140.dll
0x00007ffb133a0000 - 0x00007ffb13452000 	C:\WINDOWS\System32\ADVAPI32.dll
0x00007ffb13470000 - 0x00007ffb13517000 	C:\WINDOWS\System32\msvcrt.dll
0x00007ffb13950000 - 0x00007ffb139fa000 	C:\WINDOWS\System32\sechost.dll
0x00007ffb12100000 - 0x00007ffb12128000 	C:\WINDOWS\System32\bcrypt.dll
0x00007ffb13670000 - 0x00007ffb13785000 	C:\WINDOWS\System32\RPCRT4.dll
0x00007ffb13a60000 - 0x00007ffb13c0e000 	C:\WINDOWS\System32\USER32.dll
0x00007ffb125a0000 - 0x00007ffb125c6000 	C:\WINDOWS\System32\win32u.dll
0x00007ffb00530000 - 0x00007ffb007c3000 	C:\WINDOWS\WinSxS\amd64_microsoft.windows.common-controls_6595b64144ccf1df_6.0.22621.3672_none_2713b9d173822955\COMCTL32.dll
0x00007ffb13190000 - 0x00007ffb131b9000 	C:\WINDOWS\System32\GDI32.dll
0x00007ffb127e0000 - 0x00007ffb128f9000 	C:\WINDOWS\System32\gdi32full.dll
0x00007ffb125d0000 - 0x00007ffb1266a000 	C:\WINDOWS\System32\msvcp_win.dll
0x00007ffb098d0000 - 0x00007ffb098da000 	C:\WINDOWS\SYSTEM32\VERSION.dll
0x00007ffb13260000 - 0x00007ffb13291000 	C:\WINDOWS\System32\IMM32.DLL
0x00007ffb0d750000 - 0x00007ffb0d75c000 	C:\Program Files\Java\jdk-11\bin\vcruntime140_1.dll
0x00007ffae80e0000 - 0x00007ffae816e000 	C:\Program Files\Java\jdk-11\bin\msvcp140.dll
0x00007ffad14e0000 - 0x00007ffad204d000 	C:\Program Files\Java\jdk-11\bin\server\jvm.dll
0x00007ffb14b50000 - 0x00007ffb14b58000 	C:\WINDOWS\System32\PSAPI.DLL
0x00007ffb01550000 - 0x00007ffb01559000 	C:\WINDOWS\SYSTEM32\WSOCK32.dll
0x00007ffb0d710000 - 0x00007ffb0d744000 	C:\WINDOWS\SYSTEM32\WINMM.dll
0x00007ffb13520000 - 0x00007ffb13591000 	C:\WINDOWS\System32\WS2_32.dll
0x00007ffb11100000 - 0x00007ffb11118000 	C:\WINDOWS\SYSTEM32\kernel.appcore.dll
0x00007ffb0bdb0000 - 0x00007ffb0bdc0000 	C:\Program Files\Java\jdk-11\bin\verify.dll
0x00007ffb0f8d0000 - 0x00007ffb0fb02000 	C:\WINDOWS\SYSTEM32\DBGHELP.DLL
0x00007ffb12b10000 - 0x00007ffb12e98000 	C:\WINDOWS\System32\combase.dll
0x00007ffb14b60000 - 0x00007ffb14c37000 	C:\WINDOWS\System32\OLEAUT32.dll
0x00007ffb007d0000 - 0x00007ffb00802000 	C:\WINDOWS\SYSTEM32\dbgcore.DLL
0x00007ffb12a90000 - 0x00007ffb12b0b000 	C:\WINDOWS\System32\bcryptPrimitives.dll
0x00007ffb06140000 - 0x00007ffb06168000 	C:\Program Files\Java\jdk-11\bin\java.dll
0x00007ffb0afb0000 - 0x00007ffb0afba000 	C:\Program Files\Java\jdk-11\bin\jimage.dll
0x00007ffb06120000 - 0x00007ffb06137000 	C:\Program Files\Java\jdk-11\bin\zip.dll
0x00007ffb13c10000 - 0x00007ffb1446c000 	C:\WINDOWS\System32\SHELL32.dll
0x00007ffb10000000 - 0x00007ffb108f7000 	C:\WINDOWS\SYSTEM32\windows.storage.dll
0x00007ffb0fec0000 - 0x00007ffb0ffff000 	C:\WINDOWS\SYSTEM32\wintypes.dll
0x00007ffb132a0000 - 0x00007ffb13394000 	C:\WINDOWS\System32\SHCORE.dll
0x00007ffb13a00000 - 0x00007ffb13a5e000 	C:\WINDOWS\System32\shlwapi.dll
0x00007ffb12030000 - 0x00007ffb12051000 	C:\WINDOWS\SYSTEM32\profapi.dll
0x00007ffb06100000 - 0x00007ffb06119000 	C:\Program Files\Java\jdk-11\bin\net.dll
0x00007ffb0e320000 - 0x00007ffb0e456000 	C:\WINDOWS\SYSTEM32\WINHTTP.dll
0x00007ffb11580000 - 0x00007ffb115e9000 	C:\WINDOWS\system32\mswsock.dll
0x00007ffb06060000 - 0x00007ffb06072000 	C:\Program Files\Java\jdk-11\bin\nio.dll
0x0000024b56510000 - 0x0000024b56513000 	C:\Users\willo\.openjfx\cache\19.0.2.1+1\amd64\api-ms-win-core-console-l1-1-0.dll
0x0000024b56520000 - 0x0000024b56523000 	C:\Users\willo\.openjfx\cache\19.0.2.1+1\amd64\api-ms-win-core-console-l1-2-0.dll
0x0000024b56530000 - 0x0000024b56533000 	C:\Users\willo\.openjfx\cache\19.0.2.1+1\amd64\api-ms-win-core-datetime-l1-1-0.dll
0x0000024b56540000 - 0x0000024b56543000 	C:\Users\willo\.openjfx\cache\19.0.2.1+1\amd64\api-ms-win-core-debug-l1-1-0.dll
0x0000024b56550000 - 0x0000024b56553000 	C:\Users\willo\.openjfx\cache\19.0.2.1+1\amd64\api-ms-win-core-errorhandling-l1-1-0.dll
0x0000024b56560000 - 0x0000024b56564000 	C:\Users\willo\.openjfx\cache\19.0.2.1+1\amd64\api-ms-win-core-file-l1-1-0.dll
0x0000024b74b20000 - 0x0000024b74b23000 	C:\Users\willo\.openjfx\cache\19.0.2.1+1\amd64\api-ms-win-core-file-l1-2-0.dll
0x0000024b74b30000 - 0x0000024b74b33000 	C:\Users\willo\.openjfx\cache\19.0.2.1+1\amd64\api-ms-win-core-file-l2-1-0.dll
0x0000024b74b40000 - 0x0000024b74b43000 	C:\Users\willo\.openjfx\cache\19.0.2.1+1\amd64\api-ms-win-core-handle-l1-1-0.dll
0x0000024b74b50000 - 0x0000024b74b53000 	C:\Users\willo\.openjfx\cache\19.0.2.1+1\amd64\api-ms-win-core-heap-l1-1-0.dll
0x0000024b74b60000 - 0x0000024b74b63000 	C:\Users\willo\.openjfx\cache\19.0.2.1+1\amd64\api-ms-win-core-interlocked-l1-1-0.dll
0x0000024b74b70000 - 0x0000024b74b73000 	C:\Users\willo\.openjfx\cache\19.0.2.1+1\amd64\api-ms-win-core-libraryloader-l1-1-0.dll
0x0000024b74b80000 - 0x0000024b74b83000 	C:\Users\willo\.openjfx\cache\19.0.2.1+1\amd64\api-ms-win-core-localization-l1-2-0.dll
0x0000024b74b90000 - 0x0000024b74b93000 	C:\Users\willo\.openjfx\cache\19.0.2.1+1\amd64\api-ms-win-core-memory-l1-1-0.dll
0x0000024b74ba0000 - 0x0000024b74ba3000 	C:\Users\willo\.openjfx\cache\19.0.2.1+1\amd64\api-ms-win-core-namedpipe-l1-1-0.dll
0x0000024b74bb0000 - 0x0000024b74bb3000 	C:\Users\willo\.openjfx\cache\19.0.2.1+1\amd64\api-ms-win-core-processenvironment-l1-1-0.dll
0x0000024b74bc0000 - 0x0000024b74bc3000 	C:\Users\willo\.openjfx\cache\19.0.2.1+1\amd64\api-ms-win-core-processthreads-l1-1-0.dll
0x0000024b74bd0000 - 0x0000024b74bd3000 	C:\Users\willo\.openjfx\cache\19.0.2.1+1\amd64\api-ms-win-core-processthreads-l1-1-1.dll
0x0000024b74be0000 - 0x0000024b74be3000 	C:\Users\willo\.openjfx\cache\19.0.2.1+1\amd64\api-ms-win-core-profile-l1-1-0.dll
0x0000024b74bf0000 - 0x0000024b74bf3000 	C:\Users\willo\.openjfx\cache\19.0.2.1+1\amd64\api-ms-win-core-rtlsupport-l1-1-0.dll
0x0000024b74c00000 - 0x0000024b74c03000 	C:\Users\willo\.openjfx\cache\19.0.2.1+1\amd64\api-ms-win-core-string-l1-1-0.dll
0x0000024b74c10000 - 0x0000024b74c13000 	C:\Users\willo\.openjfx\cache\19.0.2.1+1\amd64\api-ms-win-core-synch-l1-1-0.dll
0x0000024b74c20000 - 0x0000024b74c23000 	C:\Users\willo\.openjfx\cache\19.0.2.1+1\amd64\api-ms-win-core-synch-l1-2-0.dll
0x0000024b74c30000 - 0x0000024b74c33000 	C:\Users\willo\.openjfx\cache\19.0.2.1+1\amd64\api-ms-win-core-sysinfo-l1-1-0.dll
0x0000024b74c40000 - 0x0000024b74c43000 	C:\Users\willo\.openjfx\cache\19.0.2.1+1\amd64\api-ms-win-core-timezone-l1-1-0.dll
0x0000024b74c50000 - 0x0000024b74c53000 	C:\Users\willo\.openjfx\cache\19.0.2.1+1\amd64\api-ms-win-core-util-l1-1-0.dll
0x0000024b74c60000 - 0x0000024b74c63000 	C:\Users\willo\.openjfx\cache\19.0.2.1+1\amd64\api-ms-win-crt-conio-l1-1-0.dll
0x0000024b74c70000 - 0x0000024b74c74000 	C:\Users\willo\.openjfx\cache\19.0.2.1+1\amd64\api-ms-win-crt-convert-l1-1-0.dll
0x0000024b74c80000 - 0x0000024b74c83000 	C:\Users\willo\.openjfx\cache\19.0.2.1+1\amd64\api-ms-win-crt-environment-l1-1-0.dll
0x0000024b74c90000 - 0x0000024b74c93000 	C:\Users\willo\.openjfx\cache\19.0.2.1+1\amd64\api-ms-win-crt-filesystem-l1-1-0.dll
0x0000024b74ca0000 - 0x0000024b74ca3000 	C:\Users\willo\.openjfx\cache\19.0.2.1+1\amd64\api-ms-win-crt-heap-l1-1-0.dll
0x0000024b74cb0000 - 0x0000024b74cb3000 	C:\Users\willo\.openjfx\cache\19.0.2.1+1\amd64\api-ms-win-crt-locale-l1-1-0.dll
0x0000024b74cc0000 - 0x0000024b74cc5000 	C:\Users\willo\.openjfx\cache\19.0.2.1+1\amd64\api-ms-win-crt-math-l1-1-0.dll
0x0000024b74cd0000 - 0x0000024b74cd5000 	C:\Users\willo\.openjfx\cache\19.0.2.1+1\amd64\api-ms-win-crt-multibyte-l1-1-0.dll
0x0000024b74ce0000 - 0x0000024b74cf0000 	C:\Users\willo\.openjfx\cache\19.0.2.1+1\amd64\api-ms-win-crt-private-l1-1-0.dll
0x0000024b74cf0000 - 0x0000024b74cf3000 	C:\Users\willo\.openjfx\cache\19.0.2.1+1\amd64\api-ms-win-crt-process-l1-1-0.dll
0x0000024b74d00000 - 0x0000024b74d04000 	C:\Users\willo\.openjfx\cache\19.0.2.1+1\amd64\api-ms-win-crt-runtime-l1-1-0.dll
0x0000024b74d10000 - 0x0000024b74d14000 	C:\Users\willo\.openjfx\cache\19.0.2.1+1\amd64\api-ms-win-crt-stdio-l1-1-0.dll
0x0000024b74d20000 - 0x0000024b74d24000 	C:\Users\willo\.openjfx\cache\19.0.2.1+1\amd64\api-ms-win-crt-string-l1-1-0.dll
0x0000024b74d30000 - 0x0000024b74d33000 	C:\Users\willo\.openjfx\cache\19.0.2.1+1\amd64\api-ms-win-crt-time-l1-1-0.dll
0x0000024b74d40000 - 0x0000024b74d43000 	C:\Users\willo\.openjfx\cache\19.0.2.1+1\amd64\api-ms-win-crt-utility-l1-1-0.dll
0x00007ffad78b0000 - 0x00007ffad79ac000 	C:\Users\willo\.openjfx\cache\19.0.2.1+1\amd64\ucrtbase.dll
0x00007ffb0c8a0000 - 0x00007ffb0c8bb000 	C:\Users\willo\.openjfx\cache\19.0.2.1+1\amd64\vcruntime140.dll
0x00007ffb0bc90000 - 0x00007ffb0bc9c000 	C:\Users\willo\.openjfx\cache\19.0.2.1+1\amd64\vcruntime140_1.dll
0x00007ffad3d50000 - 0x00007ffad3dde000 	C:\Users\willo\.openjfx\cache\19.0.2.1+1\amd64\msvcp140.dll
0x00007ffb0afd0000 - 0x00007ffb0afd9000 	C:\Users\willo\.openjfx\cache\19.0.2.1+1\amd64\msvcp140_1.dll
0x00007ffb060d0000 - 0x00007ffb06100000 	C:\Users\willo\.openjfx\cache\19.0.2.1+1\amd64\msvcp140_2.dll
0x00007ffb060a0000 - 0x00007ffb060cc000 	C:\Users\willo\.openjfx\cache\19.0.2.1+1\amd64\prism_d3d.dll
0x00007ffac9290000 - 0x00007ffac9438000 	C:\WINDOWS\system32\d3d9.dll
0x00007ffb0f320000 - 0x00007ffb0f34b000 	C:\WINDOWS\SYSTEM32\dwmapi.dll
0x00007ffb0f1d0000 - 0x00007ffb0f209000 	C:\WINDOWS\SYSTEM32\dxcore.dll
0x00007ffb0f0d0000 - 0x00007ffb0f17a000 	C:\WINDOWS\system32\uxtheme.dll
0x00007ffb08870000 - 0x00007ffb08a2b000 	C:\WINDOWS\System32\DriverStore\FileRepository\u0390835.inf_amd64_66888840aa4163cc\B390488\aticfx64.dll
0x00007ffaef3d0000 - 0x00007ffaef404000 	C:\WINDOWS\System32\DriverStore\FileRepository\u0390835.inf_amd64_66888840aa4163cc\B390488\atiu9p64.dll
0x00007ffaa05f0000 - 0x00007ffaa1345000 	C:\WINDOWS\System32\DriverStore\FileRepository\u0390835.inf_amd64_66888840aa4163cc\B390488\atiumd64.dll
0x00007ffb12fe0000 - 0x00007ffb13185000 	C:\WINDOWS\System32\ole32.dll
0x000000006ef80000 - 0x000000006fea8000 	C:\WINDOWS\System32\DriverStore\FileRepository\u0390835.inf_amd64_66888840aa4163cc\B390488\atiumd6a.dll
0x00007ffb14470000 - 0x00007ffb148e4000 	C:\WINDOWS\System32\SETUPAPI.dll
0x00007ffb11d60000 - 0x00007ffb11dad000 	C:\WINDOWS\SYSTEM32\POWRPROF.dll
0x00007ffb11b60000 - 0x00007ffb11b73000 	C:\WINDOWS\SYSTEM32\UMPDC.dll
0x00007ffb0ab50000 - 0x00007ffb0ab85000 	C:\WINDOWS\SYSTEM32\amdihk64.dll
0x00007ffb09aa0000 - 0x00007ffb09ae9000 	C:\WINDOWS\SYSTEM32\directxdatabasehelper.dll
0x00007ffaf33e0000 - 0x00007ffaf3422000 	C:\Users\willo\.openjfx\cache\19.0.2.1+1\amd64\glass.dll
0x00007ffb14c40000 - 0x00007ffb14d36000 	C:\WINDOWS\System32\COMDLG32.dll
0x00007ffb137f0000 - 0x00007ffb13943000 	C:\WINDOWS\System32\MSCTF.dll
0x00007ffb06c70000 - 0x00007ffb06c84000 	C:\Users\willo\.openjfx\cache\19.0.2.1+1\amd64\javafx_font.dll
0x00007ffb0b2e0000 - 0x00007ffb0b553000 	C:\WINDOWS\SYSTEM32\dwrite.dll
0x00007ffb12f10000 - 0x00007ffb12fc0000 	C:\WINDOWS\System32\clbcatq.dll
0x00007ffb0eed0000 - 0x00007ffb0f080000 	C:\WINDOWS\SYSTEM32\WindowsCodecs.dll
0x00007ffaf5400000 - 0x00007ffaf545e000 	C:\WINDOWS\system32\dataexchange.dll
0x00007ffb07670000 - 0x00007ffb078fa000 	C:\WINDOWS\system32\twinapi.appcore.dll
0x00007fface740000 - 0x00007fface772000 	C:\Program Files\Common Files\Microsoft Shared\Ink\rtscom.dll
0x00007ffafb430000 - 0x00007ffafb57d000 	C:\WINDOWS\SYSTEM32\textinputframework.dll
0x00007ffb0c6a0000 - 0x00007ffb0c7d3000 	C:\WINDOWS\SYSTEM32\CoreMessaging.dll
0x00007ffb09190000 - 0x00007ffb094fd000 	C:\WINDOWS\SYSTEM32\CoreUIComponents.dll
0x00007ffb11820000 - 0x00007ffb1182c000 	C:\WINDOWS\SYSTEM32\CRYPTBASE.DLL
0x00007ffb10bd0000 - 0x00007ffb10cc8000 	C:\WINDOWS\SYSTEM32\DNSAPI.dll
0x00007ffb10b60000 - 0x00007ffb10b8d000 	C:\WINDOWS\SYSTEM32\IPHLPAPI.DLL
0x00007ffb12ea0000 - 0x00007ffb12ea9000 	C:\WINDOWS\System32\NSI.dll
0x00007ffb03090000 - 0x00007ffb0309a000 	C:\Windows\System32\rasadhlp.dll
0x00007ffb0d940000 - 0x00007ffb0d9c3000 	C:\WINDOWS\System32\fwpuclnt.dll

dbghelp: loaded successfully - version: 4.0.5 - missing functions: none
symbol engine: initialized successfully - sym options: 0x614 - pdb path: .;C:\Program Files\Java\jdk-11\bin;C:\WINDOWS\SYSTEM32;C:\WINDOWS\WinSxS\amd64_microsoft.windows.common-controls_6595b64144ccf1df_6.0.22621.3672_none_2713b9d173822955;C:\Program Files\Java\jdk-11\bin\server;C:\Users\willo\.openjfx\cache\19.0.2.1+1\amd64;C:\WINDOWS\System32\DriverStore\FileRepository\u0390835.inf_amd64_66888840aa4163cc\B390488;C:\Program Files\Common Files\Microsoft Shared\Ink

VM Arguments:
jvm_args: --module-path=C:\Users\willo\.m2\repository\org\openjfx\javafx-base\19.0.2.1\javafx-base-19.0.2.1-win.jar;C:\Users\willo\.m2\repository\org\openjfx\javafx-base\19.0.2.1\javafx-base-19.0.2.1.jar;C:\Users\willo\.m2\repository\org\openjfx\javafx-controls\19.0.2.1\javafx-controls-19.0.2.1-win.jar;C:\Users\willo\.m2\repository\org\openjfx\javafx-controls\19.0.2.1\javafx-controls-19.0.2.1.jar;C:\Users\willo\.m2\repository\org\openjfx\javafx-fxml\19.0.2.1\javafx-fxml-19.0.2.1-win.jar;C:\Users\willo\.m2\repository\org\openjfx\javafx-fxml\19.0.2.1\javafx-fxml-19.0.2.1.jar;C:\Users\willo\.m2\repository\org\openjfx\javafx-graphics\19.0.2.1\javafx-graphics-19.0.2.1-win.jar;C:\Users\willo\.m2\repository\org\openjfx\javafx-graphics\19.0.2.1\javafx-graphics-19.0.2.1.jar --add-modules=javafx.base,javafx.controls,javafx.fxml,javafx.graphics 
java_command: Main
java_class_path (initial): D:\Edu\iCD\Standalone App Development\Final_Coursework\clothify_store_pos\target\classes;C:\Users\willo\.m2\repository\com\fasterxml\classmate\1.5.1\classmate-1.5.1.jar;C:\Users\willo\.m2\repository\com\fasterxml\jackson\core\jackson-annotations\2.15.3\jackson-annotations-2.15.3.jar;C:\Users\willo\.m2\repository\com\fasterxml\jackson\core\jackson-core\2.15.3\jackson-core-2.15.3.jar;C:\Users\willo\.m2\repository\com\fasterxml\jackson\core\jackson-databind\2.15.3\jackson-databind-2.15.3.jar;C:\Users\willo\.m2\repository\com\fasterxml\jackson\dataformat\jackson-dataformat-xml\2.15.3\jackson-dataformat-xml-2.15.3.jar;C:\Users\willo\.m2\repository\com\fasterxml\woodstox\woodstox-core\6.5.1\woodstox-core-6.5.1.jar;C:\Users\willo\.m2\repository\com\github\librepdf\openpdf\1.3.30.jaspersoft.3\openpdf-1.3.30.jaspersoft.3.jar;C:\Users\willo\.m2\repository\com\google\protobuf\protobuf-java\3.25.1\protobuf-java-3.25.1.jar;C:\Users\willo\.m2\repository\com\jfoenix\jfoenix\9.0.1\jfoenix-9.0.1.jar;C:\Users\willo\.m2\repository\com\mysql\mysql-connector-j\8.4.0\mysql-connector-j-8.4.0.jar;C:\Users\willo\.m2\repository\com\sun\istack\istack-commons-runtime\4.1.1\istack-commons-runtime-4.1.1.jar;C:\Users\willo\.m2\repository\commons-beanutils\commons-beanutils\1.9.4\commons-beanutils-1.9.4.jar;C:\Users\willo\.m2\repository\commons-collections\commons-collections\3.2.2\commons-collections-3.2.2.jar;C:\Users\willo\.m2\repository\commons-digester\commons-digester\2.1\commons-digester-2.1.jar;C:\Users\willo\.m2\repository\commons-logging\commons-logging\1.3.2\commons-logging-1.3.2.jar;C:\Users\willo\.m2\repository\commons-validator\commons-validator\1.9.0\commons-validator-1.9.0.jar;C:\Users\willo\.m2\repository\io\smallrye\jandex\3.1.2\jandex-3.1.2.jar;C:\Users\willo\.m2\repository\jakarta\activation\jakarta.activation-api\2.1.0\jakarta.activation-api-2.1.0.jar;C:\Users\willo\.m2\repository\jakarta\inject\jakarta.inject-api\2.0.1\jakarta.inject-api-2.0.1.jar
Launcher Type: SUN_STANDARD

[Global flags]
     intx CICompilerCount                          = 4                                         {product} {ergonomic}
     uint ConcGCThreads                            = 3                                         {product} {ergonomic}
     uint G1ConcRefinementThreads                  = 10                                        {product} {ergonomic}
   size_t G1HeapRegionSize                         = 1048576                                   {product} {ergonomic}
    uintx GCDrainStackTargetSize                   = 64                                        {product} {ergonomic}
   size_t InitialHeapSize                          = 98566144                                  {product} {ergonomic}
   size_t MarkStackSize                            = 4194304                                   {product} {ergonomic}
   size_t MaxHeapSize                              = 1570766848                                {product} {ergonomic}
   size_t MaxNewSize                               = 941621248                                 {product} {ergonomic}
   size_t MinHeapDeltaBytes                        = 1048576                                   {product} {ergonomic}
    uintx NonNMethodCodeHeapSize                   = 5836300                                {pd product} {ergonomic}
    uintx NonProfiledCodeHeapSize                  = 122910970                              {pd product} {ergonomic}
    uintx ProfiledCodeHeapSize                     = 122910970                              {pd product} {ergonomic}
    uintx ReservedCodeCacheSize                    = 251658240                              {pd product} {ergonomic}
     bool SegmentedCodeCache                       = true                                      {product} {ergonomic}
     bool UseCompressedClassPointers               = true                                 {lp64_product} {ergonomic}
     bool UseCompressedOops                        = true                                 {lp64_product} {ergonomic}
     bool UseG1GC                                  = true                                      {product} {ergonomic}
     bool UseLargePagesIndividualAllocation        = false                                  {pd product} {ergonomic}

Logging:
Log output configuration:
 #0: stdout all=warning uptime,level,tags
 #1: stderr all=off uptime,level,tags

Environment Variables:
PATH=C:\Program Files\Java\jdk-11\bin;C:\Program Files\Java\jdk1.8.0_202\bin;C:\WINDOWS\system32;C:\WINDOWS;C:\WINDOWS\System32\Wbem;C:\WINDOWS\System32\WindowsPowerShell\v1.0\;C:\WINDOWS\System32\OpenSSH\;C:\Program Files\dotnet\;C:\Program Files\nodejs\;C:\Program Files\Git\cmd;C:\Program Files\Java\jdk1.8.0_202\bin;C:\Program Files\Java\jdk-11\bin;C:\Users\willo\AppData\Local\Microsoft\WindowsApps;C:\Users\willo\AppData\Local\Programs\Microsoft VS Code\bin;C:\Program Files\MySQL\MySQL Server 8.0\bin;D:\Apps\MiKTeX\miktex\bin\x64\;C:\Users\willo\AppData\Roaming\npm
USERNAME=willo
OS=Windows_NT
PROCESSOR_IDENTIFIER=AMD64 Family 23 Model 104 Stepping 1, AuthenticAMD



---------------  S Y S T E M  ---------------

OS: Windows 11 , 64 bit Build 22621 (10.0.22621.3672)
Hyper-V role detected

CPU:total 12 (initial active 12) (12 cores per cpu, 2 threads per core) family 23 model 104 stepping 1 microcode 0x0, cmov, cx8, fxsr, mmx, sse, sse2, sse3, ssse3, sse4.1, sse4.2, popcnt, avx, avx2, aes, clmul, mmxext, 3dnowpref, lzcnt, sse4a, ht, tsc, tscinvbit, tscinv, bmi1, bmi2, adx,

Memory: 4k page, system-wide physical 5989M (330M free)
TotalPageFile size 17154M (AvailPageFile size 3M)
current process WorkingSet (physical memory assigned to process): 342M, peak: 353M
current process commit charge ("private bytes"): 428M, peak: 429M

vm_info: Java HotSpot(TM) 64-Bit Server VM (11.0.20+9-LTS-256) for windows-amd64 JRE (11.0.20+9-LTS-256), built on Jun 14 2023 10:34:22 by "mach5one" with MS VC++ 17.1 (VS2022)

END.
