#
# There is insufficient memory for the Java Runtime Environment to continue.
# Native memory allocation (mmap) failed to map 98566144 bytes for Failed to commit area from 0x00000000a2600000 to 0x00000000a8400000 of length 98566144.
# Possible reasons:
#   The system is out of physical RAM or swap space
#   The process is running with CompressedOops enabled, and the Java Heap may be blocking the growth of the native heap
# Possible solutions:
#   Reduce memory load on the system
#   Increase physical memory or swap space
#   Check if swap backing store is full
#   Decrease Java heap size (-Xmx/-Xms)
#   Decrease number of Java threads
#   Decrease Java thread stack sizes (-Xss)
#   Set larger code cache with -XX:ReservedCodeCacheSize=
# This output file may be truncated or incomplete.
#
#  Out of Memory Error (./open/src/hotspot/os/windows/os_windows.cpp:3293), pid=19524, tid=2628
#
# JRE version:  (11.0.20+9) (build )
# Java VM: Java HotSpot(TM) 64-Bit Server VM (11.0.20+9-LTS-256, mixed mode, sharing, tiered, compressed oops, g1 gc, windows-amd64)
# No core dump will be written. Minidumps are not enabled by default on client versions of Windows
#

---------------  S U M M A R Y ------------

Command Line: --module-path=C:\Users\willo\.m2\repository\org\openjfx\javafx-base\19.0.2.1\javafx-base-19.0.2.1-win.jar;C:\Users\willo\.m2\repository\org\openjfx\javafx-base\19.0.2.1\javafx-base-19.0.2.1.jar;C:\Users\willo\.m2\repository\org\openjfx\javafx-controls\19.0.2.1\javafx-controls-19.0.2.1-win.jar;C:\Users\willo\.m2\repository\org\openjfx\javafx-controls\19.0.2.1\javafx-controls-19.0.2.1.jar;C:\Users\willo\.m2\repository\org\openjfx\javafx-fxml\19.0.2.1\javafx-fxml-19.0.2.1-win.jar;C:\Users\willo\.m2\repository\org\openjfx\javafx-fxml\19.0.2.1\javafx-fxml-19.0.2.1.jar;C:\Users\willo\.m2\repository\org\openjfx\javafx-graphics\19.0.2.1\javafx-graphics-19.0.2.1-win.jar;C:\Users\willo\.m2\repository\org\openjfx\javafx-graphics\19.0.2.1\javafx-graphics-19.0.2.1.jar --add-modules=javafx.base,javafx.controls,javafx.fxml,javafx.graphics Main

Host: AMD Ryzen 5 5500U with Radeon Graphics         , 12 cores, 5G,  Windows 11 , 64 bit Build 22621 (10.0.22621.3672)
Time: Sun Jun 23 22:53:39 2024 Sri Lanka Standard Time elapsed time: 0.013852 seconds (0d 0h 0m 0s)

---------------  T H R E A D  ---------------

Current thread (0x000001c455355800):  JavaThread "Unknown thread" [_thread_in_vm, id=2628, stack(0x0000008fca900000,0x0000008fcaa00000)]

Stack: [0x0000008fca900000,0x0000008fcaa00000]
Native frames: (J=compiled Java code, j=interpreted, Vv=VM code, C=native code)
V  [jvm.dll+0x6602ba]
V  [jvm.dll+0x7a32af]
V  [jvm.dll+0x7a4979]
V  [jvm.dll+0x7a5013]
V  [jvm.dll+0x258ef5]
V  [jvm.dll+0x65d619]
V  [jvm.dll+0x652375]
V  [jvm.dll+0x31359d]
V  [jvm.dll+0x313402]
V  [jvm.dll+0x318036]
V  [jvm.dll+0x360130]
V  [jvm.dll+0x35fba2]
V  [jvm.dll+0x2eec28]
V  [jvm.dll+0x2efd35]
V  [jvm.dll+0x77c327]
V  [jvm.dll+0x77dc0f]
V  [jvm.dll+0x36d3d9]
V  [jvm.dll+0x760d0f]
V  [jvm.dll+0x3df467]
V  [jvm.dll+0x3e1511]
C  [jli.dll+0x52e7]
C  [ucrtbase.dll+0x29333]
C  [KERNEL32.DLL+0x1257d]
C  [ntdll.dll+0x5af28]


---------------  P R O C E S S  ---------------

Threads class SMR info:
_java_thread_list=0x000001c453127570, length=0, elements={
}

Java Threads: ( => current thread )

Other Threads:
  0x000001c45536a800 GCTaskThread "GC Thread#0" [stack: 0x0000008fcaa00000,0x0000008fcab00000] [id=15892]
  0x000001c455391000 ConcurrentGCThread "G1 Main Marker" [stack: 0x0000008fcab00000,0x0000008fcac00000] [id=31960]
  0x000001c455394000 ConcurrentGCThread "G1 Conc#0" [stack: 0x0000008fcac00000,0x0000008fcad00000] [id=18628]

[error occurred during error reporting (printing all threads), id 0xc0000005, EXCEPTION_ACCESS_VIOLATION (0xc0000005) at pc=0x00007ffad17df6e7]

VM state:not at safepoint (not fully initialized)

VM Mutex/Monitor currently owned by a thread:  ([mutex/lock_event])
[0x000001c455351c50] Heap_lock - owner thread: 0x000001c455355800

Heap address: 0x00000000a2600000, size: 1498 MB, Compressed Oops mode: Non-zero based: 0x00000000a2600000
Narrow klass base: 0x0000000000000000, Narrow klass shift: 0

GC Heap History (0 events):
No events

Deoptimization events (0 events):
No events

Classes redefined (0 events):
No events

Internal exceptions (0 events):
No events

Events (0 events):
No events


Dynamic libraries:
0x00007ff749e00000 - 0x00007ff749e10000 	C:\Program Files\Java\jdk-11\bin\java.exe
0x00007ffb14dd0000 - 0x00007ffb14fe7000 	C:\WINDOWS\SYSTEM32\ntdll.dll
0x00007ffb135a0000 - 0x00007ffb13664000 	C:\WINDOWS\System32\KERNEL32.DLL
0x00007ffb12130000 - 0x00007ffb124dc000 	C:\WINDOWS\System32\KERNELBASE.dll
0x00007ffb12970000 - 0x00007ffb12a81000 	C:\WINDOWS\System32\ucrtbase.dll
0x00007ffb06190000 - 0x00007ffb061a9000 	C:\Program Files\Java\jdk-11\bin\jli.dll
0x00007ffb06170000 - 0x00007ffb0618b000 	C:\Program Files\Java\jdk-11\bin\VCRUNTIME140.dll
0x00007ffb133a0000 - 0x00007ffb13452000 	C:\WINDOWS\System32\ADVAPI32.dll
0x00007ffb13470000 - 0x00007ffb13517000 	C:\WINDOWS\System32\msvcrt.dll
0x00007ffb13950000 - 0x00007ffb139fa000 	C:\WINDOWS\System32\sechost.dll
0x00007ffb12100000 - 0x00007ffb12128000 	C:\WINDOWS\System32\bcrypt.dll
0x00007ffb13670000 - 0x00007ffb13785000 	C:\WINDOWS\System32\RPCRT4.dll
0x00007ffb13a60000 - 0x00007ffb13c0e000 	C:\WINDOWS\System32\USER32.dll
0x00007ffb125a0000 - 0x00007ffb125c6000 	C:\WINDOWS\System32\win32u.dll
0x00007ffb00530000 - 0x00007ffb007c3000 	C:\WINDOWS\WinSxS\amd64_microsoft.windows.common-controls_6595b64144ccf1df_6.0.22621.3672_none_2713b9d173822955\COMCTL32.dll
0x00007ffb13190000 - 0x00007ffb131b9000 	C:\WINDOWS\System32\GDI32.dll
0x00007ffb127e0000 - 0x00007ffb128f9000 	C:\WINDOWS\System32\gdi32full.dll
0x00007ffb125d0000 - 0x00007ffb1266a000 	C:\WINDOWS\System32\msvcp_win.dll
0x00007ffb098d0000 - 0x00007ffb098da000 	C:\WINDOWS\SYSTEM32\VERSION.dll
0x00007ffb13260000 - 0x00007ffb13291000 	C:\WINDOWS\System32\IMM32.DLL
0x00007ffb0d750000 - 0x00007ffb0d75c000 	C:\Program Files\Java\jdk-11\bin\vcruntime140_1.dll
0x00007ffae80e0000 - 0x00007ffae816e000 	C:\Program Files\Java\jdk-11\bin\msvcp140.dll
0x00007ffad14e0000 - 0x00007ffad204d000 	C:\Program Files\Java\jdk-11\bin\server\jvm.dll
0x00007ffb14b50000 - 0x00007ffb14b58000 	C:\WINDOWS\System32\PSAPI.DLL
0x00007ffb0d710000 - 0x00007ffb0d744000 	C:\WINDOWS\SYSTEM32\WINMM.dll
0x00007ffb01550000 - 0x00007ffb01559000 	C:\WINDOWS\SYSTEM32\WSOCK32.dll
0x00007ffb13520000 - 0x00007ffb13591000 	C:\WINDOWS\System32\WS2_32.dll
0x00007ffb11100000 - 0x00007ffb11118000 	C:\WINDOWS\SYSTEM32\kernel.appcore.dll
0x00007ffb0bdb0000 - 0x00007ffb0bdc0000 	C:\Program Files\Java\jdk-11\bin\verify.dll
0x00007ffb0f8d0000 - 0x00007ffb0fb02000 	C:\WINDOWS\SYSTEM32\DBGHELP.DLL
0x00007ffb12b10000 - 0x00007ffb12e98000 	C:\WINDOWS\System32\combase.dll
0x00007ffb14b60000 - 0x00007ffb14c37000 	C:\WINDOWS\System32\OLEAUT32.dll
0x00007ffb007d0000 - 0x00007ffb00802000 	C:\WINDOWS\SYSTEM32\dbgcore.DLL
0x00007ffb12a90000 - 0x00007ffb12b0b000 	C:\WINDOWS\System32\bcryptPrimitives.dll
0x00007ffb06140000 - 0x00007ffb06168000 	C:\Program Files\Java\jdk-11\bin\java.dll
0x00007ffb0afb0000 - 0x00007ffb0afba000 	C:\Program Files\Java\jdk-11\bin\jimage.dll
0x00007ffb06120000 - 0x00007ffb06137000 	C:\Program Files\Java\jdk-11\bin\zip.dll

dbghelp: loaded successfully - version: 4.0.5 - missing functions: none
symbol engine: initialized successfully - sym options: 0x614 - pdb path: .;C:\Program Files\Java\jdk-11\bin;C:\WINDOWS\SYSTEM32;C:\WINDOWS\WinSxS\amd64_microsoft.windows.common-controls_6595b64144ccf1df_6.0.22621.3672_none_2713b9d173822955;C:\Program Files\Java\jdk-11\bin\server

VM Arguments:
jvm_args: --module-path=C:\Users\willo\.m2\repository\org\openjfx\javafx-base\19.0.2.1\javafx-base-19.0.2.1-win.jar;C:\Users\willo\.m2\repository\org\openjfx\javafx-base\19.0.2.1\javafx-base-19.0.2.1.jar;C:\Users\willo\.m2\repository\org\openjfx\javafx-controls\19.0.2.1\javafx-controls-19.0.2.1-win.jar;C:\Users\willo\.m2\repository\org\openjfx\javafx-controls\19.0.2.1\javafx-controls-19.0.2.1.jar;C:\Users\willo\.m2\repository\org\openjfx\javafx-fxml\19.0.2.1\javafx-fxml-19.0.2.1-win.jar;C:\Users\willo\.m2\repository\org\openjfx\javafx-fxml\19.0.2.1\javafx-fxml-19.0.2.1.jar;C:\Users\willo\.m2\repository\org\openjfx\javafx-graphics\19.0.2.1\javafx-graphics-19.0.2.1-win.jar;C:\Users\willo\.m2\repository\org\openjfx\javafx-graphics\19.0.2.1\javafx-graphics-19.0.2.1.jar --add-modules=javafx.base,javafx.controls,javafx.fxml,javafx.graphics 
java_command: Main
java_class_path (initial): D:\Edu\iCD\Standalone App Development\Final_Coursework\clothify_store_pos\target\classes;C:\Users\willo\.m2\repository\com\fasterxml\classmate\1.5.1\classmate-1.5.1.jar;C:\Users\willo\.m2\repository\com\fasterxml\jackson\core\jackson-annotations\2.15.3\jackson-annotations-2.15.3.jar;C:\Users\willo\.m2\repository\com\fasterxml\jackson\core\jackson-core\2.15.3\jackson-core-2.15.3.jar;C:\Users\willo\.m2\repository\com\fasterxml\jackson\core\jackson-databind\2.15.3\jackson-databind-2.15.3.jar;C:\Users\willo\.m2\repository\com\fasterxml\jackson\dataformat\jackson-dataformat-xml\2.15.3\jackson-dataformat-xml-2.15.3.jar;C:\Users\willo\.m2\repository\com\fasterxml\woodstox\woodstox-core\6.5.1\woodstox-core-6.5.1.jar;C:\Users\willo\.m2\repository\com\github\librepdf\openpdf\1.3.30.jaspersoft.3\openpdf-1.3.30.jaspersoft.3.jar;C:\Users\willo\.m2\repository\com\google\protobuf\protobuf-java\3.25.1\protobuf-java-3.25.1.jar;C:\Users\willo\.m2\repository\com\jfoenix\jfoenix\9.0.1\jfoenix-9.0.1.jar;C:\Users\willo\.m2\repository\com\mysql\mysql-connector-j\8.4.0\mysql-connector-j-8.4.0.jar;C:\Users\willo\.m2\repository\com\sun\istack\istack-commons-runtime\4.1.1\istack-commons-runtime-4.1.1.jar;C:\Users\willo\.m2\repository\commons-beanutils\commons-beanutils\1.9.4\commons-beanutils-1.9.4.jar;C:\Users\willo\.m2\repository\commons-collections\commons-collections\3.2.2\commons-collections-3.2.2.jar;C:\Users\willo\.m2\repository\commons-digester\commons-digester\2.1\commons-digester-2.1.jar;C:\Users\willo\.m2\repository\commons-logging\commons-logging\1.3.2\commons-logging-1.3.2.jar;C:\Users\willo\.m2\repository\commons-validator\commons-validator\1.9.0\commons-validator-1.9.0.jar;C:\Users\willo\.m2\repository\io\smallrye\jandex\3.1.2\jandex-3.1.2.jar;C:\Users\willo\.m2\repository\jakarta\activation\jakarta.activation-api\2.1.0\jakarta.activation-api-2.1.0.jar;C:\Users\willo\.m2\repository\jakarta\inject\jakarta.inject-api\2.0.1\jakarta.inject-api-2.0.1.jar
Launcher Type: SUN_STANDARD

[Global flags]
     intx CICompilerCount                          = 4                                         {product} {ergonomic}
     uint ConcGCThreads                            = 3                                         {product} {ergonomic}
     uint G1ConcRefinementThreads                  = 10                                        {product} {ergonomic}
   size_t G1HeapRegionSize                         = 1048576                                   {product} {ergonomic}
    uintx GCDrainStackTargetSize                   = 64                                        {product} {ergonomic}
   size_t InitialHeapSize                          = 98566144                                  {product} {ergonomic}
   size_t MarkStackSize                            = 4194304                                   {product} {ergonomic}
   size_t MaxHeapSize                              = 1570766848                                {product} {ergonomic}
   size_t MinHeapDeltaBytes                        = 1048576                                   {product} {ergonomic}
    uintx NonNMethodCodeHeapSize                   = 5836300                                {pd product} {ergonomic}
    uintx NonProfiledCodeHeapSize                  = 122910970                              {pd product} {ergonomic}
    uintx ProfiledCodeHeapSize                     = 122910970                              {pd product} {ergonomic}
    uintx ReservedCodeCacheSize                    = 251658240                              {pd product} {ergonomic}
     bool SegmentedCodeCache                       = true                                      {product} {ergonomic}
     bool UseCompressedClassPointers               = true                                 {lp64_product} {ergonomic}
     bool UseCompressedOops                        = true                                 {lp64_product} {ergonomic}
     bool UseG1GC                                  = true                                      {product} {ergonomic}
     bool UseLargePagesIndividualAllocation        = false                                  {pd product} {ergonomic}

Logging:
Log output configuration:
 #0: stdout all=warning uptime,level,tags
 #1: stderr all=off uptime,level,tags

Environment Variables:
PATH=C:\Program Files\Java\jdk-11\bin;C:\Program Files\Java\jdk1.8.0_202\bin;C:\WINDOWS\system32;C:\WINDOWS;C:\WINDOWS\System32\Wbem;C:\WINDOWS\System32\WindowsPowerShell\v1.0\;C:\WINDOWS\System32\OpenSSH\;C:\Program Files\dotnet\;C:\Program Files\nodejs\;C:\Program Files\Git\cmd;C:\Program Files\Java\jdk1.8.0_202\bin;C:\Program Files\Java\jdk-11\bin;C:\Users\willo\AppData\Local\Microsoft\WindowsApps;C:\Users\willo\AppData\Local\Programs\Microsoft VS Code\bin;C:\Program Files\MySQL\MySQL Server 8.0\bin;D:\Apps\MiKTeX\miktex\bin\x64\;C:\Users\willo\AppData\Roaming\npm
USERNAME=willo
OS=Windows_NT
PROCESSOR_IDENTIFIER=AMD64 Family 23 Model 104 Stepping 1, AuthenticAMD



---------------  S Y S T E M  ---------------

OS: Windows 11 , 64 bit Build 22621 (10.0.22621.3672)
Hyper-V role detected

CPU:total 12 (initial active 12) (12 cores per cpu, 2 threads per core) family 23 model 104 stepping 1 microcode 0x0, cmov, cx8, fxsr, mmx, sse, sse2, sse3, ssse3, sse4.1, sse4.2, popcnt, avx, avx2, aes, clmul, mmxext, 3dnowpref, lzcnt, sse4a, ht, tsc, tscinvbit, tscinv, bmi1, bmi2, adx,

Memory: 4k page, system-wide physical 5989M (299M free)
TotalPageFile size 17154M (AvailPageFile size 77M)
current process WorkingSet (physical memory assigned to process): 11M, peak: 11M
current process commit charge ("private bytes"): 64M, peak: 158M

vm_info: Java HotSpot(TM) 64-Bit Server VM (11.0.20+9-LTS-256) for windows-amd64 JRE (11.0.20+9-LTS-256), built on Jun 14 2023 10:34:22 by "mach5one" with MS VC++ 17.1 (VS2022)

END.
